<?xml version="1.0" encoding="UTF-8"?>
<testsuite name="com.note.hyowon.blog.service.PostServiceTests" tests="1" skipped="0" failures="0" errors="0" timestamp="2022-11-30T14:04:09" hostname="DESKTOP-OPNV5VT" time="0.512">
  <properties/>
  <testcase name="testSelectOne()" classname="com.note.hyowon.blog.service.PostServiceTests" time="0.512"/>
  <system-out><![CDATA[
  .   ____          _            __ _ _
 /\\ / ___'_ __ _ _(_)_ __  __ _ \ \ \ \
( ( )\___ | '_ | '_| | '_ \/ _` | \ \ \ \
 \\/  ___)| |_)| | | | | || (_| |  ) ) ) )
  '  |____| .__|_| |_|_| |_\__, | / / / /
 =========|_|==============|___/=/_/_/_/
 :: Spring Boot ::                (v2.7.5)

[2022-11-30 23:04:00] DEBUG org.jboss.logging(LoggerProviders.java:152) - Logging Provider: org.jboss.logging.Log4j2LoggerProvider
[2022-11-30 23:04:00] INFO org.hibernate.validator.internal.util.Version(Version.java:21) - HV000001: Hibernate Validator 6.2.5.Final
[2022-11-30 23:04:00] DEBUG org.hibernate.validator.internal.xml.config.ValidationXmlParser(ValidationXmlParser.java:120) - Trying to load META-INF/validation.xml for XML based Validator configuration.
[2022-11-30 23:04:00] DEBUG org.hibernate.validator.internal.xml.config.ResourceLoaderHelper(ResourceLoaderHelper.java:60) - Trying to load META-INF/validation.xml via TCCL
[2022-11-30 23:04:00] DEBUG org.hibernate.validator.internal.xml.config.ResourceLoaderHelper(ResourceLoaderHelper.java:66) - Trying to load META-INF/validation.xml via Hibernate Validator's class loader
[2022-11-30 23:04:00] DEBUG org.hibernate.validator.internal.xml.config.ValidationXmlParser(ValidationXmlParser.java:127) - No META-INF/validation.xml found. Using annotation based configuration only.
[2022-11-30 23:04:00] INFO com.note.hyowon.blog.service.PostServiceTests(StartupInfoLogger.java:55) - Starting PostServiceTests using Java 11.0.2 on DESKTOP-OPNV5VT with PID 17144 (started by skgyd in C:\z_workspace\hyowon_note)
[2022-11-30 23:04:00] DEBUG com.note.hyowon.blog.service.PostServiceTests(StartupInfoLogger.java:56) - Running with Spring Boot v2.7.5, Spring v5.3.23
[2022-11-30 23:04:00] INFO com.note.hyowon.blog.service.PostServiceTests(SpringApplication.java:634) - No active profile set, falling back to 1 default profile: "default"
[2022-11-30 23:04:00] DEBUG org.springframework.boot.SpringApplication(SpringApplication.java:667) - Loading source class com.note.hyowon.blog.BlogApplication
[2022-11-30 23:04:00] DEBUG org.hibernate.validator.internal.engine.resolver.TraversableResolvers(TraversableResolvers.java:93) - Found javax.persistence.Persistence on classpath containing 'getPersistenceUtil'. Assuming JPA 2 environment. Trying to instantiate JPA aware TraversableResolver
[2022-11-30 23:04:00] DEBUG org.hibernate.validator.internal.engine.resolver.TraversableResolvers(TraversableResolvers.java:103) - Instantiated JPA aware TraversableResolver of type org.hibernate.validator.internal.engine.resolver.JPATraversableResolver.
[2022-11-30 23:04:00] DEBUG org.hibernate.validator.messageinterpolation.ResourceBundleMessageInterpolator(ResourceBundleMessageInterpolator.java:172) - Loaded expression factory via original TCCL
[2022-11-30 23:04:00] DEBUG org.hibernate.validator.internal.engine.ValidatorFactoryConfigurationHelper(ValidatorFactoryConfigurationHelper.java:345) - HV000252: Using org.hibernate.validator.internal.engine.DefaultPropertyNodeNameProvider as property node name provider.
[2022-11-30 23:04:00] DEBUG org.hibernate.validator.internal.engine.ValidatorFactoryConfigurationHelper(ValidatorFactoryConfigurationHelper.java:420) - HV000234: Using org.hibernate.validator.messageinterpolation.ResourceBundleMessageInterpolator as ValidatorFactory-scoped message interpolator.
[2022-11-30 23:04:00] DEBUG org.hibernate.validator.internal.engine.ValidatorFactoryConfigurationHelper(ValidatorFactoryConfigurationHelper.java:421) - HV000234: Using org.hibernate.validator.internal.engine.resolver.JPATraversableResolver as ValidatorFactory-scoped traversable resolver.
[2022-11-30 23:04:00] DEBUG org.hibernate.validator.internal.engine.ValidatorFactoryConfigurationHelper(ValidatorFactoryConfigurationHelper.java:422) - HV000234: Using org.hibernate.validator.internal.util.ExecutableParameterNameProvider as ValidatorFactory-scoped parameter name provider.
[2022-11-30 23:04:00] DEBUG org.hibernate.validator.internal.engine.ValidatorFactoryConfigurationHelper(ValidatorFactoryConfigurationHelper.java:423) - HV000234: Using org.hibernate.validator.internal.engine.DefaultClockProvider as ValidatorFactory-scoped clock provider.
[2022-11-30 23:04:00] DEBUG org.hibernate.validator.internal.engine.ValidatorFactoryConfigurationHelper(ValidatorFactoryConfigurationHelper.java:424) - HV000234: Using org.hibernate.validator.internal.engine.scripting.DefaultScriptEvaluatorFactory as ValidatorFactory-scoped script evaluator factory.
[2022-11-30 23:04:01] DEBUG org.springframework.web.context.support.GenericWebApplicationContext(AbstractApplicationContext.java:629) - Refreshing org.springframework.web.context.support.GenericWebApplicationContext@4edef76c
[2022-11-30 23:04:01] DEBUG org.springframework.beans.factory.support.DefaultListableBeanFactory(DefaultSingletonBeanRegistry.java:225) - Creating shared instance of singleton bean 'org.springframework.context.annotation.internalConfigurationAnnotationProcessor'
[2022-11-30 23:04:01] DEBUG org.springframework.beans.factory.support.DefaultListableBeanFactory(DefaultSingletonBeanRegistry.java:225) - Creating shared instance of singleton bean 'org.springframework.boot.autoconfigure.internalCachingMetadataReaderFactory'
[2022-11-30 23:04:01] DEBUG org.springframework.context.annotation.ClassPathBeanDefinitionScanner(ClassPathScanningCandidateComponentProvider.java:435) - Identified candidate component class: file [C:\z_workspace\hyowon_note\build\classes\java\main\com\note\hyowon\blog\controller\IndexController.class]
[2022-11-30 23:04:01] DEBUG org.springframework.context.annotation.ClassPathBeanDefinitionScanner(ClassPathScanningCandidateComponentProvider.java:435) - Identified candidate component class: file [C:\z_workspace\hyowon_note\build\classes\java\main\com\note\hyowon\blog\controller\PostController.class]
[2022-11-30 23:04:01] DEBUG org.springframework.context.annotation.ClassPathBeanDefinitionScanner(ClassPathScanningCandidateComponentProvider.java:435) - Identified candidate component class: file [C:\z_workspace\hyowon_note\build\classes\java\main\com\note\hyowon\blog\service\PostServiceImpl.class]
[2022-11-30 23:04:01] INFO org.springframework.data.repository.config.RepositoryConfigurationDelegate(RepositoryConfigurationDelegate.java:132) - Bootstrapping Spring Data JPA repositories in DEFAULT mode.
[2022-11-30 23:04:01] DEBUG org.springframework.beans.factory.support.DefaultListableBeanFactory(DefaultSingletonBeanRegistry.java:225) - Creating shared instance of singleton bean 'org.springframework.boot.autoconfigure.AutoConfigurationPackages'
[2022-11-30 23:04:01] DEBUG org.springframework.boot.autoconfigure.AutoConfigurationPackages(AutoConfigurationPackages.java:196) - @EnableAutoConfiguration was declared on a class in the package 'com.note.hyowon.blog'. Automatic @Repository and @Entity scanning is enabled.
[2022-11-30 23:04:01] DEBUG org.springframework.data.repository.config.RepositoryConfigurationDelegate(RepositoryConfigurationDelegate.java:145) - Scanning for JPA repositories in packages com.note.hyowon.blog.
[2022-11-30 23:04:02] DEBUG org.springframework.data.repository.config.RepositoryComponentProvider(ClassPathScanningCandidateComponentProvider.java:435) - Identified candidate component class: file [C:\z_workspace\hyowon_note\build\classes\java\main\com\note\hyowon\blog\repository\PostRepository.class]
[2022-11-30 23:04:02] DEBUG org.springframework.context.annotation.ClassPathScanningCandidateComponentProvider(ClassPathScanningCandidateComponentProvider.java:435) - Identified candidate component class: file [C:\z_workspace\hyowon_note\build\classes\java\main\com\note\hyowon\blog\dto\CommonDTO$CommonDTOBuilderImpl.class]
[2022-11-30 23:04:02] DEBUG org.springframework.context.annotation.ClassPathScanningCandidateComponentProvider(ClassPathScanningCandidateComponentProvider.java:435) - Identified candidate component class: file [C:\z_workspace\hyowon_note\build\classes\java\main\com\note\hyowon\blog\dto\PostDTO$PostDTOBuilderImpl.class]
[2022-11-30 23:04:02] DEBUG org.springframework.context.annotation.ClassPathScanningCandidateComponentProvider(ClassPathScanningCandidateComponentProvider.java:435) - Identified candidate component class: file [C:\z_workspace\hyowon_note\build\classes\java\main\com\note\hyowon\blog\service\PostServiceImpl.class]
[2022-11-30 23:04:02] INFO org.springframework.data.repository.config.RepositoryConfigurationDelegate(RepositoryConfigurationDelegate.java:201) - Finished Spring Data repository scanning in 61 ms. Found 1 JPA repository interfaces.
[2022-11-30 23:04:02] DEBUG org.springframework.beans.factory.support.DefaultListableBeanFactory(DefaultSingletonBeanRegistry.java:225) - Creating shared instance of singleton bean 'propertySourcesPlaceholderConfigurer'
[2022-11-30 23:04:02] DEBUG org.springframework.beans.factory.support.DefaultListableBeanFactory(DefaultSingletonBeanRegistry.java:225) - Creating shared instance of singleton bean 'org.springframework.boot.test.mock.mockito.MockitoPostProcessor'
[2022-11-30 23:04:02] DEBUG org.springframework.beans.factory.support.DefaultListableBeanFactory(DefaultSingletonBeanRegistry.java:225) - Creating shared instance of singleton bean 'emBeanDefinitionRegistrarPostProcessor'
[2022-11-30 23:04:02] DEBUG org.springframework.beans.factory.support.DefaultListableBeanFactory(DefaultSingletonBeanRegistry.java:225) - Creating shared instance of singleton bean 'org.springframework.boot.sql.init.dependency.DatabaseInitializationDependencyConfigurer$DependsOnDatabaseInitializationPostProcessor'
[2022-11-30 23:04:02] DEBUG org.springframework.beans.factory.support.DefaultListableBeanFactory(DefaultSingletonBeanRegistry.java:225) - Creating shared instance of singleton bean 'org.springframework.context.event.internalEventListenerProcessor'
[2022-11-30 23:04:02] DEBUG org.springframework.beans.factory.support.DefaultListableBeanFactory(DefaultSingletonBeanRegistry.java:225) - Creating shared instance of singleton bean 'org.springframework.data.jpa.domain.support.AuditingBeanFactoryPostProcessor'
[2022-11-30 23:04:02] DEBUG org.springframework.beans.factory.support.DefaultListableBeanFactory(DefaultSingletonBeanRegistry.java:225) - Creating shared instance of singleton bean 'preserveErrorControllerTargetClassPostProcessor'
[2022-11-30 23:04:02] DEBUG org.springframework.beans.factory.support.DefaultListableBeanFactory(DefaultSingletonBeanRegistry.java:225) - Creating shared instance of singleton bean 'org.springframework.context.event.internalEventListenerFactory'
[2022-11-30 23:04:02] DEBUG org.springframework.beans.factory.support.DefaultListableBeanFactory(DefaultSingletonBeanRegistry.java:225) - Creating shared instance of singleton bean 'org.springframework.transaction.config.internalTransactionalEventListenerFactory'
[2022-11-30 23:04:02] DEBUG org.springframework.beans.factory.support.DefaultListableBeanFactory(DefaultSingletonBeanRegistry.java:225) - Creating shared instance of singleton bean 'org.springframework.boot.test.mock.mockito.MockitoPostProcessor$SpyPostProcessor'
[2022-11-30 23:04:02] DEBUG org.springframework.beans.factory.support.DefaultListableBeanFactory(DefaultSingletonBeanRegistry.java:225) - Creating shared instance of singleton bean 'org.springframework.context.annotation.internalAutowiredAnnotationProcessor'
[2022-11-30 23:04:02] DEBUG org.springframework.beans.factory.support.DefaultListableBeanFactory(DefaultSingletonBeanRegistry.java:225) - Creating shared instance of singleton bean 'org.springframework.context.annotation.internalCommonAnnotationProcessor'
[2022-11-30 23:04:02] DEBUG org.springframework.beans.factory.support.DefaultListableBeanFactory(DefaultSingletonBeanRegistry.java:225) - Creating shared instance of singleton bean 'org.springframework.context.annotation.internalPersistenceAnnotationProcessor'
[2022-11-30 23:04:02] DEBUG org.springframework.beans.factory.support.DefaultListableBeanFactory(DefaultSingletonBeanRegistry.java:225) - Creating shared instance of singleton bean 'org.springframework.boot.context.properties.ConfigurationPropertiesBindingPostProcessor'
[2022-11-30 23:04:02] DEBUG org.springframework.beans.factory.support.DefaultListableBeanFactory(DefaultSingletonBeanRegistry.java:225) - Creating shared instance of singleton bean 'org.springframework.boot.context.internalConfigurationPropertiesBinder'
[2022-11-30 23:04:02] DEBUG org.springframework.beans.factory.support.DefaultListableBeanFactory(DefaultSingletonBeanRegistry.java:225) - Creating shared instance of singleton bean 'org.springframework.boot.context.internalConfigurationPropertiesBinderFactory'
[2022-11-30 23:04:02] DEBUG org.springframework.beans.factory.support.DefaultListableBeanFactory(DefaultSingletonBeanRegistry.java:225) - Creating shared instance of singleton bean 'methodValidationPostProcessor'
[2022-11-30 23:04:02] DEBUG org.springframework.beans.factory.support.DefaultListableBeanFactory(ConstructorResolver.java:808) - Autowiring by type from bean name 'methodValidationPostProcessor' via factory method to bean named 'environment'
[2022-11-30 23:04:02] DEBUG org.springframework.beans.factory.support.DefaultListableBeanFactory(DefaultSingletonBeanRegistry.java:225) - Creating shared instance of singleton bean 'org.springframework.boot.context.properties.EnableConfigurationPropertiesRegistrar.methodValidationExcludeFilter'
[2022-11-30 23:04:02] DEBUG org.springframework.beans.factory.support.DefaultListableBeanFactory(DefaultSingletonBeanRegistry.java:225) - Creating shared instance of singleton bean 'org.springframework.aop.config.internalAutoProxyCreator'
[2022-11-30 23:04:02] DEBUG org.springframework.beans.factory.support.DefaultListableBeanFactory(DefaultSingletonBeanRegistry.java:225) - Creating shared instance of singleton bean 'persistenceExceptionTranslationPostProcessor'
[2022-11-30 23:04:02] DEBUG org.springframework.beans.factory.support.DefaultListableBeanFactory(ConstructorResolver.java:808) - Autowiring by type from bean name 'persistenceExceptionTranslationPostProcessor' via factory method to bean named 'environment'
[2022-11-30 23:04:02] DEBUG org.springframework.beans.factory.support.DefaultListableBeanFactory(DefaultSingletonBeanRegistry.java:225) - Creating shared instance of singleton bean 'webServerFactoryCustomizerBeanPostProcessor'
[2022-11-30 23:04:02] DEBUG org.springframework.beans.factory.support.DefaultListableBeanFactory(DefaultSingletonBeanRegistry.java:225) - Creating shared instance of singleton bean 'errorPageRegistrarBeanPostProcessor'
[2022-11-30 23:04:02] DEBUG org.springframework.beans.factory.support.DefaultListableBeanFactory(DefaultSingletonBeanRegistry.java:225) - Creating shared instance of singleton bean 'projectingArgumentResolverBeanPostProcessor'
[2022-11-30 23:04:02] DEBUG org.springframework.beans.factory.support.DefaultListableBeanFactory(DefaultSingletonBeanRegistry.java:225) - Creating shared instance of singleton bean 'org.springframework.transaction.config.internalTransactionAdvisor'
[2022-11-30 23:04:02] DEBUG org.springframework.beans.factory.support.DefaultListableBeanFactory(DefaultSingletonBeanRegistry.java:225) - Creating shared instance of singleton bean 'org.springframework.transaction.annotation.ProxyTransactionManagementConfiguration'
[2022-11-30 23:04:02] DEBUG org.springframework.beans.factory.support.DefaultListableBeanFactory(DefaultSingletonBeanRegistry.java:225) - Creating shared instance of singleton bean 'transactionAttributeSource'
[2022-11-30 23:04:02] DEBUG org.springframework.beans.factory.support.DefaultListableBeanFactory(DefaultSingletonBeanRegistry.java:225) - Creating shared instance of singleton bean 'transactionInterceptor'
[2022-11-30 23:04:02] DEBUG org.springframework.beans.factory.support.DefaultListableBeanFactory(ConstructorResolver.java:808) - Autowiring by type from bean name 'transactionInterceptor' via factory method to bean named 'transactionAttributeSource'
[2022-11-30 23:04:02] DEBUG org.springframework.beans.factory.support.DefaultListableBeanFactory(ConstructorResolver.java:808) - Autowiring by type from bean name 'org.springframework.transaction.config.internalTransactionAdvisor' via factory method to bean named 'transactionAttributeSource'
[2022-11-30 23:04:02] DEBUG org.springframework.beans.factory.support.DefaultListableBeanFactory(ConstructorResolver.java:808) - Autowiring by type from bean name 'org.springframework.transaction.config.internalTransactionAdvisor' via factory method to bean named 'transactionInterceptor'
[2022-11-30 23:04:02] DEBUG org.springframework.ui.context.support.UiApplicationContextUtils(UiApplicationContextUtils.java:85) - Unable to locate ThemeSource with name 'themeSource': using default [org.springframework.ui.context.support.ResourceBundleThemeSource@65844c96]
[2022-11-30 23:04:02] DEBUG org.springframework.beans.factory.support.DefaultListableBeanFactory(DefaultSingletonBeanRegistry.java:225) - Creating shared instance of singleton bean 'dataSourceScriptDatabaseInitializer'
[2022-11-30 23:04:02] DEBUG org.springframework.beans.factory.support.DefaultListableBeanFactory(DefaultSingletonBeanRegistry.java:225) - Creating shared instance of singleton bean 'org.springframework.boot.autoconfigure.sql.init.DataSourceInitializationConfiguration'
[2022-11-30 23:04:02] DEBUG org.springframework.beans.factory.support.DefaultListableBeanFactory(DefaultSingletonBeanRegistry.java:225) - Creating shared instance of singleton bean 'dataSource'
[2022-11-30 23:04:02] DEBUG org.springframework.beans.factory.support.DefaultListableBeanFactory(DefaultSingletonBeanRegistry.java:225) - Creating shared instance of singleton bean 'org.springframework.boot.autoconfigure.jdbc.DataSourceConfiguration$Hikari'
[2022-11-30 23:04:02] DEBUG org.springframework.beans.factory.support.DefaultListableBeanFactory(DefaultSingletonBeanRegistry.java:225) - Creating shared instance of singleton bean 'spring.datasource-org.springframework.boot.autoconfigure.jdbc.DataSourceProperties'
[2022-11-30 23:04:02] DEBUG org.springframework.beans.factory.support.DefaultListableBeanFactory(DefaultSingletonBeanRegistry.java:225) - Creating shared instance of singleton bean 'org.springframework.boot.context.properties.BoundConfigurationProperties'
[2022-11-30 23:04:02] DEBUG org.springframework.beans.factory.support.DefaultListableBeanFactory(ConstructorResolver.java:808) - Autowiring by type from bean name 'dataSource' via factory method to bean named 'spring.datasource-org.springframework.boot.autoconfigure.jdbc.DataSourceProperties'
[2022-11-30 23:04:02] DEBUG com.zaxxer.hikari.HikariConfig(HikariConfig.java:971) - Driver class org.mariadb.jdbc.Driver found in Thread context class loader jdk.internal.loader.ClassLoaders$AppClassLoader@14514713
[2022-11-30 23:04:02] DEBUG org.springframework.beans.factory.support.DefaultListableBeanFactory(DefaultSingletonBeanRegistry.java:225) - Creating shared instance of singleton bean 'spring.sql.init-org.springframework.boot.autoconfigure.sql.init.SqlInitializationProperties'
[2022-11-30 23:04:02] DEBUG org.springframework.beans.factory.support.DefaultListableBeanFactory(ConstructorResolver.java:808) - Autowiring by type from bean name 'dataSourceScriptDatabaseInitializer' via factory method to bean named 'dataSource'
[2022-11-30 23:04:02] DEBUG org.springframework.beans.factory.support.DefaultListableBeanFactory(ConstructorResolver.java:808) - Autowiring by type from bean name 'dataSourceScriptDatabaseInitializer' via factory method to bean named 'spring.sql.init-org.springframework.boot.autoconfigure.sql.init.SqlInitializationProperties'
[2022-11-30 23:04:02] DEBUG org.springframework.beans.factory.support.DefaultListableBeanFactory(DefaultSingletonBeanRegistry.java:225) - Creating shared instance of singleton bean 'org.springframework.context.config.internalBeanConfigurerAspect'
[2022-11-30 23:04:02] DEBUG org.springframework.beans.factory.support.DefaultListableBeanFactory(DefaultSingletonBeanRegistry.java:225) - Creating shared instance of singleton bean 'entityManagerFactory'
[2022-11-30 23:04:02] DEBUG org.springframework.beans.factory.support.DefaultListableBeanFactory(DefaultSingletonBeanRegistry.java:225) - Creating shared instance of singleton bean 'org.springframework.boot.autoconfigure.orm.jpa.HibernateJpaConfiguration'
[2022-11-30 23:04:02] DEBUG org.springframework.beans.factory.support.DefaultListableBeanFactory(DefaultSingletonBeanRegistry.java:225) - Creating shared instance of singleton bean 'spring.jpa-org.springframework.boot.autoconfigure.orm.jpa.JpaProperties'
[2022-11-30 23:04:02] DEBUG org.springframework.beans.factory.support.DefaultListableBeanFactory(DefaultSingletonBeanRegistry.java:225) - Creating shared instance of singleton bean 'spring.jpa.hibernate-org.springframework.boot.autoconfigure.orm.jpa.HibernateProperties'
[2022-11-30 23:04:02] DEBUG org.springframework.beans.factory.support.DefaultListableBeanFactory(ConstructorResolver.java:808) - Autowiring by type from bean name 'org.springframework.boot.autoconfigure.orm.jpa.HibernateJpaConfiguration' via constructor to bean named 'dataSource'
[2022-11-30 23:04:02] DEBUG org.springframework.beans.factory.support.DefaultListableBeanFactory(ConstructorResolver.java:808) - Autowiring by type from bean name 'org.springframework.boot.autoconfigure.orm.jpa.HibernateJpaConfiguration' via constructor to bean named 'spring.jpa-org.springframework.boot.autoconfigure.orm.jpa.JpaProperties'
[2022-11-30 23:04:02] DEBUG org.springframework.beans.factory.support.DefaultListableBeanFactory(ConstructorResolver.java:808) - Autowiring by type from bean name 'org.springframework.boot.autoconfigure.orm.jpa.HibernateJpaConfiguration' via constructor to bean named 'org.springframework.beans.factory.support.DefaultListableBeanFactory@66cd621b'
[2022-11-30 23:04:02] DEBUG org.springframework.beans.factory.support.DefaultListableBeanFactory(ConstructorResolver.java:808) - Autowiring by type from bean name 'org.springframework.boot.autoconfigure.orm.jpa.HibernateJpaConfiguration' via constructor to bean named 'spring.jpa.hibernate-org.springframework.boot.autoconfigure.orm.jpa.HibernateProperties'
[2022-11-30 23:04:02] DEBUG org.springframework.beans.factory.support.DefaultListableBeanFactory(DefaultSingletonBeanRegistry.java:225) - Creating shared instance of singleton bean 'hikariPoolDataSourceMetadataProvider'
[2022-11-30 23:04:02] DEBUG org.springframework.beans.factory.support.DefaultListableBeanFactory(DefaultSingletonBeanRegistry.java:225) - Creating shared instance of singleton bean 'org.springframework.boot.autoconfigure.jdbc.metadata.DataSourcePoolMetadataProvidersConfiguration$HikariPoolDataSourceMetadataProviderConfiguration'
[2022-11-30 23:04:02] DEBUG org.springframework.beans.factory.support.DefaultListableBeanFactory(DefaultSingletonBeanRegistry.java:225) - Creating shared instance of singleton bean 'entityManagerFactoryBuilder'
[2022-11-30 23:04:02] DEBUG org.springframework.beans.factory.support.DefaultListableBeanFactory(DefaultSingletonBeanRegistry.java:225) - Creating shared instance of singleton bean 'jpaVendorAdapter'
[2022-11-30 23:04:02] DEBUG org.springframework.beans.factory.support.DefaultListableBeanFactory(ConstructorResolver.java:808) - Autowiring by type from bean name 'entityManagerFactoryBuilder' via factory method to bean named 'jpaVendorAdapter'
[2022-11-30 23:04:02] DEBUG org.springframework.beans.factory.support.DefaultListableBeanFactory(ConstructorResolver.java:808) - Autowiring by type from bean name 'entityManagerFactory' via factory method to bean named 'entityManagerFactoryBuilder'
[2022-11-30 23:04:03] DEBUG org.springframework.orm.jpa.LocalContainerEntityManagerFactoryBean(LocalContainerEntityManagerFactoryBean.java:361) - Building JPA container EntityManagerFactory for persistence unit 'default'
[2022-11-30 23:04:03] DEBUG org.hibernate.jpa.internal.util.LogHelper(LogHelper.java:102) - PersistenceUnitInfo [
	name: default
	persistence provider classname: null
	classloader: jdk.internal.loader.ClassLoaders$AppClassLoader@14514713
	excludeUnlistedClasses: true
	JTA datasource: null
	Non JTA datasource: HikariDataSource (null)
	Transaction type: RESOURCE_LOCAL
	PU root URL: file:/C:/z_workspace/hyowon_note/build/classes/java/test/
	Shared Cache Mode: UNSPECIFIED
	Validation Mode: AUTO
	Jar files URLs []
	Managed classes names [
		com.note.hyowon.blog.entity.BaseEntity
		com.note.hyowon.blog.entity.PostEntity]
	Mapping files names []
	Properties []
[2022-11-30 23:04:03] DEBUG org.hibernate.integrator.internal.IntegratorServiceImpl(IntegratorServiceImpl.java:46) - Adding Integrator [org.hibernate.cfg.beanvalidation.BeanValidationIntegrator].
[2022-11-30 23:04:03] DEBUG org.hibernate.integrator.internal.IntegratorServiceImpl(IntegratorServiceImpl.java:46) - Adding Integrator [org.hibernate.secure.spi.JaccIntegrator].
[2022-11-30 23:04:03] DEBUG org.hibernate.integrator.internal.IntegratorServiceImpl(IntegratorServiceImpl.java:46) - Adding Integrator [org.hibernate.cache.internal.CollectionCacheInvalidator].
[2022-11-30 23:04:03] INFO org.hibernate.Version(Version.java:44) - HHH000412: Hibernate ORM core version 5.6.12.Final
[2022-11-30 23:04:03] DEBUG org.hibernate.cfg.Environment(Environment.java:199) - HHH000206: hibernate.properties not found
[2022-11-30 23:04:03] DEBUG org.hibernate.service.spi.ServiceBinding(ServiceBinding.java:68) - Overriding existing service binding [org.hibernate.secure.spi.JaccService]
[2022-11-30 23:04:03] DEBUG org.hibernate.cache.internal.RegionFactoryInitiator(RegionFactoryInitiator.java:118) - Cannot default RegionFactory based on registered strategies as `[]` RegionFactory strategies were registered
[2022-11-30 23:04:03] DEBUG org.hibernate.cache.internal.RegionFactoryInitiator(RegionFactoryInitiator.java:49) - Cache region factory : org.hibernate.cache.internal.NoCachingRegionFactory
[2022-11-30 23:04:03] INFO org.hibernate.annotations.common.Version(JavaReflectionManager.java:56) - HCANN000001: Hibernate Commons Annotations {5.1.2.Final}
[2022-11-30 23:04:03] DEBUG org.hibernate.type.BasicTypeRegistry(BasicTypeRegistry.java:157) - Adding type registration boolean -> org.hibernate.type.BooleanType@12a6e8ed
[2022-11-30 23:04:03] DEBUG org.hibernate.type.BasicTypeRegistry(BasicTypeRegistry.java:157) - Adding type registration boolean -> org.hibernate.type.BooleanType@12a6e8ed
[2022-11-30 23:04:03] DEBUG org.hibernate.type.BasicTypeRegistry(BasicTypeRegistry.java:157) - Adding type registration java.lang.Boolean -> org.hibernate.type.BooleanType@12a6e8ed
[2022-11-30 23:04:03] DEBUG org.hibernate.type.BasicTypeRegistry(BasicTypeRegistry.java:157) - Adding type registration numeric_boolean -> org.hibernate.type.NumericBooleanType@45fb2354
[2022-11-30 23:04:03] DEBUG org.hibernate.type.BasicTypeRegistry(BasicTypeRegistry.java:157) - Adding type registration true_false -> org.hibernate.type.TrueFalseType@5f3f57ff
[2022-11-30 23:04:03] DEBUG org.hibernate.type.BasicTypeRegistry(BasicTypeRegistry.java:157) - Adding type registration yes_no -> org.hibernate.type.YesNoType@7a117dc2
[2022-11-30 23:04:03] DEBUG org.hibernate.type.BasicTypeRegistry(BasicTypeRegistry.java:157) - Adding type registration byte -> org.hibernate.type.ByteType@579f3c8e
[2022-11-30 23:04:03] DEBUG org.hibernate.type.BasicTypeRegistry(BasicTypeRegistry.java:157) - Adding type registration byte -> org.hibernate.type.ByteType@579f3c8e
[2022-11-30 23:04:03] DEBUG org.hibernate.type.BasicTypeRegistry(BasicTypeRegistry.java:157) - Adding type registration java.lang.Byte -> org.hibernate.type.ByteType@579f3c8e
[2022-11-30 23:04:03] DEBUG org.hibernate.type.BasicTypeRegistry(BasicTypeRegistry.java:157) - Adding type registration character -> org.hibernate.type.CharacterType@bcfe29c
[2022-11-30 23:04:03] DEBUG org.hibernate.type.BasicTypeRegistry(BasicTypeRegistry.java:157) - Adding type registration char -> org.hibernate.type.CharacterType@bcfe29c
[2022-11-30 23:04:03] DEBUG org.hibernate.type.BasicTypeRegistry(BasicTypeRegistry.java:157) - Adding type registration java.lang.Character -> org.hibernate.type.CharacterType@bcfe29c
[2022-11-30 23:04:03] DEBUG org.hibernate.type.BasicTypeRegistry(BasicTypeRegistry.java:157) - Adding type registration short -> org.hibernate.type.ShortType@7b8b07ae
[2022-11-30 23:04:03] DEBUG org.hibernate.type.BasicTypeRegistry(BasicTypeRegistry.java:157) - Adding type registration short -> org.hibernate.type.ShortType@7b8b07ae
[2022-11-30 23:04:03] DEBUG org.hibernate.type.BasicTypeRegistry(BasicTypeRegistry.java:157) - Adding type registration java.lang.Short -> org.hibernate.type.ShortType@7b8b07ae
[2022-11-30 23:04:03] DEBUG org.hibernate.type.BasicTypeRegistry(BasicTypeRegistry.java:157) - Adding type registration integer -> org.hibernate.type.IntegerType@2ee456c7
[2022-11-30 23:04:03] DEBUG org.hibernate.type.BasicTypeRegistry(BasicTypeRegistry.java:157) - Adding type registration int -> org.hibernate.type.IntegerType@2ee456c7
[2022-11-30 23:04:03] DEBUG org.hibernate.type.BasicTypeRegistry(BasicTypeRegistry.java:157) - Adding type registration java.lang.Integer -> org.hibernate.type.IntegerType@2ee456c7
[2022-11-30 23:04:03] DEBUG org.hibernate.type.BasicTypeRegistry(BasicTypeRegistry.java:157) - Adding type registration long -> org.hibernate.type.LongType@135064ea
[2022-11-30 23:04:03] DEBUG org.hibernate.type.BasicTypeRegistry(BasicTypeRegistry.java:157) - Adding type registration long -> org.hibernate.type.LongType@135064ea
[2022-11-30 23:04:03] DEBUG org.hibernate.type.BasicTypeRegistry(BasicTypeRegistry.java:157) - Adding type registration java.lang.Long -> org.hibernate.type.LongType@135064ea
[2022-11-30 23:04:03] DEBUG org.hibernate.type.BasicTypeRegistry(BasicTypeRegistry.java:157) - Adding type registration float -> org.hibernate.type.FloatType@2bcb1414
[2022-11-30 23:04:03] DEBUG org.hibernate.type.BasicTypeRegistry(BasicTypeRegistry.java:157) - Adding type registration float -> org.hibernate.type.FloatType@2bcb1414
[2022-11-30 23:04:03] DEBUG org.hibernate.type.BasicTypeRegistry(BasicTypeRegistry.java:157) - Adding type registration java.lang.Float -> org.hibernate.type.FloatType@2bcb1414
[2022-11-30 23:04:03] DEBUG org.hibernate.type.BasicTypeRegistry(BasicTypeRegistry.java:157) - Adding type registration double -> org.hibernate.type.DoubleType@a99c42c
[2022-11-30 23:04:03] DEBUG org.hibernate.type.BasicTypeRegistry(BasicTypeRegistry.java:157) - Adding type registration double -> org.hibernate.type.DoubleType@a99c42c
[2022-11-30 23:04:03] DEBUG org.hibernate.type.BasicTypeRegistry(BasicTypeRegistry.java:157) - Adding type registration java.lang.Double -> org.hibernate.type.DoubleType@a99c42c
[2022-11-30 23:04:03] DEBUG org.hibernate.type.BasicTypeRegistry(BasicTypeRegistry.java:157) - Adding type registration big_decimal -> org.hibernate.type.BigDecimalType@5cf2f5d6
[2022-11-30 23:04:03] DEBUG org.hibernate.type.BasicTypeRegistry(BasicTypeRegistry.java:157) - Adding type registration java.math.BigDecimal -> org.hibernate.type.BigDecimalType@5cf2f5d6
[2022-11-30 23:04:03] DEBUG org.hibernate.type.BasicTypeRegistry(BasicTypeRegistry.java:157) - Adding type registration big_integer -> org.hibernate.type.BigIntegerType@2558f65c
[2022-11-30 23:04:03] DEBUG org.hibernate.type.BasicTypeRegistry(BasicTypeRegistry.java:157) - Adding type registration java.math.BigInteger -> org.hibernate.type.BigIntegerType@2558f65c
[2022-11-30 23:04:03] DEBUG org.hibernate.type.BasicTypeRegistry(BasicTypeRegistry.java:157) - Adding type registration string -> org.hibernate.type.StringType@636fccb0
[2022-11-30 23:04:03] DEBUG org.hibernate.type.BasicTypeRegistry(BasicTypeRegistry.java:157) - Adding type registration java.lang.String -> org.hibernate.type.StringType@636fccb0
[2022-11-30 23:04:03] DEBUG org.hibernate.type.BasicTypeRegistry(BasicTypeRegistry.java:157) - Adding type registration nstring -> org.hibernate.type.StringNVarcharType@66a472b9
[2022-11-30 23:04:03] DEBUG org.hibernate.type.BasicTypeRegistry(BasicTypeRegistry.java:157) - Adding type registration ncharacter -> org.hibernate.type.CharacterNCharType@7aa15a80
[2022-11-30 23:04:03] DEBUG org.hibernate.type.BasicTypeRegistry(BasicTypeRegistry.java:157) - Adding type registration url -> org.hibernate.type.UrlType@48d5ca17
[2022-11-30 23:04:03] DEBUG org.hibernate.type.BasicTypeRegistry(BasicTypeRegistry.java:157) - Adding type registration java.net.URL -> org.hibernate.type.UrlType@48d5ca17
[2022-11-30 23:04:03] DEBUG org.hibernate.type.BasicTypeRegistry(BasicTypeRegistry.java:157) - Adding type registration Duration -> org.hibernate.type.DurationType@79b8ecb
[2022-11-30 23:04:03] DEBUG org.hibernate.type.BasicTypeRegistry(BasicTypeRegistry.java:157) - Adding type registration java.time.Duration -> org.hibernate.type.DurationType@79b8ecb
[2022-11-30 23:04:03] DEBUG org.hibernate.type.BasicTypeRegistry(BasicTypeRegistry.java:157) - Adding type registration Instant -> org.hibernate.type.InstantType@42d174ad
[2022-11-30 23:04:03] DEBUG org.hibernate.type.BasicTypeRegistry(BasicTypeRegistry.java:157) - Adding type registration java.time.Instant -> org.hibernate.type.InstantType@42d174ad
[2022-11-30 23:04:03] DEBUG org.hibernate.type.BasicTypeRegistry(BasicTypeRegistry.java:157) - Adding type registration LocalDateTime -> org.hibernate.type.LocalDateTimeType@60194904
[2022-11-30 23:04:03] DEBUG org.hibernate.type.BasicTypeRegistry(BasicTypeRegistry.java:157) - Adding type registration java.time.LocalDateTime -> org.hibernate.type.LocalDateTimeType@60194904
[2022-11-30 23:04:03] DEBUG org.hibernate.type.BasicTypeRegistry(BasicTypeRegistry.java:157) - Adding type registration LocalDate -> org.hibernate.type.LocalDateType@732d078d
[2022-11-30 23:04:03] DEBUG org.hibernate.type.BasicTypeRegistry(BasicTypeRegistry.java:157) - Adding type registration java.time.LocalDate -> org.hibernate.type.LocalDateType@732d078d
[2022-11-30 23:04:03] DEBUG org.hibernate.type.BasicTypeRegistry(BasicTypeRegistry.java:157) - Adding type registration LocalTime -> org.hibernate.type.LocalTimeType@3cb04dd
[2022-11-30 23:04:03] DEBUG org.hibernate.type.BasicTypeRegistry(BasicTypeRegistry.java:157) - Adding type registration java.time.LocalTime -> org.hibernate.type.LocalTimeType@3cb04dd
[2022-11-30 23:04:03] DEBUG org.hibernate.type.BasicTypeRegistry(BasicTypeRegistry.java:157) - Adding type registration OffsetDateTime -> org.hibernate.type.OffsetDateTimeType@df9d400
[2022-11-30 23:04:03] DEBUG org.hibernate.type.BasicTypeRegistry(BasicTypeRegistry.java:157) - Adding type registration java.time.OffsetDateTime -> org.hibernate.type.OffsetDateTimeType@df9d400
[2022-11-30 23:04:03] DEBUG org.hibernate.type.BasicTypeRegistry(BasicTypeRegistry.java:157) - Adding type registration OffsetTime -> org.hibernate.type.OffsetTimeType@61b8c9de
[2022-11-30 23:04:03] DEBUG org.hibernate.type.BasicTypeRegistry(BasicTypeRegistry.java:157) - Adding type registration java.time.OffsetTime -> org.hibernate.type.OffsetTimeType@61b8c9de
[2022-11-30 23:04:03] DEBUG org.hibernate.type.BasicTypeRegistry(BasicTypeRegistry.java:157) - Adding type registration ZonedDateTime -> org.hibernate.type.ZonedDateTimeType@75b363c3
[2022-11-30 23:04:03] DEBUG org.hibernate.type.BasicTypeRegistry(BasicTypeRegistry.java:157) - Adding type registration java.time.ZonedDateTime -> org.hibernate.type.ZonedDateTimeType@75b363c3
[2022-11-30 23:04:03] DEBUG org.hibernate.type.BasicTypeRegistry(BasicTypeRegistry.java:157) - Adding type registration date -> org.hibernate.type.DateType@68d8ae27
[2022-11-30 23:04:03] DEBUG org.hibernate.type.BasicTypeRegistry(BasicTypeRegistry.java:157) - Adding type registration java.sql.Date -> org.hibernate.type.DateType@68d8ae27
[2022-11-30 23:04:03] DEBUG org.hibernate.type.BasicTypeRegistry(BasicTypeRegistry.java:157) - Adding type registration time -> org.hibernate.type.TimeType@7fc1fd31
[2022-11-30 23:04:03] DEBUG org.hibernate.type.BasicTypeRegistry(BasicTypeRegistry.java:157) - Adding type registration java.sql.Time -> org.hibernate.type.TimeType@7fc1fd31
[2022-11-30 23:04:03] DEBUG org.hibernate.type.BasicTypeRegistry(BasicTypeRegistry.java:157) - Adding type registration timestamp -> org.hibernate.type.TimestampType@7df3da0b
[2022-11-30 23:04:03] DEBUG org.hibernate.type.BasicTypeRegistry(BasicTypeRegistry.java:157) - Adding type registration java.sql.Timestamp -> org.hibernate.type.TimestampType@7df3da0b
[2022-11-30 23:04:03] DEBUG org.hibernate.type.BasicTypeRegistry(BasicTypeRegistry.java:157) - Adding type registration java.util.Date -> org.hibernate.type.TimestampType@7df3da0b
[2022-11-30 23:04:03] DEBUG org.hibernate.type.BasicTypeRegistry(BasicTypeRegistry.java:157) - Adding type registration dbtimestamp -> org.hibernate.type.DbTimestampType@402f61f5
[2022-11-30 23:04:03] DEBUG org.hibernate.type.BasicTypeRegistry(BasicTypeRegistry.java:157) - Adding type registration calendar -> org.hibernate.type.CalendarType@19ac93d2
[2022-11-30 23:04:03] DEBUG org.hibernate.type.BasicTypeRegistry(BasicTypeRegistry.java:157) - Adding type registration java.util.Calendar -> org.hibernate.type.CalendarType@19ac93d2
[2022-11-30 23:04:03] DEBUG org.hibernate.type.BasicTypeRegistry(BasicTypeRegistry.java:157) - Adding type registration java.util.GregorianCalendar -> org.hibernate.type.CalendarType@19ac93d2
[2022-11-30 23:04:03] DEBUG org.hibernate.type.BasicTypeRegistry(BasicTypeRegistry.java:157) - Adding type registration calendar_date -> org.hibernate.type.CalendarDateType@8549c5f
[2022-11-30 23:04:03] DEBUG org.hibernate.type.BasicTypeRegistry(BasicTypeRegistry.java:157) - Adding type registration calendar_time -> org.hibernate.type.CalendarTimeType@2be50bba
[2022-11-30 23:04:03] DEBUG org.hibernate.type.BasicTypeRegistry(BasicTypeRegistry.java:157) - Adding type registration locale -> org.hibernate.type.LocaleType@2ec0ca83
[2022-11-30 23:04:03] DEBUG org.hibernate.type.BasicTypeRegistry(BasicTypeRegistry.java:157) - Adding type registration java.util.Locale -> org.hibernate.type.LocaleType@2ec0ca83
[2022-11-30 23:04:03] DEBUG org.hibernate.type.BasicTypeRegistry(BasicTypeRegistry.java:157) - Adding type registration currency -> org.hibernate.type.CurrencyType@216328b2
[2022-11-30 23:04:03] DEBUG org.hibernate.type.BasicTypeRegistry(BasicTypeRegistry.java:157) - Adding type registration java.util.Currency -> org.hibernate.type.CurrencyType@216328b2
[2022-11-30 23:04:03] DEBUG org.hibernate.type.BasicTypeRegistry(BasicTypeRegistry.java:157) - Adding type registration timezone -> org.hibernate.type.TimeZoneType@9147ba2
[2022-11-30 23:04:03] DEBUG org.hibernate.type.BasicTypeRegistry(BasicTypeRegistry.java:157) - Adding type registration java.util.TimeZone -> org.hibernate.type.TimeZoneType@9147ba2
[2022-11-30 23:04:03] DEBUG org.hibernate.type.BasicTypeRegistry(BasicTypeRegistry.java:157) - Adding type registration class -> org.hibernate.type.ClassType@78b9155e
[2022-11-30 23:04:03] DEBUG org.hibernate.type.BasicTypeRegistry(BasicTypeRegistry.java:157) - Adding type registration java.lang.Class -> org.hibernate.type.ClassType@78b9155e
[2022-11-30 23:04:03] DEBUG org.hibernate.type.BasicTypeRegistry(BasicTypeRegistry.java:157) - Adding type registration uuid-binary -> org.hibernate.type.UUIDBinaryType@2a16d4dc
[2022-11-30 23:04:03] DEBUG org.hibernate.type.BasicTypeRegistry(BasicTypeRegistry.java:157) - Adding type registration java.util.UUID -> org.hibernate.type.UUIDBinaryType@2a16d4dc
[2022-11-30 23:04:03] DEBUG org.hibernate.type.BasicTypeRegistry(BasicTypeRegistry.java:157) - Adding type registration uuid-char -> org.hibernate.type.UUIDCharType@5341641d
[2022-11-30 23:04:03] DEBUG org.hibernate.type.BasicTypeRegistry(BasicTypeRegistry.java:157) - Adding type registration binary -> org.hibernate.type.BinaryType@431babe6
[2022-11-30 23:04:03] DEBUG org.hibernate.type.BasicTypeRegistry(BasicTypeRegistry.java:157) - Adding type registration byte[] -> org.hibernate.type.BinaryType@431babe6
[2022-11-30 23:04:03] DEBUG org.hibernate.type.BasicTypeRegistry(BasicTypeRegistry.java:157) - Adding type registration [B -> org.hibernate.type.BinaryType@431babe6
[2022-11-30 23:04:03] DEBUG org.hibernate.type.BasicTypeRegistry(BasicTypeRegistry.java:157) - Adding type registration wrapper-binary -> org.hibernate.type.WrapperBinaryType@70c31b17
[2022-11-30 23:04:03] DEBUG org.hibernate.type.BasicTypeRegistry(BasicTypeRegistry.java:157) - Adding type registration Byte[] -> org.hibernate.type.WrapperBinaryType@70c31b17
[2022-11-30 23:04:03] DEBUG org.hibernate.type.BasicTypeRegistry(BasicTypeRegistry.java:157) - Adding type registration [Ljava.lang.Byte; -> org.hibernate.type.WrapperBinaryType@70c31b17
[2022-11-30 23:04:03] DEBUG org.hibernate.type.BasicTypeRegistry(BasicTypeRegistry.java:157) - Adding type registration row_version -> org.hibernate.type.RowVersionType@4c2bea52
[2022-11-30 23:04:03] DEBUG org.hibernate.type.BasicTypeRegistry(BasicTypeRegistry.java:157) - Adding type registration image -> org.hibernate.type.ImageType@430d3021
[2022-11-30 23:04:03] DEBUG org.hibernate.type.BasicTypeRegistry(BasicTypeRegistry.java:157) - Adding type registration characters -> org.hibernate.type.CharArrayType@54941dfd
[2022-11-30 23:04:03] DEBUG org.hibernate.type.BasicTypeRegistry(BasicTypeRegistry.java:157) - Adding type registration char[] -> org.hibernate.type.CharArrayType@54941dfd
[2022-11-30 23:04:03] DEBUG org.hibernate.type.BasicTypeRegistry(BasicTypeRegistry.java:157) - Adding type registration [C -> org.hibernate.type.CharArrayType@54941dfd
[2022-11-30 23:04:03] DEBUG org.hibernate.type.BasicTypeRegistry(BasicTypeRegistry.java:157) - Adding type registration wrapper-characters -> org.hibernate.type.CharacterArrayType@3cead673
[2022-11-30 23:04:03] DEBUG org.hibernate.type.BasicTypeRegistry(BasicTypeRegistry.java:157) - Adding type registration [Ljava.lang.Character; -> org.hibernate.type.CharacterArrayType@3cead673
[2022-11-30 23:04:03] DEBUG org.hibernate.type.BasicTypeRegistry(BasicTypeRegistry.java:157) - Adding type registration Character[] -> org.hibernate.type.CharacterArrayType@3cead673
[2022-11-30 23:04:03] DEBUG org.hibernate.type.BasicTypeRegistry(BasicTypeRegistry.java:157) - Adding type registration text -> org.hibernate.type.TextType@4345fd45
[2022-11-30 23:04:03] DEBUG org.hibernate.type.BasicTypeRegistry(BasicTypeRegistry.java:157) - Adding type registration ntext -> org.hibernate.type.NTextType@62883f8a
[2022-11-30 23:04:03] DEBUG org.hibernate.type.BasicTypeRegistry(BasicTypeRegistry.java:157) - Adding type registration blob -> org.hibernate.type.BlobType@516c20de
[2022-11-30 23:04:03] DEBUG org.hibernate.type.BasicTypeRegistry(BasicTypeRegistry.java:157) - Adding type registration java.sql.Blob -> org.hibernate.type.BlobType@516c20de
[2022-11-30 23:04:03] DEBUG org.hibernate.type.BasicTypeRegistry(BasicTypeRegistry.java:157) - Adding type registration materialized_blob -> org.hibernate.type.MaterializedBlobType@3e01796a
[2022-11-30 23:04:03] DEBUG org.hibernate.type.BasicTypeRegistry(BasicTypeRegistry.java:157) - Adding type registration clob -> org.hibernate.type.ClobType@2faf6e4a
[2022-11-30 23:04:03] DEBUG org.hibernate.type.BasicTypeRegistry(BasicTypeRegistry.java:157) - Adding type registration java.sql.Clob -> org.hibernate.type.ClobType@2faf6e4a
[2022-11-30 23:04:03] DEBUG org.hibernate.type.BasicTypeRegistry(BasicTypeRegistry.java:157) - Adding type registration nclob -> org.hibernate.type.NClobType@336d28a1
[2022-11-30 23:04:03] DEBUG org.hibernate.type.BasicTypeRegistry(BasicTypeRegistry.java:157) - Adding type registration java.sql.NClob -> org.hibernate.type.NClobType@336d28a1
[2022-11-30 23:04:03] DEBUG org.hibernate.type.BasicTypeRegistry(BasicTypeRegistry.java:157) - Adding type registration materialized_clob -> org.hibernate.type.MaterializedClobType@62158991
[2022-11-30 23:04:03] DEBUG org.hibernate.type.BasicTypeRegistry(BasicTypeRegistry.java:157) - Adding type registration materialized_nclob -> org.hibernate.type.MaterializedNClobType@5891b7c5
[2022-11-30 23:04:03] DEBUG org.hibernate.type.BasicTypeRegistry(BasicTypeRegistry.java:157) - Adding type registration serializable -> org.hibernate.type.SerializableType@d13379e
[2022-11-30 23:04:03] DEBUG org.hibernate.type.BasicTypeRegistry(BasicTypeRegistry.java:157) - Adding type registration object -> org.hibernate.type.ObjectType@718f3088
[2022-11-30 23:04:03] DEBUG org.hibernate.type.BasicTypeRegistry(BasicTypeRegistry.java:157) - Adding type registration java.lang.Object -> org.hibernate.type.ObjectType@718f3088
[2022-11-30 23:04:03] DEBUG org.hibernate.type.BasicTypeRegistry(BasicTypeRegistry.java:157) - Adding type registration imm_date -> org.hibernate.type.AdaptedImmutableType@2152fde5
[2022-11-30 23:04:03] DEBUG org.hibernate.type.BasicTypeRegistry(BasicTypeRegistry.java:157) - Adding type registration imm_time -> org.hibernate.type.AdaptedImmutableType@5d58dc61
[2022-11-30 23:04:03] DEBUG org.hibernate.type.BasicTypeRegistry(BasicTypeRegistry.java:157) - Adding type registration imm_timestamp -> org.hibernate.type.AdaptedImmutableType@32328dc4
[2022-11-30 23:04:03] DEBUG org.hibernate.type.BasicTypeRegistry(BasicTypeRegistry.java:157) - Adding type registration imm_dbtimestamp -> org.hibernate.type.AdaptedImmutableType@17df689e
[2022-11-30 23:04:03] DEBUG org.hibernate.type.BasicTypeRegistry(BasicTypeRegistry.java:157) - Adding type registration imm_calendar -> org.hibernate.type.AdaptedImmutableType@21540255
[2022-11-30 23:04:03] DEBUG org.hibernate.type.BasicTypeRegistry(BasicTypeRegistry.java:157) - Adding type registration imm_calendar_date -> org.hibernate.type.AdaptedImmutableType@3a7469ca
[2022-11-30 23:04:03] DEBUG org.hibernate.type.BasicTypeRegistry(BasicTypeRegistry.java:157) - Adding type registration imm_binary -> org.hibernate.type.AdaptedImmutableType@1c8e8fed
[2022-11-30 23:04:03] DEBUG org.hibernate.type.BasicTypeRegistry(BasicTypeRegistry.java:157) - Adding type registration imm_serializable -> org.hibernate.type.AdaptedImmutableType@70f98f7a
[2022-11-30 23:04:03] DEBUG org.hibernate.boot.internal.BootstrapContextImpl(BootstrapContextImpl.java:259) - Injecting JPA temp ClassLoader [org.springframework.instrument.classloading.SimpleThrowawayClassLoader@39b85a73] into BootstrapContext; was [null]
[2022-11-30 23:04:03] DEBUG org.hibernate.boot.internal.ClassLoaderAccessImpl(ClassLoaderAccessImpl.java:45) - ClassLoaderAccessImpl#injectTempClassLoader(org.springframework.instrument.classloading.SimpleThrowawayClassLoader@39b85a73) [was null]
[2022-11-30 23:04:03] DEBUG org.hibernate.boot.internal.BootstrapContextImpl(BootstrapContextImpl.java:269) - Injecting ScanEnvironment [org.hibernate.jpa.boot.internal.StandardJpaScanEnvironmentImpl@71468613] into BootstrapContext; was [null]
[2022-11-30 23:04:03] DEBUG org.hibernate.boot.internal.BootstrapContextImpl(BootstrapContextImpl.java:264) - Injecting ScanOptions [org.hibernate.boot.archive.scan.internal.StandardScanOptions@13f4048e] into BootstrapContext; was [org.hibernate.boot.archive.scan.internal.StandardScanOptions@5477d90e]
[2022-11-30 23:04:03] DEBUG org.hibernate.boot.internal.BootstrapContextImpl(BootstrapContextImpl.java:259) - Injecting JPA temp ClassLoader [null] into BootstrapContext; was [org.springframework.instrument.classloading.SimpleThrowawayClassLoader@39b85a73]
[2022-11-30 23:04:03] DEBUG org.hibernate.boot.internal.ClassLoaderAccessImpl(ClassLoaderAccessImpl.java:45) - ClassLoaderAccessImpl#injectTempClassLoader(null) [was org.springframework.instrument.classloading.SimpleThrowawayClassLoader@39b85a73]
[2022-11-30 23:04:03] DEBUG org.hibernate.id.factory.internal.DefaultIdentifierGeneratorFactory(DefaultIdentifierGeneratorFactory.java:98) - Registering IdentifierGenerator strategy [uuid2] -> [org.hibernate.id.UUIDGenerator]
[2022-11-30 23:04:03] DEBUG org.hibernate.id.factory.internal.DefaultIdentifierGeneratorFactory(DefaultIdentifierGeneratorFactory.java:98) - Registering IdentifierGenerator strategy [guid] -> [org.hibernate.id.GUIDGenerator]
[2022-11-30 23:04:03] DEBUG org.hibernate.id.factory.internal.DefaultIdentifierGeneratorFactory(DefaultIdentifierGeneratorFactory.java:98) - Registering IdentifierGenerator strategy [uuid] -> [org.hibernate.id.UUIDHexGenerator]
[2022-11-30 23:04:03] DEBUG org.hibernate.id.factory.internal.DefaultIdentifierGeneratorFactory(DefaultIdentifierGeneratorFactory.java:98) - Registering IdentifierGenerator strategy [uuid.hex] -> [org.hibernate.id.UUIDHexGenerator]
[2022-11-30 23:04:03] DEBUG org.hibernate.id.factory.internal.DefaultIdentifierGeneratorFactory(DefaultIdentifierGeneratorFactory.java:98) - Registering IdentifierGenerator strategy [assigned] -> [org.hibernate.id.Assigned]
[2022-11-30 23:04:03] DEBUG org.hibernate.id.factory.internal.DefaultIdentifierGeneratorFactory(DefaultIdentifierGeneratorFactory.java:98) - Registering IdentifierGenerator strategy [identity] -> [org.hibernate.id.IdentityGenerator]
[2022-11-30 23:04:03] DEBUG org.hibernate.id.factory.internal.DefaultIdentifierGeneratorFactory(DefaultIdentifierGeneratorFactory.java:98) - Registering IdentifierGenerator strategy [select] -> [org.hibernate.id.SelectGenerator]
[2022-11-30 23:04:03] DEBUG org.hibernate.id.factory.internal.DefaultIdentifierGeneratorFactory(DefaultIdentifierGeneratorFactory.java:98) - Registering IdentifierGenerator strategy [sequence] -> [org.hibernate.id.enhanced.SequenceStyleGenerator]
[2022-11-30 23:04:03] DEBUG org.hibernate.id.factory.internal.DefaultIdentifierGeneratorFactory(DefaultIdentifierGeneratorFactory.java:98) - Registering IdentifierGenerator strategy [seqhilo] -> [org.hibernate.id.SequenceHiLoGenerator]
[2022-11-30 23:04:03] DEBUG org.hibernate.id.factory.internal.DefaultIdentifierGeneratorFactory(DefaultIdentifierGeneratorFactory.java:98) - Registering IdentifierGenerator strategy [increment] -> [org.hibernate.id.IncrementGenerator]
[2022-11-30 23:04:03] DEBUG org.hibernate.id.factory.internal.DefaultIdentifierGeneratorFactory(DefaultIdentifierGeneratorFactory.java:98) - Registering IdentifierGenerator strategy [foreign] -> [org.hibernate.id.ForeignGenerator]
[2022-11-30 23:04:03] DEBUG org.hibernate.id.factory.internal.DefaultIdentifierGeneratorFactory(DefaultIdentifierGeneratorFactory.java:98) - Registering IdentifierGenerator strategy [sequence-identity] -> [org.hibernate.id.SequenceIdentityGenerator]
[2022-11-30 23:04:03] DEBUG org.hibernate.id.factory.internal.DefaultIdentifierGeneratorFactory(DefaultIdentifierGeneratorFactory.java:98) - Registering IdentifierGenerator strategy [enhanced-sequence] -> [org.hibernate.id.enhanced.SequenceStyleGenerator]
[2022-11-30 23:04:03] DEBUG org.hibernate.id.factory.internal.DefaultIdentifierGeneratorFactory(DefaultIdentifierGeneratorFactory.java:98) - Registering IdentifierGenerator strategy [enhanced-table] -> [org.hibernate.id.enhanced.TableGenerator]
[2022-11-30 23:04:03] DEBUG com.zaxxer.hikari.HikariConfig(HikariConfig.java:1103) - HikariPool-1 - configuration:
[2022-11-30 23:04:03] DEBUG com.zaxxer.hikari.HikariConfig(HikariConfig.java:1135) - allowPoolSuspension................................false
[2022-11-30 23:04:03] DEBUG com.zaxxer.hikari.HikariConfig(HikariConfig.java:1135) - autoCommit................................true
[2022-11-30 23:04:03] DEBUG com.zaxxer.hikari.HikariConfig(HikariConfig.java:1135) - catalog................................none
[2022-11-30 23:04:03] DEBUG com.zaxxer.hikari.HikariConfig(HikariConfig.java:1135) - connectionInitSql................................none
[2022-11-30 23:04:03] DEBUG com.zaxxer.hikari.HikariConfig(HikariConfig.java:1135) - connectionTestQuery................................none
[2022-11-30 23:04:03] DEBUG com.zaxxer.hikari.HikariConfig(HikariConfig.java:1135) - connectionTimeout................................30000
[2022-11-30 23:04:03] DEBUG com.zaxxer.hikari.HikariConfig(HikariConfig.java:1135) - dataSource................................none
[2022-11-30 23:04:03] DEBUG com.zaxxer.hikari.HikariConfig(HikariConfig.java:1135) - dataSourceClassName................................none
[2022-11-30 23:04:03] DEBUG com.zaxxer.hikari.HikariConfig(HikariConfig.java:1135) - dataSourceJNDI................................none
[2022-11-30 23:04:03] DEBUG com.zaxxer.hikari.HikariConfig(HikariConfig.java:1135) - dataSourceProperties................................{password=<masked>}
[2022-11-30 23:04:03] DEBUG com.zaxxer.hikari.HikariConfig(HikariConfig.java:1135) - driverClassName................................"org.mariadb.jdbc.Driver"
[2022-11-30 23:04:03] DEBUG com.zaxxer.hikari.HikariConfig(HikariConfig.java:1135) - exceptionOverrideClassName................................none
[2022-11-30 23:04:03] DEBUG com.zaxxer.hikari.HikariConfig(HikariConfig.java:1135) - healthCheckProperties................................{}
[2022-11-30 23:04:03] DEBUG com.zaxxer.hikari.HikariConfig(HikariConfig.java:1135) - healthCheckRegistry................................none
[2022-11-30 23:04:03] DEBUG com.zaxxer.hikari.HikariConfig(HikariConfig.java:1135) - idleTimeout................................600000
[2022-11-30 23:04:03] DEBUG com.zaxxer.hikari.HikariConfig(HikariConfig.java:1135) - initializationFailTimeout................................1
[2022-11-30 23:04:03] DEBUG com.zaxxer.hikari.HikariConfig(HikariConfig.java:1135) - isolateInternalQueries................................false
[2022-11-30 23:04:03] DEBUG com.zaxxer.hikari.HikariConfig(HikariConfig.java:1135) - jdbcUrl................................jdbc:mariadb://localhost:3308/hyowon_note?useUnicode=true&characterEncoding=utf8
[2022-11-30 23:04:03] DEBUG com.zaxxer.hikari.HikariConfig(HikariConfig.java:1135) - keepaliveTime................................0
[2022-11-30 23:04:03] DEBUG com.zaxxer.hikari.HikariConfig(HikariConfig.java:1135) - leakDetectionThreshold................................0
[2022-11-30 23:04:03] DEBUG com.zaxxer.hikari.HikariConfig(HikariConfig.java:1135) - maxLifetime................................1800000
[2022-11-30 23:04:03] DEBUG com.zaxxer.hikari.HikariConfig(HikariConfig.java:1135) - maximumPoolSize................................10
[2022-11-30 23:04:03] DEBUG com.zaxxer.hikari.HikariConfig(HikariConfig.java:1135) - metricRegistry................................none
[2022-11-30 23:04:03] DEBUG com.zaxxer.hikari.HikariConfig(HikariConfig.java:1135) - metricsTrackerFactory................................none
[2022-11-30 23:04:03] DEBUG com.zaxxer.hikari.HikariConfig(HikariConfig.java:1135) - minimumIdle................................10
[2022-11-30 23:04:03] DEBUG com.zaxxer.hikari.HikariConfig(HikariConfig.java:1135) - password................................<masked>
[2022-11-30 23:04:03] DEBUG com.zaxxer.hikari.HikariConfig(HikariConfig.java:1135) - poolName................................"HikariPool-1"
[2022-11-30 23:04:03] DEBUG com.zaxxer.hikari.HikariConfig(HikariConfig.java:1135) - readOnly................................false
[2022-11-30 23:04:03] DEBUG com.zaxxer.hikari.HikariConfig(HikariConfig.java:1135) - registerMbeans................................false
[2022-11-30 23:04:03] DEBUG com.zaxxer.hikari.HikariConfig(HikariConfig.java:1135) - scheduledExecutor................................none
[2022-11-30 23:04:03] DEBUG com.zaxxer.hikari.HikariConfig(HikariConfig.java:1135) - schema................................none
[2022-11-30 23:04:03] DEBUG com.zaxxer.hikari.HikariConfig(HikariConfig.java:1135) - threadFactory................................internal
[2022-11-30 23:04:03] DEBUG com.zaxxer.hikari.HikariConfig(HikariConfig.java:1135) - transactionIsolation................................default
[2022-11-30 23:04:03] DEBUG com.zaxxer.hikari.HikariConfig(HikariConfig.java:1135) - username................................"HYOWON_NOTE_ADMIN"
[2022-11-30 23:04:03] DEBUG com.zaxxer.hikari.HikariConfig(HikariConfig.java:1135) - validationTimeout................................5000
[2022-11-30 23:04:03] INFO com.zaxxer.hikari.HikariDataSource(HikariDataSource.java:110) - HikariPool-1 - Starting...
[2022-11-30 23:04:03] DEBUG org.mariadb.jdbc.client.impl.StandardClient(Slf4JLogger.java:60) - execute query: SELECT @@tx_isolation
[2022-11-30 23:04:03] DEBUG com.zaxxer.hikari.pool.HikariPool(HikariPool.java:565) - HikariPool-1 - Added connection org.mariadb.jdbc.Connection@15a484a9
[2022-11-30 23:04:03] INFO com.zaxxer.hikari.HikariDataSource(HikariDataSource.java:123) - HikariPool-1 - Start completed.
[2022-11-30 23:04:03] DEBUG org.hibernate.engine.jdbc.env.internal.JdbcEnvironmentInitiator(JdbcEnvironmentInitiator.java:72) - Database ->
       name : MariaDB
    version : 10.10.2-MariaDB
      major : 10
      minor : 10
[2022-11-30 23:04:03] DEBUG org.hibernate.engine.jdbc.env.internal.JdbcEnvironmentInitiator(JdbcEnvironmentInitiator.java:83) - Driver ->
       name : MariaDB Connector/J
    version : 3.0.8
      major : 3
      minor : 0
[2022-11-30 23:04:03] DEBUG org.hibernate.engine.jdbc.env.internal.JdbcEnvironmentInitiator(DelegatingBasicLogger.java:389) - JDBC version : 4.2
[2022-11-30 23:04:03] INFO org.hibernate.dialect.Dialect(Dialect.java:175) - HHH000400: Using dialect: org.hibernate.dialect.MariaDB106Dialect
[2022-11-30 23:04:03] DEBUG org.mariadb.jdbc.client.impl.StandardClient(Slf4JLogger.java:60) - execute query: select @@lower_case_table_names
[2022-11-30 23:04:03] DEBUG org.hibernate.engine.jdbc.env.spi.IdentifierHelperBuilder(IdentifierHelperBuilder.java:197) - IdentifierCaseStrategy for both quoted and unquoted identifiers was set to the same strategy [LOWER]; that will likely lead to problems in schema update and validation if using quoted identifiers
[2022-11-30 23:04:04] DEBUG com.zaxxer.hikari.pool.HikariPool(HikariPool.java:421) - HikariPool-1 - Pool stats (total=1, active=0, idle=1, waiting=0)
[2022-11-30 23:04:04] DEBUG org.hibernate.type.spi.TypeConfiguration$Scope(TypeConfiguration.java:149) - Scoping TypeConfiguration [org.hibernate.type.spi.TypeConfiguration@4cd8db31] to MetadataBuildingContext [org.hibernate.boot.internal.MetadataBuildingContextRootImpl@201a8ea7]
[2022-11-30 23:04:04] DEBUG com.zaxxer.hikari.pool.HikariPool(HikariPool.java:729) - HikariPool-1 - Added connection org.mariadb.jdbc.Connection@526c8396
[2022-11-30 23:04:04] DEBUG com.zaxxer.hikari.pool.HikariPool(HikariPool.java:729) - HikariPool-1 - Added connection org.mariadb.jdbc.Connection@7a44280
[2022-11-30 23:04:04] DEBUG com.zaxxer.hikari.pool.HikariPool(HikariPool.java:729) - HikariPool-1 - Added connection org.mariadb.jdbc.Connection@7bda1184
[2022-11-30 23:04:04] DEBUG com.zaxxer.hikari.pool.HikariPool(HikariPool.java:729) - HikariPool-1 - Added connection org.mariadb.jdbc.Connection@daf2546
[2022-11-30 23:04:04] DEBUG com.zaxxer.hikari.pool.HikariPool(HikariPool.java:729) - HikariPool-1 - Added connection org.mariadb.jdbc.Connection@67d96322
[2022-11-30 23:04:04] DEBUG com.zaxxer.hikari.pool.HikariPool(HikariPool.java:729) - HikariPool-1 - Added connection org.mariadb.jdbc.Connection@1deee006
[2022-11-30 23:04:04] DEBUG com.zaxxer.hikari.pool.HikariPool(HikariPool.java:729) - HikariPool-1 - Added connection org.mariadb.jdbc.Connection@344d8b9d
[2022-11-30 23:04:04] DEBUG com.zaxxer.hikari.pool.HikariPool(HikariPool.java:729) - HikariPool-1 - Added connection org.mariadb.jdbc.Connection@2571c516
[2022-11-30 23:04:04] DEBUG com.zaxxer.hikari.pool.HikariPool(HikariPool.java:729) - HikariPool-1 - Added connection org.mariadb.jdbc.Connection@1a30e884
[2022-11-30 23:04:04] DEBUG com.zaxxer.hikari.pool.HikariPool(HikariPool.java:421) - HikariPool-1 - After adding stats (total=10, active=0, idle=10, waiting=0)
[2022-11-30 23:04:04] DEBUG org.hibernate.boot.model.relational.Namespace(Namespace.java:51) - Created database namespace [logicalName=Name{catalog=null, schema=null}, physicalName=Name{catalog=null, schema=null}]
[2022-11-30 23:04:04] DEBUG org.hibernate.boot.model.source.internal.annotations.AnnotationMetadataSourceProcessorImpl(AnnotationMetadataSourceProcessorImpl.java:250) - Skipping explicit MappedSuperclass com.note.hyowon.blog.entity.BaseEntity, the class will be discovered analyzing the implementing class
[2022-11-30 23:04:04] DEBUG org.hibernate.cfg.AnnotationBinder(AnnotationBinder.java:547) - Binding entity from annotated class: com.note.hyowon.blog.entity.PostEntity
[2022-11-30 23:04:04] DEBUG org.hibernate.cfg.Ejb3Column(Ejb3Column.java:227) - Binding column: Ejb3DiscriminatorColumn{logicalColumnName'DTYPE', discriminatorTypeName='string'}
[2022-11-30 23:04:04] DEBUG org.hibernate.cfg.annotations.EntityBinder(EntityBinder.java:431) - Import with entity name PostEntity
[2022-11-30 23:04:04] DEBUG org.hibernate.cfg.annotations.EntityBinder(EntityBinder.java:874) - Bind entity com.note.hyowon.blog.entity.PostEntity on table post
[2022-11-30 23:04:04] DEBUG org.hibernate.cfg.Ejb3Column(Ejb3Column.java:227) - Binding column: Ejb3Column{table=org.hibernate.mapping.Table(post), mappingColumn=post_no, insertable=true, updatable=true, unique=false}
[2022-11-30 23:04:04] DEBUG org.hibernate.boot.internal.ClassLoaderAccessImpl(ClassLoaderAccessImpl.java:60) - Not known whether passed class name [com.note.hyowon.blog.entity.PostEntity] is safe
[2022-11-30 23:04:04] DEBUG org.hibernate.boot.internal.ClassLoaderAccessImpl(ClassLoaderAccessImpl.java:62) - No temp ClassLoader provided; using live ClassLoader for loading potentially unsafe class : com.note.hyowon.blog.entity.PostEntity
[2022-11-30 23:04:04] DEBUG org.hibernate.cfg.annotations.PropertyBinder(PropertyBinder.java:175) - MetadataSourceProcessor property postNo with lazy=false
[2022-11-30 23:04:04] DEBUG org.hibernate.cfg.AbstractPropertyHolder(AbstractPropertyHolder.java:94) - Attempting to locate auto-apply AttributeConverter for property [com.note.hyowon.blog.entity.PostEntity:postNo]
[2022-11-30 23:04:04] DEBUG org.hibernate.cfg.annotations.SimpleValueBinder(SimpleValueBinder.java:410) - building SimpleValue for postNo
[2022-11-30 23:04:04] DEBUG org.hibernate.cfg.annotations.PropertyBinder(PropertyBinder.java:266) - Building property postNo
[2022-11-30 23:04:04] DEBUG org.hibernate.cfg.BinderHelper(BinderHelper.java:514) - #makeIdGenerator(org.hibernate.mapping.SimpleValue([org.hibernate.mapping.Column(post_no)]), postNo, identity, , ...)
[2022-11-30 23:04:04] DEBUG org.hibernate.cfg.Ejb3Column(Ejb3Column.java:227) - Binding column: Ejb3Column{table=org.hibernate.mapping.Table(post), mappingColumn=last_chg_datetime, insertable=true, updatable=true, unique=false}
[2022-11-30 23:04:04] DEBUG org.hibernate.cfg.annotations.PropertyBinder(PropertyBinder.java:175) - MetadataSourceProcessor property lastChgDateTime with lazy=false
[2022-11-30 23:04:04] DEBUG org.hibernate.cfg.AbstractPropertyHolder(AbstractPropertyHolder.java:94) - Attempting to locate auto-apply AttributeConverter for property [com.note.hyowon.blog.entity.PostEntity:lastChgDateTime]
[2022-11-30 23:04:04] DEBUG org.hibernate.cfg.annotations.SimpleValueBinder(SimpleValueBinder.java:410) - building SimpleValue for lastChgDateTime
[2022-11-30 23:04:04] DEBUG org.hibernate.cfg.annotations.PropertyBinder(PropertyBinder.java:266) - Building property lastChgDateTime
[2022-11-30 23:04:04] DEBUG org.hibernate.cfg.Ejb3Column(Ejb3Column.java:227) - Binding column: Ejb3Column{table=org.hibernate.mapping.Table(post), mappingColumn=content_as_html, insertable=true, updatable=true, unique=false}
[2022-11-30 23:04:04] DEBUG org.hibernate.cfg.annotations.PropertyBinder(PropertyBinder.java:175) - MetadataSourceProcessor property contentAsHtml with lazy=false
[2022-11-30 23:04:04] DEBUG org.hibernate.cfg.AbstractPropertyHolder(AbstractPropertyHolder.java:94) - Attempting to locate auto-apply AttributeConverter for property [com.note.hyowon.blog.entity.PostEntity:contentAsHtml]
[2022-11-30 23:04:04] DEBUG org.hibernate.cfg.annotations.SimpleValueBinder(SimpleValueBinder.java:410) - building SimpleValue for contentAsHtml
[2022-11-30 23:04:04] DEBUG org.hibernate.cfg.annotations.PropertyBinder(PropertyBinder.java:266) - Building property contentAsHtml
[2022-11-30 23:04:04] DEBUG org.hibernate.cfg.Ejb3Column(Ejb3Column.java:227) - Binding column: Ejb3Column{table=org.hibernate.mapping.Table(post), mappingColumn=content_as_markdown, insertable=true, updatable=true, unique=false}
[2022-11-30 23:04:04] DEBUG org.hibernate.cfg.annotations.PropertyBinder(PropertyBinder.java:175) - MetadataSourceProcessor property contentAsMarkdown with lazy=false
[2022-11-30 23:04:04] DEBUG org.hibernate.cfg.AbstractPropertyHolder(AbstractPropertyHolder.java:94) - Attempting to locate auto-apply AttributeConverter for property [com.note.hyowon.blog.entity.PostEntity:contentAsMarkdown]
[2022-11-30 23:04:04] DEBUG org.hibernate.cfg.annotations.SimpleValueBinder(SimpleValueBinder.java:410) - building SimpleValue for contentAsMarkdown
[2022-11-30 23:04:04] DEBUG org.hibernate.cfg.annotations.PropertyBinder(PropertyBinder.java:266) - Building property contentAsMarkdown
[2022-11-30 23:04:04] DEBUG org.hibernate.cfg.Ejb3Column(Ejb3Column.java:227) - Binding column: Ejb3Column{table=org.hibernate.mapping.Table(post), mappingColumn=reg_date, insertable=true, updatable=true, unique=false}
[2022-11-30 23:04:04] DEBUG org.hibernate.cfg.annotations.PropertyBinder(PropertyBinder.java:175) - MetadataSourceProcessor property regDate with lazy=false
[2022-11-30 23:04:04] DEBUG org.hibernate.cfg.AbstractPropertyHolder(AbstractPropertyHolder.java:94) - Attempting to locate auto-apply AttributeConverter for property [com.note.hyowon.blog.entity.PostEntity:regDate]
[2022-11-30 23:04:04] DEBUG org.hibernate.cfg.annotations.SimpleValueBinder(SimpleValueBinder.java:410) - building SimpleValue for regDate
[2022-11-30 23:04:04] DEBUG org.hibernate.cfg.annotations.PropertyBinder(PropertyBinder.java:266) - Building property regDate
[2022-11-30 23:04:04] DEBUG org.hibernate.cfg.Ejb3Column(Ejb3Column.java:227) - Binding column: Ejb3Column{table=org.hibernate.mapping.Table(post), mappingColumn=title, insertable=true, updatable=true, unique=false}
[2022-11-30 23:04:04] DEBUG org.hibernate.cfg.annotations.PropertyBinder(PropertyBinder.java:175) - MetadataSourceProcessor property title with lazy=false
[2022-11-30 23:04:04] DEBUG org.hibernate.cfg.AbstractPropertyHolder(AbstractPropertyHolder.java:94) - Attempting to locate auto-apply AttributeConverter for property [com.note.hyowon.blog.entity.PostEntity:title]
[2022-11-30 23:04:04] DEBUG org.hibernate.cfg.annotations.SimpleValueBinder(SimpleValueBinder.java:410) - building SimpleValue for title
[2022-11-30 23:04:04] DEBUG org.hibernate.cfg.annotations.PropertyBinder(PropertyBinder.java:266) - Building property title
[2022-11-30 23:04:04] DEBUG org.hibernate.cfg.Ejb3Column(Ejb3Column.java:227) - Binding column: Ejb3Column{table=org.hibernate.mapping.Table(post), mappingColumn=upd_date, insertable=true, updatable=true, unique=false}
[2022-11-30 23:04:04] DEBUG org.hibernate.cfg.annotations.PropertyBinder(PropertyBinder.java:175) - MetadataSourceProcessor property updDate with lazy=false
[2022-11-30 23:04:04] DEBUG org.hibernate.cfg.AbstractPropertyHolder(AbstractPropertyHolder.java:94) - Attempting to locate auto-apply AttributeConverter for property [com.note.hyowon.blog.entity.PostEntity:updDate]
[2022-11-30 23:04:04] DEBUG org.hibernate.cfg.annotations.SimpleValueBinder(SimpleValueBinder.java:410) - building SimpleValue for updDate
[2022-11-30 23:04:04] DEBUG org.hibernate.cfg.annotations.PropertyBinder(PropertyBinder.java:266) - Building property updDate
[2022-11-30 23:04:04] DEBUG org.hibernate.cfg.Ejb3Column(Ejb3Column.java:227) - Binding column: Ejb3Column{table=org.hibernate.mapping.Table(post), mappingColumn=view_count, insertable=true, updatable=true, unique=false}
[2022-11-30 23:04:04] DEBUG org.hibernate.cfg.annotations.PropertyBinder(PropertyBinder.java:175) - MetadataSourceProcessor property viewCount with lazy=false
[2022-11-30 23:04:04] DEBUG org.hibernate.cfg.AbstractPropertyHolder(AbstractPropertyHolder.java:94) - Attempting to locate auto-apply AttributeConverter for property [com.note.hyowon.blog.entity.PostEntity:viewCount]
[2022-11-30 23:04:04] DEBUG org.hibernate.cfg.annotations.SimpleValueBinder(SimpleValueBinder.java:410) - building SimpleValue for viewCount
[2022-11-30 23:04:04] DEBUG org.hibernate.cfg.annotations.PropertyBinder(PropertyBinder.java:266) - Building property viewCount
[2022-11-30 23:04:04] DEBUG org.hibernate.cfg.Ejb3Column(Ejb3Column.java:227) - Binding column: Ejb3Column{table=org.hibernate.mapping.Table(post), mappingColumn=visible_yn, insertable=true, updatable=true, unique=false}
[2022-11-30 23:04:04] DEBUG org.hibernate.cfg.annotations.PropertyBinder(PropertyBinder.java:175) - MetadataSourceProcessor property visibleYn with lazy=false
[2022-11-30 23:04:04] DEBUG org.hibernate.cfg.AbstractPropertyHolder(AbstractPropertyHolder.java:94) - Attempting to locate auto-apply AttributeConverter for property [com.note.hyowon.blog.entity.PostEntity:visibleYn]
[2022-11-30 23:04:04] DEBUG org.hibernate.cfg.annotations.SimpleValueBinder(SimpleValueBinder.java:410) - building SimpleValue for visibleYn
[2022-11-30 23:04:04] DEBUG org.hibernate.cfg.annotations.PropertyBinder(PropertyBinder.java:266) - Building property visibleYn
[2022-11-30 23:04:04] DEBUG org.hibernate.cfg.Ejb3Column(Ejb3Column.java:227) - Binding column: Ejb3Column{table=org.hibernate.mapping.Table(post), mappingColumn=writer, insertable=true, updatable=true, unique=false}
[2022-11-30 23:04:04] DEBUG org.hibernate.cfg.annotations.PropertyBinder(PropertyBinder.java:175) - MetadataSourceProcessor property writer with lazy=false
[2022-11-30 23:04:04] DEBUG org.hibernate.cfg.AbstractPropertyHolder(AbstractPropertyHolder.java:94) - Attempting to locate auto-apply AttributeConverter for property [com.note.hyowon.blog.entity.PostEntity:writer]
[2022-11-30 23:04:04] DEBUG org.hibernate.cfg.annotations.SimpleValueBinder(SimpleValueBinder.java:410) - building SimpleValue for writer
[2022-11-30 23:04:04] DEBUG org.hibernate.cfg.annotations.PropertyBinder(PropertyBinder.java:266) - Building property writer
[2022-11-30 23:04:04] DEBUG org.hibernate.jpa.event.internal.CallbackDefinitionResolverLegacyImpl(CallbackDefinitionResolverLegacyImpl.java:146) - Adding touchForUpdate as PreUpdate callback for entity com.note.hyowon.blog.entity.PostEntity
[2022-11-30 23:04:04] DEBUG org.hibernate.jpa.event.internal.CallbackDefinitionResolverLegacyImpl(CallbackDefinitionResolverLegacyImpl.java:146) - Adding touchForCreate as PrePersist callback for entity com.note.hyowon.blog.entity.PostEntity
[2022-11-30 23:04:04] DEBUG org.hibernate.cfg.annotations.SimpleValueBinder(SimpleValueBinder.java:455) - Starting fillSimpleValue for postNo
[2022-11-30 23:04:04] DEBUG org.hibernate.cfg.annotations.SimpleValueBinder(SimpleValueBinder.java:455) - Starting fillSimpleValue for lastChgDateTime
[2022-11-30 23:04:04] DEBUG org.hibernate.cfg.annotations.SimpleValueBinder(SimpleValueBinder.java:455) - Starting fillSimpleValue for contentAsHtml
[2022-11-30 23:04:04] DEBUG org.hibernate.cfg.annotations.SimpleValueBinder(SimpleValueBinder.java:455) - Starting fillSimpleValue for contentAsMarkdown
[2022-11-30 23:04:04] DEBUG org.hibernate.cfg.annotations.SimpleValueBinder(SimpleValueBinder.java:455) - Starting fillSimpleValue for regDate
[2022-11-30 23:04:04] DEBUG org.hibernate.cfg.annotations.SimpleValueBinder(SimpleValueBinder.java:455) - Starting fillSimpleValue for title
[2022-11-30 23:04:04] DEBUG org.hibernate.cfg.annotations.SimpleValueBinder(SimpleValueBinder.java:455) - Starting fillSimpleValue for updDate
[2022-11-30 23:04:04] DEBUG org.hibernate.cfg.annotations.SimpleValueBinder(SimpleValueBinder.java:455) - Starting fillSimpleValue for viewCount
[2022-11-30 23:04:04] DEBUG org.hibernate.cfg.annotations.SimpleValueBinder(SimpleValueBinder.java:455) - Starting fillSimpleValue for visibleYn
[2022-11-30 23:04:04] DEBUG org.hibernate.cfg.annotations.SimpleValueBinder(SimpleValueBinder.java:455) - Starting fillSimpleValue for writer
[2022-11-30 23:04:04] DEBUG org.hibernate.mapping.PrimaryKey(PrimaryKey.java:36) - Forcing column [post_no] to be non-null as it is part of the primary key for table [post]
[2022-11-30 23:04:04] DEBUG org.hibernate.internal.SessionFactoryImpl(SessionFactoryImpl.java:208) - Building session factory
[2022-11-30 23:04:04] DEBUG org.hibernate.cfg.Settings(Settings.java:68) - SessionFactory name : null
[2022-11-30 23:04:04] DEBUG org.hibernate.cfg.Settings(Settings.java:69) - Automatic flush during beforeCompletion(): enabled
[2022-11-30 23:04:04] DEBUG org.hibernate.cfg.Settings(Settings.java:70) - Automatic session close at end of transaction: disabled
[2022-11-30 23:04:04] DEBUG org.hibernate.cfg.Settings(Settings.java:72) - Statistics: disabled
[2022-11-30 23:04:04] DEBUG org.hibernate.cfg.Settings(Settings.java:74) - Deleted entity synthetic identifier rollback: disabled
[2022-11-30 23:04:04] DEBUG org.hibernate.cfg.Settings(Settings.java:75) - Default entity-mode: pojo
[2022-11-30 23:04:04] DEBUG org.hibernate.cfg.Settings(Settings.java:76) - Check Nullability in Core (should be disabled when Bean Validation is on): enabled
[2022-11-30 23:04:04] DEBUG org.hibernate.cfg.Settings(Settings.java:77) - Allow initialization of lazy state outside session : disabled
[2022-11-30 23:04:04] DEBUG org.hibernate.cfg.Settings(Settings.java:79) - Using BatchFetchStyle : LEGACY
[2022-11-30 23:04:04] DEBUG org.hibernate.cfg.Settings(Settings.java:80) - Default batch fetch size: -1
[2022-11-30 23:04:04] DEBUG org.hibernate.cfg.Settings(Settings.java:81) - Maximum outer join fetch depth: 2
[2022-11-30 23:04:04] DEBUG org.hibernate.cfg.Settings(Settings.java:82) - Default null ordering: NONE
[2022-11-30 23:04:04] DEBUG org.hibernate.cfg.Settings(Settings.java:83) - Order SQL updates by primary key: disabled
[2022-11-30 23:04:04] DEBUG org.hibernate.cfg.Settings(Settings.java:84) - Order SQL inserts for batching: disabled
[2022-11-30 23:04:04] DEBUG org.hibernate.cfg.Settings(Settings.java:86) - multi-tenancy strategy : NONE
[2022-11-30 23:04:04] DEBUG org.hibernate.cfg.Settings(Settings.java:88) - JTA Track by Thread: enabled
[2022-11-30 23:04:04] DEBUG org.hibernate.cfg.Settings(Settings.java:90) - Query language substitutions: {}
[2022-11-30 23:04:04] DEBUG org.hibernate.cfg.Settings(Settings.java:91) - Named query checking : enabled
[2022-11-30 23:04:04] DEBUG org.hibernate.cfg.Settings(Settings.java:93) - Second-level cache: disabled
[2022-11-30 23:04:04] DEBUG org.hibernate.cfg.Settings(Settings.java:94) - Second-level query cache: disabled
[2022-11-30 23:04:04] DEBUG org.hibernate.cfg.Settings(Settings.java:95) - Second-level query cache factory: null
[2022-11-30 23:04:04] DEBUG org.hibernate.cfg.Settings(Settings.java:96) - Second-level cache region prefix: null
[2022-11-30 23:04:04] DEBUG org.hibernate.cfg.Settings(Settings.java:97) - Optimize second-level cache for minimal puts: disabled
[2022-11-30 23:04:04] DEBUG org.hibernate.cfg.Settings(Settings.java:98) - Structured second-level cache entries: disabled
[2022-11-30 23:04:04] DEBUG org.hibernate.cfg.Settings(Settings.java:99) - Second-level cache direct-reference entries: disabled
[2022-11-30 23:04:04] DEBUG org.hibernate.cfg.Settings(Settings.java:100) - Automatic eviction of collection cache: disabled
[2022-11-30 23:04:04] DEBUG org.hibernate.cfg.Settings(Settings.java:102) - JDBC batch size: 15
[2022-11-30 23:04:04] DEBUG org.hibernate.cfg.Settings(Settings.java:103) - JDBC batch updates for versioned data: enabled
[2022-11-30 23:04:04] DEBUG org.hibernate.cfg.Settings(Settings.java:104) - Scrollable result sets: enabled
[2022-11-30 23:04:04] DEBUG org.hibernate.cfg.Settings(Settings.java:105) - Wrap result sets: disabled
[2022-11-30 23:04:04] DEBUG org.hibernate.cfg.Settings(Settings.java:106) - JDBC3 getGeneratedKeys(): enabled
[2022-11-30 23:04:04] DEBUG org.hibernate.cfg.Settings(Settings.java:107) - JDBC result set fetch size: null
[2022-11-30 23:04:04] DEBUG org.hibernate.cfg.Settings(Settings.java:108) - Connection release mode: ON_CLOSE
[2022-11-30 23:04:04] DEBUG org.hibernate.cfg.Settings(Settings.java:109) - Generate SQL with comments: disabled
[2022-11-30 23:04:04] DEBUG org.hibernate.cfg.Settings(Settings.java:111) - JPA compliance - query : disabled
[2022-11-30 23:04:04] DEBUG org.hibernate.cfg.Settings(Settings.java:112) - JPA compliance - closed-handling : disabled
[2022-11-30 23:04:04] DEBUG org.hibernate.cfg.Settings(Settings.java:113) - JPA compliance - lists : disabled
[2022-11-30 23:04:04] DEBUG org.hibernate.cfg.Settings(Settings.java:114) - JPA compliance - transactions : disabled
[2022-11-30 23:04:04] DEBUG org.hibernate.service.internal.SessionFactoryServiceRegistryImpl(SessionFactoryServiceRegistryImpl.java:92) - EventListenerRegistry access via ServiceRegistry is deprecated.  Use `sessionFactory.getEventEngine().getListenerRegistry()` instead
[2022-11-30 23:04:04] DEBUG org.hibernate.service.internal.SessionFactoryServiceRegistryImpl(SessionFactoryServiceRegistryImpl.java:92) - EventListenerRegistry access via ServiceRegistry is deprecated.  Use `sessionFactory.getEventEngine().getListenerRegistry()` instead
[2022-11-30 23:04:04] DEBUG org.hibernate.internal.SessionFactoryImpl(SessionFactoryImpl.java:276) - Session factory constructed with filter configurations : {}
[2022-11-30 23:04:04] DEBUG org.hibernate.internal.SessionFactoryImpl(SessionFactoryImpl.java:277) - Instantiating session factory with properties: {sun.desktop=windows, awt.toolkit=sun.awt.windows.WToolkit, hibernate.format_sql=true, hibernate.id.new_generator_mappings=true, java.specification.version=11, sun.cpu.isalist=amd64, hibernate.resource.beans.container=org.springframework.orm.hibernate5.SpringBeanContainer@3c4c7e51, hibernate.connection.handling_mode=DELAYED_ACQUISITION_AND_HOLD, sun.jnu.encoding=MS949, org.gradle.test.worker=4, hibernate.implicit_naming_strategy=org.springframework.boot.orm.jpa.hibernate.SpringImplicitNamingStrategy, java.class.path=C:\\Users\\skgyd\\.gradle\\caches\\7.5.1\\workerMain\\gradle-worker.jar;C:\\z_workspace\\hyowon_note\\build\\classes\\java\\test;C:\\z_workspace\\hyowon_note\\build\\classes\\java\\main;C:\\z_workspace\\hyowon_note\\build\\resources\\main;C:\\Users\\skgyd\\.gradle\\caches\\modules-2\\files-2.1\\org.springframework.boot\\spring-boot-starter-data-jpa\\2.7.5\\b83184467079d5b808fb2f9fbc858b1804975808\\spring-boot-starter-data-jpa-2.7.5.jar;C:\\Users\\skgyd\\.gradle\\caches\\modules-2\\files-2.1\\org.springframework.boot\\spring-boot-starter-thymeleaf\\2.7.5\\d2be8d1d822d988924e0a23c81d795ae5aa288f3\\spring-boot-starter-thymeleaf-2.7.5.jar;C:\\Users\\skgyd\\.gradle\\caches\\modules-2\\files-2.1\\org.springframework.boot\\spring-boot-starter-web\\2.7.5\\bb4099d0466a62c3b11ab9323babca13bb430a2e\\spring-boot-starter-web-2.7.5.jar;C:\\Users\\skgyd\\.gradle\\caches\\modules-2\\files-2.1\\nz.net.ultraq.thymeleaf\\thymeleaf-layout-dialect\\3.1.0\\a3f0e5a1c458b104c0e90efb1cb513e3eaf99d71\\thymeleaf-layout-dialect-3.1.0.jar;C:\\Users\\skgyd\\.gradle\\caches\\modules-2\\files-2.1\\com.querydsl\\querydsl-jpa\\5.0.0\\2d66608cb2cbcde56290e49f2918960cc17fcb09\\querydsl-jpa-5.0.0.jar;C:\\Users\\skgyd\\.gradle\\caches\\modules-2\\files-2.1\\org.modelmapper\\modelmapper\\3.1.0\\a3727e6b449dfc9d9052d48185d1eeb029faaf12\\modelmapper-3.1.0.jar;C:\\Users\\skgyd\\.gradle\\caches\\modules-2\\files-2.1\\org.springframework.boot\\spring-boot-starter-validation\\2.7.5\\11760608ed34382c96c7f623eceaa608041f1ff0\\spring-boot-starter-validation-2.7.5.jar;C:\\Users\\skgyd\\.gradle\\caches\\modules-2\\files-2.1\\org.springframework.boot\\spring-boot-starter-log4j2\\2.7.5\\13340be10591b247ba509212d0483c78e09dfc62\\spring-boot-starter-log4j2-2.7.5.jar;C:\\Users\\skgyd\\.gradle\\caches\\modules-2\\files-2.1\\net.coobird\\thumbnailator\\0.4.16\\4751ee95ab6e4daaf5f3dc44207daff310c84526\\thumbnailator-0.4.16.jar;C:\\Users\\skgyd\\.gradle\\caches\\modules-2\\files-2.1\\org.springframework.boot\\spring-boot-starter-tomcat\\2.7.5\\eb7849c52953de44d9712adf45398ccb1a7d4295\\spring-boot-starter-tomcat-2.7.5.jar;C:\\Users\\skgyd\\.gradle\\caches\\modules-2\\files-2.1\\org.mariadb.jdbc\\mariadb-java-client\\3.0.8\\9b13e09b6244d773d9bfedbea0301b71a447fb16\\mariadb-java-client-3.0.8.jar;C:\\Users\\skgyd\\.gradle\\caches\\modules-2\\files-2.1\\org.springframework.boot\\spring-boot-starter-test\\2.7.5\\f52fd19eda97bb76bb304f4734c3d654ecca0666\\spring-boot-starter-test-2.7.5.jar;C:\\Users\\skgyd\\.gradle\\caches\\modules-2\\files-2.1\\org.springframework.boot\\spring-boot-starter-aop\\2.7.5\\ea4b85395faaa3a382f2a582e4bf023d088d320e\\spring-boot-starter-aop-2.7.5.jar;C:\\Users\\skgyd\\.gradle\\caches\\modules-2\\files-2.1\\org.springframework.boot\\spring-boot-starter-jdbc\\2.7.5\\b57c3f8fb2fe235a8ff368755092371423bbc5b3\\spring-boot-starter-jdbc-2.7.5.jar;C:\\Users\\skgyd\\.gradle\\caches\\modules-2\\files-2.1\\jakarta.transaction\\jakarta.transaction-api\\1.3.3\\c4179d48720a1e87202115fbed6089bdc4195405\\jakarta.transaction-api-1.3.3.jar;C:\\Users\\skgyd\\.gradle\\caches\\modules-2\\files-2.1\\jakarta.persistence\\jakarta.persistence-api\\2.2.3\\8f6ea5daedc614f07a3654a455660145286f024e\\jakarta.persistence-api-2.2.3.jar;C:\\Users\\skgyd\\.gradle\\caches\\modules-2\\files-2.1\\org.hibernate\\hibernate-core\\5.6.12.Final\\66720fe38bdb9515924d559b8aac7b522d7ae171\\hibernate-core-5.6.12.Final.jar;C:\\Users\\skgyd\\.gradle\\caches\\modules-2\\files-2.1\\org.springframework.data\\spring-data-jpa\\2.7.5\\dc0bb497a33fcd3f82fe0ccfd674476d93889b3d\\spring-data-jpa-2.7.5.jar;C:\\Users\\skgyd\\.gradle\\caches\\modules-2\\files-2.1\\org.springframework\\spring-aspects\\5.3.23\\35a0f5df4241f794fd79dd2447195ac055e88b8e\\spring-aspects-5.3.23.jar;C:\\Users\\skgyd\\.gradle\\caches\\modules-2\\files-2.1\\org.springframework.boot\\spring-boot-starter-json\\2.7.5\\9c7df04ff37b2e7471632ddeb4a296c5fb6bddee\\spring-boot-starter-json-2.7.5.jar;C:\\Users\\skgyd\\.gradle\\caches\\modules-2\\files-2.1\\org.springframework.boot\\spring-boot-starter\\2.7.5\\c28e1546461803490588085345ba5d2897d232bc\\spring-boot-starter-2.7.5.jar;C:\\Users\\skgyd\\.gradle\\caches\\modules-2\\files-2.1\\org.thymeleaf\\thymeleaf-spring5\\3.0.15.RELEASE\\7170e1bcd1588d38c139f7048ebcc262676441c3\\thymeleaf-spring5-3.0.15.RELEASE.jar;C:\\Users\\skgyd\\.gradle\\caches\\modules-2\\files-2.1\\org.thymeleaf.extras\\thymeleaf-extras-java8time\\3.0.4.RELEASE\\36e7175ddce36c486fff4578b5af7bb32f54f5df\\thymeleaf-extras-java8time-3.0.4.RELEASE.jar;C:\\Users\\skgyd\\.gradle\\caches\\modules-2\\files-2.1\\org.springframework\\spring-webmvc\\5.3.23\\b163527c275b0374371890c0b76c2a2a09f9804b\\spring-webmvc-5.3.23.jar;C:\\Users\\skgyd\\.gradle\\caches\\modules-2\\files-2.1\\org.springframework\\spring-web\\5.3.23\\193f5276092d9cbe3222c63885b47ca7b2cce97\\spring-web-5.3.23.jar;C:\\Users\\skgyd\\.gradle\\caches\\modules-2\\files-2.1\\nz.net.ultraq.groovy\\groovy-extensions\\2.0.0\\110e17da777095f87bc500fc3c827c5e5da6130\\groovy-extensions-2.0.0.jar;C:\\Users\\skgyd\\.gradle\\caches\\modules-2\\files-2.1\\nz.net.ultraq.thymeleaf\\thymeleaf-expression-processor\\3.1.0\\a14d6c0fe36bd115956098fed6f6542bc2dd6818\\thymeleaf-expression-processor-3.1.0.jar;C:\\Users\\skgyd\\.gradle\\caches\\modules-2\\files-2.1\\org.thymeleaf\\thymeleaf\\3.0.15.RELEASE\\13e3296a03d8a597b734d832ed8656139bf9cdd8\\thymeleaf-3.0.15.RELEASE.jar;C:\\Users\\skgyd\\.gradle\\caches\\modules-2\\files-2.1\\org.apache.groovy\\groovy\\4.0.0\\6856ea9e77c50c52429d996a9ce194db8497e682\\groovy-4.0.0.jar;C:\\Users\\skgyd\\.gradle\\caches\\modules-2\\files-2.1\\com.querydsl\\querydsl-core\\5.0.0\\7a469f78b7a89bae429f17766fb92687d0ab9e5b\\querydsl-core-5.0.0.jar;C:\\Users\\skgyd\\.gradle\\caches\\modules-2\\files-2.1\\org.apache.tomcat.embed\\tomcat-embed-el\\9.0.68\\296afe7483256960d7ebdd8dcb4b49775d7cb85f\\tomcat-embed-el-9.0.68.jar;C:\\Users\\skgyd\\.gradle\\caches\\modules-2\\files-2.1\\org.hibernate.validator\\hibernate-validator\\6.2.5.Final\\a68959c06e5f8ff45faff469aa16f232c04af620\\hibernate-validator-6.2.5.Final.jar;C:\\Users\\skgyd\\.gradle\\caches\\modules-2\\files-2.1\\org.apache.logging.log4j\\log4j-slf4j-impl\\2.17.2\\183f7c95fc981f3e97d008b363341343508848e\\log4j-slf4j-impl-2.17.2.jar;C:\\Users\\skgyd\\.gradle\\caches\\modules-2\\files-2.1\\org.apache.logging.log4j\\log4j-core\\2.17.2\\fa43ba4467f5300b16d1e0742934149bfc5ac564\\log4j-core-2.17.2.jar;C:\\Users\\skgyd\\.gradle\\caches\\modules-2\\files-2.1\\org.apache.logging.log4j\\log4j-jul\\2.17.2\\6a479ffc13d5f0ca3df8117ed57419fc5d06de7f\\log4j-jul-2.17.2.jar;C:\\Users\\skgyd\\.gradle\\caches\\modules-2\\files-2.1\\org.slf4j\\jul-to-slf4j\\1.7.36\\ed46d81cef9c412a88caef405b58f93a678ff2ca\\jul-to-slf4j-1.7.36.jar;C:\\Users\\skgyd\\.gradle\\caches\\modules-2\\files-2.1\\jakarta.annotation\\jakarta.annotation-api\\1.3.5\\59eb84ee0d616332ff44aba065f3888cf002cd2d\\jakarta.annotation-api-1.3.5.jar;C:\\Users\\skgyd\\.gradle\\caches\\modules-2\\files-2.1\\org.apache.tomcat.embed\\tomcat-embed-websocket\\9.0.68\\15fc94001bb916a808631422a6488a678496ef94\\tomcat-embed-websocket-9.0.68.jar;C:\\Users\\skgyd\\.gradle\\caches\\modules-2\\files-2.1\\org.apache.tomcat.embed\\tomcat-embed-core\\9.0.68\\caafeb87d6ff30adda888049c9b81591c7cc20d1\\tomcat-embed-core-9.0.68.jar;C:\\Users\\skgyd\\.gradle\\caches\\modules-2\\files-2.1\\org.springframework.boot\\spring-boot-test-autoconfigure\\2.7.5\\b01668d3ed2d5d9e56072108f04030cd2caceb0e\\spring-boot-test-autoconfigure-2.7.5.jar;C:\\Users\\skgyd\\.gradle\\caches\\modules-2\\files-2.1\\org.springframework.boot\\spring-boot-test\\2.7.5\\2db591bb7568aa41795d595cabf99ef837b860c0\\spring-boot-test-2.7.5.jar;C:\\Users\\skgyd\\.gradle\\caches\\modules-2\\files-2.1\\com.jayway.jsonpath\\json-path\\2.7.0\\f9d7d9659f2694e61142046ff8a216c047f263e8\\json-path-2.7.0.jar;C:\\Users\\skgyd\\.gradle\\caches\\modules-2\\files-2.1\\org.glassfish.jaxb\\jaxb-runtime\\2.3.7\\ebcde6a44159eb9e3db721dfe6b45f26e6272341\\jaxb-runtime-2.3.7.jar;C:\\Users\\skgyd\\.gradle\\caches\\modules-2\\files-2.1\\jakarta.xml.bind\\jakarta.xml.bind-api\\2.3.3\\48e3b9cfc10752fba3521d6511f4165bea951801\\jakarta.xml.bind-api-2.3.3.jar;C:\\Users\\skgyd\\.gradle\\caches\\modules-2\\files-2.1\\org.assertj\\assertj-core\\3.22.0\\c300c0c6a24559f35fa0bd3a5472dc1edcd0111e\\assertj-core-3.22.0.jar;C:\\Users\\skgyd\\.gradle\\caches\\modules-2\\files-2.1\\org.hamcrest\\hamcrest\\2.2\\1820c0968dba3a11a1b30669bb1f01978a91dedc\\hamcrest-2.2.jar;C:\\Users\\skgyd\\.gradle\\caches\\modules-2\\files-2.1\\org.mockito\\mockito-junit-jupiter\\4.5.1\\f81fb60bd69b3a6e5537ae23b883326f01632a61\\mockito-junit-jupiter-4.5.1.jar;C:\\Users\\skgyd\\.gradle\\caches\\modules-2\\files-2.1\\org.junit.jupiter\\junit-jupiter-params\\5.8.2\\ddeafe92fc263f895bfb73ffeca7fd56e23c2cce\\junit-jupiter-params-5.8.2.jar;C:\\Users\\skgyd\\.gradle\\caches\\modules-2\\files-2.1\\org.junit.jupiter\\junit-jupiter-engine\\5.8.2\\c598b4328d2f397194d11df3b1648d68d7d990e3\\junit-jupiter-engine-5.8.2.jar;C:\\Users\\skgyd\\.gradle\\caches\\modules-2\\files-2.1\\org.junit.jupiter\\junit-jupiter-api\\5.8.2\\4c21029217adf07e4c0d0c5e192b6bf610c94bdc\\junit-jupiter-api-5.8.2.jar;C:\\Users\\skgyd\\.gradle\\caches\\modules-2\\files-2.1\\org.junit.platform\\junit-platform-engine\\1.8.2\\b737de09f19864bd136805c84df7999a142fec29\\junit-platform-engine-1.8.2.jar;C:\\Users\\skgyd\\.gradle\\caches\\modules-2\\files-2.1\\org.junit.platform\\junit-platform-commons\\1.8.2\\32c8b8617c1342376fd5af2053da6410d8866861\\junit-platform-commons-1.8.2.jar;C:\\Users\\skgyd\\.gradle\\caches\\modules-2\\files-2.1\\org.junit.jupiter\\junit-jupiter\\5.8.2\\5a817b1e63f1217e5c586090c45e681281f097ad\\junit-jupiter-5.8.2.jar;C:\\Users\\skgyd\\.gradle\\caches\\modules-2\\files-2.1\\org.mockito\\mockito-core\\4.5.1\\ed456e623e5afc6f4cee3ae58144e5c45f3b3bf\\mockito-core-4.5.1.jar;C:\\Users\\skgyd\\.gradle\\caches\\modules-2\\files-2.1\\org.skyscreamer\\jsonassert\\1.5.1\\6d842d0faf4cf6725c509a5e5347d319ee0431c3\\jsonassert-1.5.1.jar;C:\\Users\\skgyd\\.gradle\\caches\\modules-2\\files-2.1\\org.springframework\\spring-test\\5.3.23\\d8ef0b0c1a26cf5a62b4e1204717ce6c682e2641\\spring-test-5.3.23.jar;C:\\Users\\skgyd\\.gradle\\caches\\modules-2\\files-2.1\\org.springframework.boot\\spring-boot-autoconfigure\\2.7.5\\96646e63a2296d0a3209383e81cdb8c87ab2f913\\spring-boot-autoconfigure-2.7.5.jar;C:\\Users\\skgyd\\.gradle\\caches\\modules-2\\files-2.1\\org.springframework.boot\\spring-boot\\2.7.5\\fd04e228e6e21b7ad13c10ae29afd31868d842e5\\spring-boot-2.7.5.jar;C:\\Users\\skgyd\\.gradle\\caches\\modules-2\\files-2.1\\org.springframework\\spring-context\\5.3.23\\530b36b2ce2c9e471c6a260c3f181bcd20325a58\\spring-context-5.3.23.jar;C:\\Users\\skgyd\\.gradle\\caches\\modules-2\\files-2.1\\org.springframework\\spring-aop\\5.3.23\\30d0034ba29178e98781d85f51a7eb709a628e9b\\spring-aop-5.3.23.jar;C:\\Users\\skgyd\\.gradle\\caches\\modules-2\\files-2.1\\org.springframework\\spring-orm\\5.3.23\\7d023546cde0f1b2b8d289c690679f740394298b\\spring-orm-5.3.23.jar;C:\\Users\\skgyd\\.gradle\\caches\\modules-2\\files-2.1\\org.springframework\\spring-jdbc\\5.3.23\\c859919a644942822e49cb7f2404b2c4d3cba040\\spring-jdbc-5.3.23.jar;C:\\Users\\skgyd\\.gradle\\caches\\modules-2\\files-2.1\\org.springframework.data\\spring-data-commons\\2.7.5\\314b3faf010d9a5bf5a7cf12914e721ad0257f4\\spring-data-commons-2.7.5.jar;C:\\Users\\skgyd\\.gradle\\caches\\modules-2\\files-2.1\\org.springframework\\spring-tx\\5.3.23\\ab313b4028c62e18fe02defdd5050af704778428\\spring-tx-5.3.23.jar;C:\\Users\\skgyd\\.gradle\\caches\\modules-2\\files-2.1\\org.springframework\\spring-beans\\5.3.23\\3bdefbf6042ed742cbe16f27d2d14cca9096a606\\spring-beans-5.3.23.jar;C:\\Users\\skgyd\\.gradle\\caches\\modules-2\\files-2.1\\org.springframework\\spring-expression\\5.3.23\\3a676bf4b9bc42bd37ab5ad264acb6ceb63397a2\\spring-expression-5.3.23.jar;C:\\Users\\skgyd\\.gradle\\caches\\modules-2\\files-2.1\\org.springframework\\spring-core\\5.3.23\\91407dc1106ea423c44150f3da1a0b4f8e25e5ca\\spring-core-5.3.23.jar;C:\\Users\\skgyd\\.gradle\\caches\\modules-2\\files-2.1\\org.xmlunit\\xmlunit-core\\2.9.0\\8959725d90eecfee28acd7110e2bb8460285d876\\xmlunit-core-2.9.0.jar;C:\\Users\\skgyd\\.gradle\\caches\\modules-2\\files-2.1\\org.aspectj\\aspectjweaver\\1.9.7\\158f5c255cd3e4408e795b79f7c3fbae9b53b7ca\\aspectjweaver-1.9.7.jar;C:\\Users\\skgyd\\.gradle\\caches\\modules-2\\files-2.1\\com.zaxxer\\HikariCP\\4.0.3\\107cbdf0db6780a065f895ae9d8fbf3bb0e1c21f\\HikariCP-4.0.3.jar;C:\\Users\\skgyd\\.gradle\\caches\\modules-2\\files-2.1\\org.hibernate.common\\hibernate-commons-annotations\\5.1.2.Final\\e59ffdbc6ad09eeb33507b39ffcf287679a498c8\\hibernate-commons-annotations-5.1.2.Final.jar;C:\\Users\\skgyd\\.gradle\\caches\\modules-2\\files-2.1\\org.jboss.logging\\jboss-logging\\3.4.3.Final\\c4bd7e12a745c0e7f6cf98c45cdcdf482fd827ea\\jboss-logging-3.4.3.Final.jar;C:\\Users\\skgyd\\.gradle\\caches\\modules-2\\files-2.1\\net.bytebuddy\\byte-buddy\\1.12.18\\875a9c3f29d2f6f499dfd60d76e97a343f9b1233\\byte-buddy-1.12.18.jar;C:\\Users\\skgyd\\.gradle\\caches\\modules-2\\files-2.1\\antlr\\antlr\\2.7.7\\83cd2cd674a217ade95a4bb83a8a14f351f48bd0\\antlr-2.7.7.jar;C:\\Users\\skgyd\\.gradle\\caches\\modules-2\\files-2.1\\org.jboss\\jandex\\2.4.2.Final\\1e1c385990b258ff1a24c801e84aebbacf70eb39\\jandex-2.4.2.Final.jar;C:\\Users\\skgyd\\.gradle\\caches\\modules-2\\files-2.1\\com.fasterxml\\classmate\\1.5.1\\3fe0bed568c62df5e89f4f174c101eab25345b6c\\classmate-1.5.1.jar;C:\\Users\\skgyd\\.gradle\\caches\\modules-2\\files-2.1\\org.slf4j\\slf4j-api\\1.7.36\\6c62681a2f655b49963a5983b8b0950a6120ae14\\slf4j-api-1.7.36.jar;C:\\Users\\skgyd\\.gradle\\caches\\modules-2\\files-2.1\\org.yaml\\snakeyaml\\1.30\\8fde7fe2586328ac3c68db92045e1c8759125000\\snakeyaml-1.30.jar;C:\\Users\\skgyd\\.gradle\\caches\\modules-2\\files-2.1\\com.fasterxml.jackson.datatype\\jackson-datatype-jsr310\\2.13.4\\e6d820112871f33cd94a1dcc54eef58874753b5\\jackson-datatype-jsr310-2.13.4.jar;C:\\Users\\skgyd\\.gradle\\caches\\modules-2\\files-2.1\\com.fasterxml.jackson.module\\jackson-module-parameter-names\\2.13.4\\858ccf6624b5fac6044813e845063edb6a62cf37\\jackson-module-parameter-names-2.13.4.jar;C:\\Users\\skgyd\\.gradle\\caches\\modules-2\\files-2.1\\com.fasterxml.jackson.core\\jackson-annotations\\2.13.4\\858c6cc78e1f08a885b1613e1d817c829df70a6e\\jackson-annotations-2.13.4.jar;C:\\Users\\skgyd\\.gradle\\caches\\modules-2\\files-2.1\\com.fasterxml.jackson.core\\jackson-core\\2.13.4\\cf934c681294b97ef6d80082faeefbe1edadf56\\jackson-core-2.13.4.jar;C:\\Users\\skgyd\\.gradle\\caches\\modules-2\\files-2.1\\com.fasterxml.jackson.datatype\\jackson-datatype-jdk8\\2.13.4\\557dbba5d8dfc7b7f944c58fe084109afcb5670b\\jackson-datatype-jdk8-2.13.4.jar;C:\\Users\\skgyd\\.gradle\\caches\\modules-2\\files-2.1\\com.fasterxml.jackson.core\\jackson-databind\\2.13.4.2\\325c06bdfeb628cfb80ebaaf1a26cc1eb558a585\\jackson-databind-2.13.4.2.jar;C:\\Users\\skgyd\\.gradle\\caches\\modules-2\\files-2.1\\ognl\\ognl\\3.1.26\\922d3d922b8aa40146d842114c184c8b403d2f4f\\ognl-3.1.26.jar;C:\\Users\\skgyd\\.gradle\\caches\\modules-2\\files-2.1\\org.attoparser\\attoparser\\2.0.5.RELEASE\\a93ad36df9560de3a5312c1d14f69d938099fa64\\attoparser-2.0.5.RELEASE.jar;C:\\Users\\skgyd\\.gradle\\caches\\modules-2\\files-2.1\\org.unbescape\\unbescape\\1.1.6.RELEASE\\7b90360afb2b860e09e8347112800d12c12b2a13\\unbescape-1.1.6.RELEASE.jar;C:\\Users\\skgyd\\.gradle\\caches\\modules-2\\files-2.1\\com.mysema.commons\\mysema-commons-lang\\0.2.4\\d09c8489d54251a6c22fbce804bdd4a070557317\\mysema-commons-lang-0.2.4.jar;C:\\Users\\skgyd\\.gradle\\caches\\modules-2\\files-2.1\\jakarta.validation\\jakarta.validation-api\\2.0.2\\5eacc6522521f7eacb081f95cee1e231648461e7\\jakarta.validation-api-2.0.2.jar;C:\\Users\\skgyd\\.gradle\\caches\\modules-2\\files-2.1\\org.apache.logging.log4j\\log4j-api\\2.17.2\\f42d6afa111b4dec5d2aea0fe2197240749a4ea6\\log4j-api-2.17.2.jar;C:\\Users\\skgyd\\.gradle\\caches\\modules-2\\files-2.1\\net.minidev\\json-smart\\2.4.8\\7c62f5f72ab05eb54d40e2abf0360a2fe9ea477f\\json-smart-2.4.8.jar;C:\\Users\\skgyd\\.gradle\\caches\\modules-2\\files-2.1\\jakarta.activation\\jakarta.activation-api\\1.2.2\\99f53adba383cb1bf7c3862844488574b559621f\\jakarta.activation-api-1.2.2.jar;C:\\Users\\skgyd\\.gradle\\caches\\modules-2\\files-2.1\\net.bytebuddy\\byte-buddy-agent\\1.12.18\\417a7310a7bf1c1aae5ca502d26515f9c2f94396\\byte-buddy-agent-1.12.18.jar;C:\\Users\\skgyd\\.gradle\\caches\\modules-2\\files-2.1\\org.objenesis\\objenesis\\3.2\\7fadf57620c8b8abdf7519533e5527367cb51f09\\objenesis-3.2.jar;C:\\Users\\skgyd\\.gradle\\caches\\modules-2\\files-2.1\\com.vaadin.external.google\\android-json\\0.0.20131108.vaadin1\\fa26d351fe62a6a17f5cda1287c1c6110dec413f\\android-json-0.0.20131108.vaadin1.jar;C:\\Users\\skgyd\\.gradle\\caches\\modules-2\\files-2.1\\org.springframework\\spring-jcl\\5.3.23\\3c7eb5fcca67b611065f73ff4325e398f8b051a3\\spring-jcl-5.3.23.jar;C:\\Users\\skgyd\\.gradle\\caches\\modules-2\\files-2.1\\org.glassfish.jaxb\\txw2\\2.3.7\\55cddcac1945150e09b09b0f89d86799652eee82\\txw2-2.3.7.jar;C:\\Users\\skgyd\\.gradle\\caches\\modules-2\\files-2.1\\com.sun.istack\\istack-commons-runtime\\3.0.12\\cbbe1a62b0cc6c85972e99d52aaee350153dc530\\istack-commons-runtime-3.0.12.jar;C:\\Users\\skgyd\\.gradle\\caches\\modules-2\\files-2.1\\com.sun.activation\\jakarta.activation\\1.2.2\\74548703f9851017ce2f556066659438019e7eb5\\jakarta.activation-1.2.2.jar;C:\\Users\\skgyd\\.gradle\\caches\\modules-2\\files-2.1\\org.javassist\\javassist\\3.20.0-GA\\a9cbcdfb7e9f86fbc74d3afae65f2248bfbf82a0\\javassist-3.20.0-GA.jar;C:\\Users\\skgyd\\.gradle\\caches\\modules-2\\files-2.1\\net.minidev\\accessors-smart\\2.4.8\\6e1bee5a530caba91893604d6ab41d0edcecca9a\\accessors-smart-2.4.8.jar;C:\\Users\\skgyd\\.gradle\\caches\\modules-2\\files-2.1\\org.opentest4j\\opentest4j\\1.2.0\\28c11eb91f9b6d8e200631d46e20a7f407f2a046\\opentest4j-1.2.0.jar;C:\\Users\\skgyd\\.gradle\\caches\\modules-2\\files-2.1\\org.ow2.asm\\asm\\9.1\\a99500cf6eea30535eeac6be73899d048f8d12a8\\asm-9.1.jar, java.vm.vendor=Oracle Corporation, sun.arch.data.model=64, user.variant=, java.vendor.url=http://java.oracle.com/, user.timezone=Asia/Seoul, jakarta.persistence.sharedCache.mode=UNSPECIFIED, os.name=Windows 10, java.vm.specification.version=11, javax.persistence.validation.mode=AUTO, jakarta.persistence.nonJtaDataSource=HikariDataSource (HikariPool-1), user.country=KR, sun.java.launcher=SUN_STANDARD, sun.boot.library.path=C:\jdk11\bin, sun.java.command=worker.org.gradle.process.internal.worker.GradleWorkerMain 'Gradle Test Executor 4', javax.persistence.nonJtaDataSource=HikariDataSource (HikariPool-1), hibernate.transaction.jta.platform=org.hibernate.engine.transaction.jta.platform.internal.NoJtaPlatform@749ee0e3, javax.persistence.sharedCache.mode=UNSPECIFIED, jdk.debug=release, sun.cpu.endian=little, user.home=C:\Users\skgyd, user.language=ko, java.specification.vendor=Oracle Corporation, org.gradle.native=false, java.version.date=2019-01-15, java.home=C:\jdk11, file.separator=\, java.vm.compressedOopsMode=32-bit, line.separator=
, hibernate.persistenceUnitName=default, java.specification.name=Java Platform API Specification, java.vm.specification.vendor=Oracle Corporation, FILE_LOG_CHARSET=UTF-8, hibernate.transaction.coordinator_class=class org.hibernate.resource.transaction.backend.jdbc.internal.JdbcResourceLocalTransactionCoordinatorBuilderImpl, java.awt.graphicsenv=sun.awt.Win32GraphicsEnvironment, java.awt.headless=true, jakarta.persistence.validation.mode=AUTO, hibernate.hbm2ddl.auto=update, user.script=, sun.management.compiler=HotSpot 64-Bit Tiered Compilers, java.runtime.version=11.0.2+9, user.name=skgyd, path.separator=;, os.version=10.0, java.runtime.name=OpenJDK Runtime Environment, file.encoding=UTF-8, hibernate.ejb.persistenceUnitName=default, spring.beaninfo.ignore=true, java.vm.name=OpenJDK 64-Bit Server VM, hibernate.show_sql=true, java.vendor.version=18.9, java.vendor.url.bug=http://bugreport.java.com/bugreport/, java.io.tmpdir=C:\Users\skgyd\AppData\Local\Temp\, java.version=11.0.2, hibernate.physical_naming_strategy=org.hibernate.boot.model.naming.CamelCaseToUnderscoresNamingStrategy, user.dir=C:\z_workspace\hyowon_note, os.arch=amd64, java.vm.specification.name=Java Virtual Machine Specification, PID=17144, java.awt.printerjob=sun.awt.windows.WPrinterJob, sun.os.patch.level=, org.gradle.internal.worker.tmpdir=C:\z_workspace\hyowon_note\build\tmp\test\work, CONSOLE_LOG_CHARSET=UTF-8, hibernate.boot.CfgXmlAccessService.key=org.hibernate.boot.registry.StandardServiceRegistryBuilder$1@7891cf3, java.library.path=C:\jdk11\bin;C:\Windows\Sun\Java\bin;C:\Windows\system32;C:\Windows;C:\Program Files (x86)\VMware\VMware Workstation\bin\;C:\jdk11\bin;C:\oraclexe\app\oracle\product\11.2.0\server\bin;C:\Windows\system32;C:\Windows;C:\Windows\System32\Wbem;C:\Windows\System32\WindowsPowerShell\v1.0\;C:\Windows\System32\OpenSSH\;C:\jdk11bin;C:\Program Files\TortoiseGit\bin;C:\Program Files\MySQL\MySQL Server 8.0\bin;C:\Users\skgyd\AppData\Local\Programs\Python\Python310;C:\Users\skgyd\AppData\Local\Programs\Python\Python310\Scripts;C:\Program Files (x86)\Windows Kits\10\Windows Performance Toolkit\;C:\apache-maven-3.8.3\bin;C:\Program Files\nodejs\;C:\Program Files\Git\cmd;C:\Program Files\dotnet\;C:\Program Files\MySQL\MySQL Shell 8.0\bin\;C:\Users\skgyd\AppData\Local\Programs\Python\Python310\Scripts\;C:\Users\skgyd\AppData\Local\Programs\Python\Python310\;C:\Users\skgyd\AppData\Local\Microsoft\WindowsApps;C:\Users\skgyd\AppData\Local\atom\bin;C:\Program Files\JetBrains\IntelliJ IDEA Community Edition 2021.1.3\bin;;C:\Users\skgyd\AppData\Local\Programs\Microsoft VS Code\bin;C:\Users\skgyd\AppData\Roaming\npm;C:\Users\skgyd\.dotnet\tools;., java.vendor=Oracle Corporation, java.vm.info=mixed mode, java.vm.version=11.0.2+9, hibernate.bytecode.use_reflection_optimizer=false, sun.io.unicode.encoding=UnicodeLittle, hibernate.archive.scanner=org.hibernate.boot.archive.scan.internal.DisabledScanner, hibernate.connection.datasource=HikariDataSource (HikariPool-1), java.class.version=55.0}
[2022-11-30 23:04:04] DEBUG org.hibernate.validator.internal.xml.config.ValidationXmlParser(ValidationXmlParser.java:120) - Trying to load META-INF/validation.xml for XML based Validator configuration.
[2022-11-30 23:04:04] DEBUG org.hibernate.validator.internal.xml.config.ResourceLoaderHelper(ResourceLoaderHelper.java:60) - Trying to load META-INF/validation.xml via TCCL
[2022-11-30 23:04:04] DEBUG org.hibernate.validator.internal.xml.config.ResourceLoaderHelper(ResourceLoaderHelper.java:66) - Trying to load META-INF/validation.xml via Hibernate Validator's class loader
[2022-11-30 23:04:04] DEBUG org.hibernate.validator.internal.xml.config.ValidationXmlParser(ValidationXmlParser.java:127) - No META-INF/validation.xml found. Using annotation based configuration only.
[2022-11-30 23:04:04] DEBUG org.hibernate.validator.internal.engine.resolver.TraversableResolvers(TraversableResolvers.java:93) - Found javax.persistence.Persistence on classpath containing 'getPersistenceUtil'. Assuming JPA 2 environment. Trying to instantiate JPA aware TraversableResolver
[2022-11-30 23:04:04] DEBUG org.hibernate.validator.internal.engine.resolver.TraversableResolvers(TraversableResolvers.java:103) - Instantiated JPA aware TraversableResolver of type org.hibernate.validator.internal.engine.resolver.JPATraversableResolver.
[2022-11-30 23:04:04] DEBUG org.hibernate.validator.messageinterpolation.ResourceBundleMessageInterpolator(ResourceBundleMessageInterpolator.java:172) - Loaded expression factory via original TCCL
[2022-11-30 23:04:04] DEBUG org.hibernate.validator.internal.engine.ValidatorFactoryConfigurationHelper(ValidatorFactoryConfigurationHelper.java:345) - HV000252: Using org.hibernate.validator.internal.engine.DefaultPropertyNodeNameProvider as property node name provider.
[2022-11-30 23:04:04] DEBUG org.hibernate.validator.internal.engine.ValidatorFactoryConfigurationHelper(ValidatorFactoryConfigurationHelper.java:420) - HV000234: Using org.hibernate.validator.messageinterpolation.ResourceBundleMessageInterpolator as ValidatorFactory-scoped message interpolator.
[2022-11-30 23:04:04] DEBUG org.hibernate.validator.internal.engine.ValidatorFactoryConfigurationHelper(ValidatorFactoryConfigurationHelper.java:421) - HV000234: Using org.hibernate.validator.internal.engine.resolver.JPATraversableResolver as ValidatorFactory-scoped traversable resolver.
[2022-11-30 23:04:04] DEBUG org.hibernate.validator.internal.engine.ValidatorFactoryConfigurationHelper(ValidatorFactoryConfigurationHelper.java:422) - HV000234: Using org.hibernate.validator.internal.util.ExecutableParameterNameProvider as ValidatorFactory-scoped parameter name provider.
[2022-11-30 23:04:04] DEBUG org.hibernate.validator.internal.engine.ValidatorFactoryConfigurationHelper(ValidatorFactoryConfigurationHelper.java:423) - HV000234: Using org.hibernate.validator.internal.engine.DefaultClockProvider as ValidatorFactory-scoped clock provider.
[2022-11-30 23:04:04] DEBUG org.hibernate.validator.internal.engine.ValidatorFactoryConfigurationHelper(ValidatorFactoryConfigurationHelper.java:424) - HV000234: Using org.hibernate.validator.internal.engine.scripting.DefaultScriptEvaluatorFactory as ValidatorFactory-scoped script evaluator factory.
[2022-11-30 23:04:04] DEBUG org.hibernate.boot.internal.ClassLoaderAccessImpl(ClassLoaderAccessImpl.java:60) - Not known whether passed class name [com.note.hyowon.blog.entity.PostEntity] is safe
[2022-11-30 23:04:04] DEBUG org.hibernate.boot.internal.ClassLoaderAccessImpl(ClassLoaderAccessImpl.java:62) - No temp ClassLoader provided; using live ClassLoader for loading potentially unsafe class : com.note.hyowon.blog.entity.PostEntity
[2022-11-30 23:04:04] DEBUG org.hibernate.service.internal.SessionFactoryServiceRegistryImpl(SessionFactoryServiceRegistryImpl.java:92) - EventListenerRegistry access via ServiceRegistry is deprecated.  Use `sessionFactory.getEventEngine().getListenerRegistry()` instead
[2022-11-30 23:04:04] DEBUG org.hibernate.secure.spi.JaccIntegrator(JaccIntegrator.java:84) - Skipping JACC integration as it was not enabled
[2022-11-30 23:04:04] DEBUG org.hibernate.internal.SessionFactoryImpl(SessionFactoryImpl.java:316) - Instantiated session factory
[2022-11-30 23:04:04] DEBUG org.hibernate.type.spi.TypeConfiguration$Scope(TypeConfiguration.java:154) - Scoping TypeConfiguration [org.hibernate.type.spi.TypeConfiguration@4cd8db31] to SessionFactoryImpl [org.hibernate.internal.SessionFactoryImpl@220be130]
[2022-11-30 23:04:04] DEBUG org.hibernate.boot.internal.ClassLoaderAccessImpl(ClassLoaderAccessImpl.java:60) - Not known whether passed class name [com.note.hyowon.blog.entity.PostEntity] is safe
[2022-11-30 23:04:04] DEBUG org.hibernate.boot.internal.ClassLoaderAccessImpl(ClassLoaderAccessImpl.java:62) - No temp ClassLoader provided; using live ClassLoader for loading potentially unsafe class : com.note.hyowon.blog.entity.PostEntity
[2022-11-30 23:04:05] DEBUG org.hibernate.persister.entity.AbstractEntityPersister(AbstractEntityPersister.java:4002) - Static SQL for entity: com.note.hyowon.blog.entity.PostEntity
[2022-11-30 23:04:05] DEBUG org.hibernate.persister.entity.AbstractEntityPersister(AbstractEntityPersister.java:4007) -  Version select: select post_no from post where post_no =?
[2022-11-30 23:04:05] DEBUG org.hibernate.persister.entity.AbstractEntityPersister(AbstractEntityPersister.java:4010) -  Snapshot select: select postentity_.post_no, postentity_.last_chg_datetime as last_chg2_0_, postentity_.content_as_html as content_3_0_, postentity_.content_as_markdown as content_4_0_, postentity_.reg_date as reg_date5_0_, postentity_.title as title6_0_, postentity_.upd_date as upd_date7_0_, postentity_.view_count as view_cou8_0_, postentity_.visible_yn as visible_9_0_, postentity_.writer as writer10_0_ from post postentity_ where postentity_.post_no=?
[2022-11-30 23:04:05] DEBUG org.hibernate.persister.entity.AbstractEntityPersister(DelegatingBasicLogger.java:394) -  Insert 0: insert into post (last_chg_datetime, content_as_html, content_as_markdown, reg_date, title, upd_date, view_count, visible_yn, writer, post_no) values (?, ?, ?, ?, ?, ?, ?, ?, ?, ?)
[2022-11-30 23:04:05] DEBUG org.hibernate.persister.entity.AbstractEntityPersister(DelegatingBasicLogger.java:394) -  Update 0: update post set last_chg_datetime=?, content_as_html=?, content_as_markdown=?, reg_date=?, title=?, upd_date=?, view_count=?, visible_yn=?, writer=? where post_no=?
[2022-11-30 23:04:05] DEBUG org.hibernate.persister.entity.AbstractEntityPersister(DelegatingBasicLogger.java:394) -  Delete 0: delete from post where post_no=?
[2022-11-30 23:04:05] DEBUG org.hibernate.persister.entity.AbstractEntityPersister(AbstractEntityPersister.java:4018) -  Identity insert: insert into post (last_chg_datetime, content_as_html, content_as_markdown, reg_date, title, upd_date, view_count, visible_yn, writer) values (?, ?, ?, ?, ?, ?, ?, ?, ?)
[2022-11-30 23:04:05] DEBUG org.hibernate.loader.plan.build.internal.spaces.QuerySpacesImpl(QuerySpacesImpl.java:174) - Adding QuerySpace : uid = <gen:0> -> org.hibernate.loader.plan.build.internal.spaces.EntityQuerySpaceImpl@9976b27]
[2022-11-30 23:04:05] DEBUG org.hibernate.persister.walking.spi.MetamodelGraphWalker(MetamodelGraphWalker.java:146) - Visiting attribute path : lastChgDateTime
[2022-11-30 23:04:05] DEBUG org.hibernate.persister.walking.spi.MetamodelGraphWalker(MetamodelGraphWalker.java:146) - Visiting attribute path : contentAsHtml
[2022-11-30 23:04:05] DEBUG org.hibernate.persister.walking.spi.MetamodelGraphWalker(MetamodelGraphWalker.java:146) - Visiting attribute path : contentAsMarkdown
[2022-11-30 23:04:05] DEBUG org.hibernate.persister.walking.spi.MetamodelGraphWalker(MetamodelGraphWalker.java:146) - Visiting attribute path : regDate
[2022-11-30 23:04:05] DEBUG org.hibernate.persister.walking.spi.MetamodelGraphWalker(MetamodelGraphWalker.java:146) - Visiting attribute path : title
[2022-11-30 23:04:05] DEBUG org.hibernate.persister.walking.spi.MetamodelGraphWalker(MetamodelGraphWalker.java:146) - Visiting attribute path : updDate
[2022-11-30 23:04:05] DEBUG org.hibernate.persister.walking.spi.MetamodelGraphWalker(MetamodelGraphWalker.java:146) - Visiting attribute path : viewCount
[2022-11-30 23:04:05] DEBUG org.hibernate.persister.walking.spi.MetamodelGraphWalker(MetamodelGraphWalker.java:146) - Visiting attribute path : visibleYn
[2022-11-30 23:04:05] DEBUG org.hibernate.persister.walking.spi.MetamodelGraphWalker(MetamodelGraphWalker.java:146) - Visiting attribute path : writer
[2022-11-30 23:04:05] DEBUG org.hibernate.loader.plan.build.internal.FetchStyleLoadPlanBuildingAssociationVisitationStrategy(FetchStyleLoadPlanBuildingAssociationVisitationStrategy.java:160) - Building LoadPlan...
[2022-11-30 23:04:05] DEBUG org.hibernate.loader.plan.exec.internal.LoadQueryJoinAndFetchProcessor(LoadQueryJoinAndFetchProcessor.java:102) - processing queryspace <gen:0>
[2022-11-30 23:04:05] DEBUG org.hibernate.loader.plan.build.spi.LoadPlanTreePrinter(LoadPlanTreePrinter.java:55) - LoadPlan(entity=com.note.hyowon.blog.entity.PostEntity)
    - Returns
       - EntityReturnImpl(entity=com.note.hyowon.blog.entity.PostEntity, querySpaceUid=<gen:0>, path=com.note.hyowon.blog.entity.PostEntity)
    - QuerySpaces
       - EntityQuerySpaceImpl(uid=<gen:0>, entity=com.note.hyowon.blog.entity.PostEntity)
          - SQL table alias mapping - postentity0_
          - alias suffix - 0_
          - suffixed key columns - {post_no1_0_0_}

[2022-11-30 23:04:05] DEBUG org.hibernate.loader.entity.plan.EntityLoader(EntityLoader.java:129) - Static select for entity com.note.hyowon.blog.entity.PostEntity [NONE]: select postentity0_.post_no as post_no1_0_0_, postentity0_.last_chg_datetime as last_chg2_0_0_, postentity0_.content_as_html as content_3_0_0_, postentity0_.content_as_markdown as content_4_0_0_, postentity0_.reg_date as reg_date5_0_0_, postentity0_.title as title6_0_0_, postentity0_.upd_date as upd_date7_0_0_, postentity0_.view_count as view_cou8_0_0_, postentity0_.visible_yn as visible_9_0_0_, postentity0_.writer as writer10_0_0_ from post postentity0_ where postentity0_.post_no=?
[2022-11-30 23:04:05] DEBUG org.mariadb.jdbc.client.impl.StandardClient(Slf4JLogger.java:60) - execute query: select table_name from information_schema.tables where table_schema = database() and table_type = 'SEQUENCE'
[2022-11-30 23:04:05] DEBUG org.mariadb.jdbc.client.impl.StandardClient(Slf4JLogger.java:60) - execute query: SELECT TABLE_SCHEMA TABLE_CAT, NULL  TABLE_SCHEM,  TABLE_NAME, IF(TABLE_TYPE='BASE TABLE' or TABLE_TYPE='SYSTEM VERSIONED', 'TABLE', TABLE_TYPE) as TABLE_TYPE, TABLE_COMMENT REMARKS, NULL TYPE_CAT, NULL TYPE_SCHEM, NULL TYPE_NAME, NULL SELF_REFERENCING_COL_NAME,  NULL REF_GENERATION FROM INFORMATION_SCHEMA.TABLES WHERE TABLE_SCHEMA='hyowon_note' AND  TABLE_TYPE IN ('BASE TABLE','SYSTEM VERSIONED','VIEW') ORDER BY TABLE_TYPE, TABLE_SCHEMA, TABLE_NAME
[2022-11-30 23:04:05] DEBUG org.mariadb.jdbc.client.impl.StandardClient(Slf4JLogger.java:60) - execute query: SELECT TABLE_SCHEMA TABLE_CAT, NULL TABLE_SCHEM, TABLE_NAME, COLUMN_NAME, CASE data_type WHEN 'bit' THEN -7 WHEN 'tinyblob' THEN -3 WHEN 'mediumblob' THEN -4 WHEN 'longblob' THEN -4 WHEN 'blob' THEN -4 WHEN 'tinytext' THEN 12 WHEN 'mediumtext' THEN -1 WHEN 'longtext' THEN -1 WHEN 'text' THEN -1 WHEN 'date' THEN 91 WHEN 'datetime' THEN 93 WHEN 'decimal' THEN 3 WHEN 'double' THEN 8 WHEN 'enum' THEN 12 WHEN 'float' THEN 7 WHEN 'int' THEN IF( COLUMN_TYPE like '%unsigned%', 4,4) WHEN 'bigint' THEN -5 WHEN 'mediumint' THEN 4 WHEN 'null' THEN 0 WHEN 'set' THEN 12 WHEN 'smallint' THEN IF( COLUMN_TYPE like '%unsigned%', 5,5) WHEN 'varchar' THEN 12 WHEN 'varbinary' THEN -3 WHEN 'char' THEN 1 WHEN 'binary' THEN -2 WHEN 'time' THEN 92 WHEN 'timestamp' THEN 93 WHEN 'tinyint' THEN IF(COLUMN_TYPE like 'tinyint(1)%',-7,-6)  WHEN 'year' THEN 91 ELSE 1111 END  DATA_TYPE, IF(COLUMN_TYPE like 'tinyint(1)%', 'BIT',  UCASE(IF( COLUMN_TYPE LIKE '%(%)%', CONCAT(SUBSTRING( COLUMN_TYPE,1, LOCATE('(',COLUMN_TYPE) - 1 ), SUBSTRING(COLUMN_TYPE ,1+locate(')', COLUMN_TYPE))), COLUMN_TYPE))) TYPE_NAME,  CASE DATA_TYPE  WHEN 'time' THEN IF(DATETIME_PRECISION = 0, 10, CAST(11 + DATETIME_PRECISION as signed integer))  WHEN 'date' THEN 10  WHEN 'datetime' THEN IF(DATETIME_PRECISION = 0, 19, CAST(20 + DATETIME_PRECISION as signed integer))  WHEN 'timestamp' THEN IF(DATETIME_PRECISION = 0, 19, CAST(20 + DATETIME_PRECISION as signed integer))  ELSE   IF(NUMERIC_PRECISION IS NULL, LEAST(CHARACTER_MAXIMUM_LENGTH,2147483647), NUMERIC_PRECISION)  END COLUMN_SIZE, 65535 BUFFER_LENGTH,  CONVERT (CASE DATA_TYPE WHEN 'year' THEN NUMERIC_SCALE WHEN 'tinyint' THEN 0 ELSE NUMERIC_SCALE END, UNSIGNED INTEGER) DECIMAL_DIGITS, 10 NUM_PREC_RADIX, IF(IS_NULLABLE = 'yes',1,0) NULLABLE,COLUMN_COMMENT REMARKS, COLUMN_DEFAULT COLUMN_DEF, 0 SQL_DATA_TYPE, 0 SQL_DATETIME_SUB,   LEAST(CHARACTER_OCTET_LENGTH,2147483647) CHAR_OCTET_LENGTH, ORDINAL_POSITION, IS_NULLABLE, NULL SCOPE_CATALOG, NULL SCOPE_SCHEMA, NULL SCOPE_TABLE, NULL SOURCE_DATA_TYPE, IF(EXTRA = 'auto_increment','YES','NO') IS_AUTOINCREMENT,  IF(EXTRA in ('VIRTUAL', 'PERSISTENT', 'VIRTUAL GENERATED', 'STORED GENERATED') ,'YES','NO') IS_GENERATEDCOLUMN  FROM INFORMATION_SCHEMA.COLUMNS WHERE TABLE_SCHEMA='hyowon_note' ORDER BY TABLE_CAT, TABLE_SCHEM, TABLE_NAME, ORDINAL_POSITION
[2022-11-30 23:04:05] DEBUG org.hibernate.mapping.Table(Table.java:497) - No alter strings for table : post
[2022-11-30 23:04:05] INFO org.hibernate.engine.transaction.jta.platform.internal.JtaPlatformInitiator(JtaPlatformInitiator.java:52) - HHH000490: Using JtaPlatform implementation: [org.hibernate.engine.transaction.jta.platform.internal.NoJtaPlatform]
[2022-11-30 23:04:05] DEBUG org.hibernate.query.spi.NamedQueryRepository(NamedQueryRepository.java:171) - Checking 0 named HQL queries
[2022-11-30 23:04:05] DEBUG org.hibernate.query.spi.NamedQueryRepository(NamedQueryRepository.java:185) - Checking 0 named SQL queries
[2022-11-30 23:04:05] DEBUG org.hibernate.service.internal.SessionFactoryServiceRegistryImpl(SessionFactoryServiceRegistryImpl.java:92) - EventListenerRegistry access via ServiceRegistry is deprecated.  Use `sessionFactory.getEventEngine().getListenerRegistry()` instead
[2022-11-30 23:04:05] DEBUG org.hibernate.internal.SessionFactoryRegistry(SessionFactoryRegistry.java:51) - Initializing SessionFactoryRegistry : org.hibernate.internal.SessionFactoryRegistry@1117cc7c
[2022-11-30 23:04:05] DEBUG org.hibernate.internal.SessionFactoryRegistry(SessionFactoryRegistry.java:73) - Registering SessionFactory: 5cae98f1-b8df-44ea-9dbe-e1ae7e502f80 (<unnamed>)
[2022-11-30 23:04:05] DEBUG org.hibernate.internal.SessionFactoryRegistry(SessionFactoryRegistry.java:80) - Not binding SessionFactory to JNDI, no JNDI name configured
[2022-11-30 23:04:05] INFO org.springframework.orm.jpa.LocalContainerEntityManagerFactoryBean(AbstractEntityManagerFactoryBean.java:437) - Initialized JPA EntityManagerFactory for persistence unit 'default'
[2022-11-30 23:04:05] DEBUG org.springframework.beans.factory.support.DefaultListableBeanFactory(DefaultSingletonBeanRegistry.java:225) - Creating shared instance of singleton bean 'blogApplication'
[2022-11-30 23:04:05] DEBUG org.springframework.beans.factory.support.DefaultListableBeanFactory(DefaultSingletonBeanRegistry.java:225) - Creating shared instance of singleton bean 'indexController'
[2022-11-30 23:04:05] DEBUG org.springframework.beans.factory.support.DefaultListableBeanFactory(DefaultSingletonBeanRegistry.java:225) - Creating shared instance of singleton bean 'postController'
[2022-11-30 23:04:05] DEBUG org.springframework.beans.factory.support.DefaultListableBeanFactory(DefaultSingletonBeanRegistry.java:225) - Creating shared instance of singleton bean 'postServiceImpl'
[2022-11-30 23:04:05] DEBUG org.springframework.beans.factory.support.DefaultListableBeanFactory(DefaultSingletonBeanRegistry.java:225) - Creating shared instance of singleton bean 'postRepository'
[2022-11-30 23:04:05] DEBUG org.springframework.beans.factory.support.DefaultListableBeanFactory(DefaultSingletonBeanRegistry.java:225) - Creating shared instance of singleton bean 'jpaMappingContext'
[2022-11-30 23:04:05] DEBUG org.springframework.data.jpa.repository.config.JpaMetamodelMappingContextFactoryBean(JpaMetamodelMappingContextFactoryBean.java:77) - Initializing JpaMetamodelMappingContext…
[2022-11-30 23:04:05] DEBUG org.springframework.data.jpa.repository.config.JpaMetamodelMappingContextFactoryBean(JpaMetamodelMappingContextFactoryBean.java:84) - Finished initializing JpaMetamodelMappingContext!
[2022-11-30 23:04:05] DEBUG org.springframework.orm.jpa.SharedEntityManagerCreator$SharedEntityManagerInvocationHandler(SharedEntityManagerCreator.java:302) - Creating new EntityManager for shared EntityManager invocation
[2022-11-30 23:04:05] DEBUG org.hibernate.stat.internal.StatisticsInitiator(StatisticsInitiator.java:101) - Statistics initialized [enabled=false]
[2022-11-30 23:04:05] DEBUG org.springframework.orm.jpa.SharedEntityManagerCreator$SharedEntityManagerInvocationHandler(SharedEntityManagerCreator.java:302) - Creating new EntityManager for shared EntityManager invocation
[2022-11-30 23:04:05] DEBUG org.springframework.data.repository.core.support.RepositoryFactorySupport(RepositoryFactorySupport.java:280) - Initializing repository instance for com.note.hyowon.blog.repository.PostRepository…
[2022-11-30 23:04:06] DEBUG org.springframework.orm.jpa.SharedEntityManagerCreator$SharedEntityManagerInvocationHandler(SharedEntityManagerCreator.java:302) - Creating new EntityManager for shared EntityManager invocation
[2022-11-30 23:04:06] DEBUG org.springframework.orm.jpa.SharedEntityManagerCreator$SharedEntityManagerInvocationHandler(SharedEntityManagerCreator.java:302) - Creating new EntityManager for shared EntityManager invocation
[2022-11-30 23:04:06] DEBUG org.springframework.data.repository.core.support.RepositoryFactorySupport(RepositoryFactorySupport.java:377) - Finished creation of repository instance for com.note.hyowon.blog.repository.PostRepository.
[2022-11-30 23:04:06] DEBUG org.springframework.beans.factory.support.DefaultListableBeanFactory(ConstructorResolver.java:808) - Autowiring by type from bean name 'postServiceImpl' via constructor to bean named 'postRepository'
[2022-11-30 23:04:06] DEBUG org.springframework.beans.factory.support.DefaultListableBeanFactory(DefaultSingletonBeanRegistry.java:225) - Creating shared instance of singleton bean 'jpaAuditingHandler'
[2022-11-30 23:04:06] DEBUG org.springframework.data.auditing.AuditingHandler(AuditingHandler.java:120) - No AuditorAware set; Auditing will not be applied
[2022-11-30 23:04:06] DEBUG org.springframework.beans.factory.support.DefaultListableBeanFactory(DefaultSingletonBeanRegistry.java:225) - Creating shared instance of singleton bean 'org.springframework.data.jpa.domain.support.AuditingEntityListener'
[2022-11-30 23:04:06] DEBUG org.springframework.beans.factory.support.DefaultListableBeanFactory(DefaultSingletonBeanRegistry.java:225) - Creating shared instance of singleton bean 'org.springframework.boot.autoconfigure.context.PropertyPlaceholderAutoConfiguration'
[2022-11-30 23:04:06] DEBUG org.springframework.beans.factory.support.DefaultListableBeanFactory(DefaultSingletonBeanRegistry.java:225) - Creating shared instance of singleton bean 'org.springframework.boot.autoconfigure.websocket.servlet.WebSocketServletAutoConfiguration$TomcatWebSocketConfiguration'
[2022-11-30 23:04:06] DEBUG org.springframework.beans.factory.support.DefaultListableBeanFactory(DefaultSingletonBeanRegistry.java:225) - Creating shared instance of singleton bean 'websocketServletWebServerCustomizer'
[2022-11-30 23:04:06] DEBUG org.springframework.beans.factory.support.DefaultListableBeanFactory(DefaultSingletonBeanRegistry.java:225) - Creating shared instance of singleton bean 'org.springframework.boot.autoconfigure.websocket.servlet.WebSocketServletAutoConfiguration'
[2022-11-30 23:04:06] DEBUG org.springframework.beans.factory.support.DefaultListableBeanFactory(DefaultSingletonBeanRegistry.java:225) - Creating shared instance of singleton bean 'org.springframework.boot.autoconfigure.web.servlet.ServletWebServerFactoryConfiguration$EmbeddedTomcat'
[2022-11-30 23:04:06] DEBUG org.springframework.beans.factory.support.DefaultListableBeanFactory(DefaultSingletonBeanRegistry.java:225) - Creating shared instance of singleton bean 'tomcatServletWebServerFactory'
[2022-11-30 23:04:06] DEBUG org.springframework.beans.factory.support.DefaultListableBeanFactory(DefaultSingletonBeanRegistry.java:225) - Creating shared instance of singleton bean 'servletWebServerFactoryCustomizer'
[2022-11-30 23:04:06] DEBUG org.springframework.beans.factory.support.DefaultListableBeanFactory(DefaultSingletonBeanRegistry.java:225) - Creating shared instance of singleton bean 'org.springframework.boot.autoconfigure.web.servlet.ServletWebServerFactoryAutoConfiguration'
[2022-11-30 23:04:06] DEBUG org.springframework.beans.factory.support.DefaultListableBeanFactory(DefaultSingletonBeanRegistry.java:225) - Creating shared instance of singleton bean 'server-org.springframework.boot.autoconfigure.web.ServerProperties'
[2022-11-30 23:04:06] DEBUG org.springframework.beans.factory.support.DefaultListableBeanFactory(ConstructorResolver.java:808) - Autowiring by type from bean name 'servletWebServerFactoryCustomizer' via factory method to bean named 'server-org.springframework.boot.autoconfigure.web.ServerProperties'
[2022-11-30 23:04:06] DEBUG org.springframework.beans.factory.support.DefaultListableBeanFactory(DefaultSingletonBeanRegistry.java:225) - Creating shared instance of singleton bean 'tomcatServletWebServerFactoryCustomizer'
[2022-11-30 23:04:06] DEBUG org.springframework.beans.factory.support.DefaultListableBeanFactory(ConstructorResolver.java:808) - Autowiring by type from bean name 'tomcatServletWebServerFactoryCustomizer' via factory method to bean named 'server-org.springframework.boot.autoconfigure.web.ServerProperties'
[2022-11-30 23:04:06] DEBUG org.springframework.beans.factory.support.DefaultListableBeanFactory(DefaultSingletonBeanRegistry.java:225) - Creating shared instance of singleton bean 'tomcatWebServerFactoryCustomizer'
[2022-11-30 23:04:06] DEBUG org.springframework.beans.factory.support.DefaultListableBeanFactory(DefaultSingletonBeanRegistry.java:225) - Creating shared instance of singleton bean 'org.springframework.boot.autoconfigure.web.embedded.EmbeddedWebServerFactoryCustomizerAutoConfiguration$TomcatWebServerFactoryCustomizerConfiguration'
[2022-11-30 23:04:06] DEBUG org.springframework.beans.factory.support.DefaultListableBeanFactory(ConstructorResolver.java:808) - Autowiring by type from bean name 'tomcatWebServerFactoryCustomizer' via factory method to bean named 'environment'
[2022-11-30 23:04:06] DEBUG org.springframework.beans.factory.support.DefaultListableBeanFactory(ConstructorResolver.java:808) - Autowiring by type from bean name 'tomcatWebServerFactoryCustomizer' via factory method to bean named 'server-org.springframework.boot.autoconfigure.web.ServerProperties'
[2022-11-30 23:04:06] DEBUG org.springframework.beans.factory.support.DefaultListableBeanFactory(DefaultSingletonBeanRegistry.java:225) - Creating shared instance of singleton bean 'localeCharsetMappingsCustomizer'
[2022-11-30 23:04:06] DEBUG org.springframework.beans.factory.support.DefaultListableBeanFactory(DefaultSingletonBeanRegistry.java:225) - Creating shared instance of singleton bean 'org.springframework.boot.autoconfigure.web.servlet.HttpEncodingAutoConfiguration'
[2022-11-30 23:04:06] DEBUG org.springframework.beans.factory.support.DefaultListableBeanFactory(ConstructorResolver.java:808) - Autowiring by type from bean name 'org.springframework.boot.autoconfigure.web.servlet.HttpEncodingAutoConfiguration' via constructor to bean named 'server-org.springframework.boot.autoconfigure.web.ServerProperties'
[2022-11-30 23:04:06] DEBUG org.springframework.beans.factory.support.DefaultListableBeanFactory(DefaultSingletonBeanRegistry.java:225) - Creating shared instance of singleton bean 'errorPageCustomizer'
[2022-11-30 23:04:06] DEBUG org.springframework.beans.factory.support.DefaultListableBeanFactory(DefaultSingletonBeanRegistry.java:225) - Creating shared instance of singleton bean 'org.springframework.boot.autoconfigure.web.servlet.error.ErrorMvcAutoConfiguration'
[2022-11-30 23:04:06] DEBUG org.springframework.beans.factory.support.DefaultListableBeanFactory(ConstructorResolver.java:808) - Autowiring by type from bean name 'org.springframework.boot.autoconfigure.web.servlet.error.ErrorMvcAutoConfiguration' via constructor to bean named 'server-org.springframework.boot.autoconfigure.web.ServerProperties'
[2022-11-30 23:04:06] DEBUG org.springframework.beans.factory.support.DefaultListableBeanFactory(DefaultSingletonBeanRegistry.java:225) - Creating shared instance of singleton bean 'dispatcherServletRegistration'
[2022-11-30 23:04:06] DEBUG org.springframework.beans.factory.support.DefaultListableBeanFactory(DefaultSingletonBeanRegistry.java:225) - Creating shared instance of singleton bean 'org.springframework.boot.autoconfigure.web.servlet.DispatcherServletAutoConfiguration$DispatcherServletRegistrationConfiguration'
[2022-11-30 23:04:06] DEBUG org.springframework.beans.factory.support.DefaultListableBeanFactory(DefaultSingletonBeanRegistry.java:225) - Creating shared instance of singleton bean 'dispatcherServlet'
[2022-11-30 23:04:06] DEBUG org.springframework.beans.factory.support.DefaultListableBeanFactory(DefaultSingletonBeanRegistry.java:225) - Creating shared instance of singleton bean 'org.springframework.boot.autoconfigure.web.servlet.DispatcherServletAutoConfiguration$DispatcherServletConfiguration'
[2022-11-30 23:04:06] DEBUG org.springframework.beans.factory.support.DefaultListableBeanFactory(DefaultSingletonBeanRegistry.java:225) - Creating shared instance of singleton bean 'spring.mvc-org.springframework.boot.autoconfigure.web.servlet.WebMvcProperties'
[2022-11-30 23:04:06] DEBUG org.springframework.beans.factory.support.DefaultListableBeanFactory(ConstructorResolver.java:808) - Autowiring by type from bean name 'dispatcherServlet' via factory method to bean named 'spring.mvc-org.springframework.boot.autoconfigure.web.servlet.WebMvcProperties'
[2022-11-30 23:04:06] DEBUG org.springframework.beans.factory.support.DefaultListableBeanFactory(ConstructorResolver.java:808) - Autowiring by type from bean name 'dispatcherServletRegistration' via factory method to bean named 'dispatcherServlet'
[2022-11-30 23:04:06] DEBUG org.springframework.beans.factory.support.DefaultListableBeanFactory(ConstructorResolver.java:808) - Autowiring by type from bean name 'dispatcherServletRegistration' via factory method to bean named 'spring.mvc-org.springframework.boot.autoconfigure.web.servlet.WebMvcProperties'
[2022-11-30 23:04:06] DEBUG org.springframework.beans.factory.support.DefaultListableBeanFactory(DefaultSingletonBeanRegistry.java:225) - Creating shared instance of singleton bean 'multipartConfigElement'
[2022-11-30 23:04:06] DEBUG org.springframework.beans.factory.support.DefaultListableBeanFactory(DefaultSingletonBeanRegistry.java:225) - Creating shared instance of singleton bean 'org.springframework.boot.autoconfigure.web.servlet.MultipartAutoConfiguration'
[2022-11-30 23:04:06] DEBUG org.springframework.beans.factory.support.DefaultListableBeanFactory(DefaultSingletonBeanRegistry.java:225) - Creating shared instance of singleton bean 'spring.servlet.multipart-org.springframework.boot.autoconfigure.web.servlet.MultipartProperties'
[2022-11-30 23:04:06] DEBUG org.springframework.beans.factory.support.DefaultListableBeanFactory(ConstructorResolver.java:808) - Autowiring by type from bean name 'org.springframework.boot.autoconfigure.web.servlet.MultipartAutoConfiguration' via constructor to bean named 'spring.servlet.multipart-org.springframework.boot.autoconfigure.web.servlet.MultipartProperties'
[2022-11-30 23:04:06] DEBUG org.springframework.beans.factory.support.DefaultListableBeanFactory(ConstructorResolver.java:808) - Autowiring by type from bean name 'errorPageCustomizer' via factory method to bean named 'dispatcherServletRegistration'
[2022-11-30 23:04:06] DEBUG org.springframework.beans.factory.support.DefaultListableBeanFactory(DefaultSingletonBeanRegistry.java:225) - Creating shared instance of singleton bean 'org.springframework.boot.autoconfigure.web.servlet.DispatcherServletAutoConfiguration'
[2022-11-30 23:04:06] DEBUG org.springframework.beans.factory.support.DefaultListableBeanFactory(DefaultSingletonBeanRegistry.java:225) - Creating shared instance of singleton bean 'org.springframework.boot.autoconfigure.task.TaskExecutionAutoConfiguration'
[2022-11-30 23:04:06] DEBUG org.springframework.beans.factory.support.DefaultListableBeanFactory(DefaultSingletonBeanRegistry.java:225) - Creating shared instance of singleton bean 'taskExecutorBuilder'
[2022-11-30 23:04:06] DEBUG org.springframework.beans.factory.support.DefaultListableBeanFactory(DefaultSingletonBeanRegistry.java:225) - Creating shared instance of singleton bean 'spring.task.execution-org.springframework.boot.autoconfigure.task.TaskExecutionProperties'
[2022-11-30 23:04:06] DEBUG org.springframework.beans.factory.support.DefaultListableBeanFactory(ConstructorResolver.java:808) - Autowiring by type from bean name 'taskExecutorBuilder' via factory method to bean named 'spring.task.execution-org.springframework.boot.autoconfigure.task.TaskExecutionProperties'
[2022-11-30 23:04:06] DEBUG org.springframework.beans.factory.support.DefaultListableBeanFactory(DefaultSingletonBeanRegistry.java:225) - Creating shared instance of singleton bean 'org.springframework.boot.autoconfigure.validation.ValidationAutoConfiguration'
[2022-11-30 23:04:06] DEBUG org.springframework.beans.factory.support.DefaultListableBeanFactory(DefaultSingletonBeanRegistry.java:225) - Creating shared instance of singleton bean 'defaultValidator'
[2022-11-30 23:04:06] DEBUG org.springframework.beans.factory.support.DefaultListableBeanFactory(ConstructorResolver.java:808) - Autowiring by type from bean name 'defaultValidator' via factory method to bean named 'org.springframework.web.context.support.GenericWebApplicationContext@4edef76c'
[2022-11-30 23:04:06] DEBUG org.hibernate.validator.messageinterpolation.ResourceBundleMessageInterpolator(ResourceBundleMessageInterpolator.java:172) - Loaded expression factory via original TCCL
[2022-11-30 23:04:06] DEBUG org.hibernate.validator.internal.engine.AbstractConfigurationImpl(AbstractConfigurationImpl.java:174) - Setting custom MessageInterpolator of type org.springframework.validation.beanvalidation.LocaleContextMessageInterpolator
[2022-11-30 23:04:06] DEBUG org.hibernate.validator.internal.engine.AbstractConfigurationImpl(AbstractConfigurationImpl.java:206) - Setting custom ConstraintValidatorFactory of type org.springframework.validation.beanvalidation.SpringConstraintValidatorFactory
[2022-11-30 23:04:06] DEBUG org.hibernate.validator.internal.engine.AbstractConfigurationImpl(AbstractConfigurationImpl.java:220) - Setting custom ParameterNameProvider of type org.springframework.validation.beanvalidation.LocalValidatorFactoryBean$1
[2022-11-30 23:04:06] DEBUG org.hibernate.validator.internal.xml.config.ValidationXmlParser(ValidationXmlParser.java:120) - Trying to load META-INF/validation.xml for XML based Validator configuration.
[2022-11-30 23:04:06] DEBUG org.hibernate.validator.internal.xml.config.ResourceLoaderHelper(ResourceLoaderHelper.java:53) - Trying to load META-INF/validation.xml via user class loader
[2022-11-30 23:04:06] DEBUG org.hibernate.validator.internal.xml.config.ResourceLoaderHelper(ResourceLoaderHelper.java:60) - Trying to load META-INF/validation.xml via TCCL
[2022-11-30 23:04:06] DEBUG org.hibernate.validator.internal.xml.config.ResourceLoaderHelper(ResourceLoaderHelper.java:66) - Trying to load META-INF/validation.xml via Hibernate Validator's class loader
[2022-11-30 23:04:06] DEBUG org.hibernate.validator.internal.xml.config.ValidationXmlParser(ValidationXmlParser.java:127) - No META-INF/validation.xml found. Using annotation based configuration only.
[2022-11-30 23:04:06] DEBUG org.hibernate.validator.internal.engine.resolver.TraversableResolvers(TraversableResolvers.java:93) - Found javax.persistence.Persistence on classpath containing 'getPersistenceUtil'. Assuming JPA 2 environment. Trying to instantiate JPA aware TraversableResolver
[2022-11-30 23:04:06] DEBUG org.hibernate.validator.internal.engine.resolver.TraversableResolvers(TraversableResolvers.java:103) - Instantiated JPA aware TraversableResolver of type org.hibernate.validator.internal.engine.resolver.JPATraversableResolver.
[2022-11-30 23:04:06] DEBUG org.hibernate.validator.internal.engine.ValidatorFactoryConfigurationHelper(ValidatorFactoryConfigurationHelper.java:345) - HV000252: Using org.hibernate.validator.internal.engine.DefaultPropertyNodeNameProvider as property node name provider.
[2022-11-30 23:04:06] DEBUG org.hibernate.validator.internal.engine.ValidatorFactoryConfigurationHelper(ValidatorFactoryConfigurationHelper.java:420) - HV000234: Using org.springframework.validation.beanvalidation.LocaleContextMessageInterpolator as ValidatorFactory-scoped message interpolator.
[2022-11-30 23:04:06] DEBUG org.hibernate.validator.internal.engine.ValidatorFactoryConfigurationHelper(ValidatorFactoryConfigurationHelper.java:421) - HV000234: Using org.hibernate.validator.internal.engine.resolver.JPATraversableResolver as ValidatorFactory-scoped traversable resolver.
[2022-11-30 23:04:06] DEBUG org.hibernate.validator.internal.engine.ValidatorFactoryConfigurationHelper(ValidatorFactoryConfigurationHelper.java:422) - HV000234: Using org.hibernate.validator.internal.util.ExecutableParameterNameProvider as ValidatorFactory-scoped parameter name provider.
[2022-11-30 23:04:06] DEBUG org.hibernate.validator.internal.engine.ValidatorFactoryConfigurationHelper(ValidatorFactoryConfigurationHelper.java:423) - HV000234: Using org.hibernate.validator.internal.engine.DefaultClockProvider as ValidatorFactory-scoped clock provider.
[2022-11-30 23:04:06] DEBUG org.hibernate.validator.internal.engine.ValidatorFactoryConfigurationHelper(ValidatorFactoryConfigurationHelper.java:424) - HV000234: Using org.hibernate.validator.internal.engine.scripting.DefaultScriptEvaluatorFactory as ValidatorFactory-scoped script evaluator factory.
[2022-11-30 23:04:06] DEBUG org.springframework.beans.factory.support.DefaultListableBeanFactory(DefaultSingletonBeanRegistry.java:225) - Creating shared instance of singleton bean 'org.springframework.boot.autoconfigure.web.servlet.error.ErrorMvcAutoConfiguration$WhitelabelErrorViewConfiguration'
[2022-11-30 23:04:06] DEBUG org.springframework.beans.factory.support.DefaultListableBeanFactory(DefaultSingletonBeanRegistry.java:225) - Creating shared instance of singleton bean 'error'
[2022-11-30 23:04:06] DEBUG org.springframework.beans.factory.support.DefaultListableBeanFactory(DefaultSingletonBeanRegistry.java:225) - Creating shared instance of singleton bean 'beanNameViewResolver'
[2022-11-30 23:04:06] DEBUG org.springframework.beans.factory.support.DefaultListableBeanFactory(DefaultSingletonBeanRegistry.java:225) - Creating shared instance of singleton bean 'org.springframework.boot.autoconfigure.web.servlet.error.ErrorMvcAutoConfiguration$DefaultErrorViewResolverConfiguration'
[2022-11-30 23:04:06] DEBUG org.springframework.beans.factory.support.DefaultListableBeanFactory(DefaultSingletonBeanRegistry.java:225) - Creating shared instance of singleton bean 'spring.web-org.springframework.boot.autoconfigure.web.WebProperties'
[2022-11-30 23:04:06] DEBUG org.springframework.beans.factory.support.DefaultListableBeanFactory(ConstructorResolver.java:808) - Autowiring by type from bean name 'org.springframework.boot.autoconfigure.web.servlet.error.ErrorMvcAutoConfiguration$DefaultErrorViewResolverConfiguration' via constructor to bean named 'org.springframework.web.context.support.GenericWebApplicationContext@4edef76c'
[2022-11-30 23:04:06] DEBUG org.springframework.beans.factory.support.DefaultListableBeanFactory(ConstructorResolver.java:808) - Autowiring by type from bean name 'org.springframework.boot.autoconfigure.web.servlet.error.ErrorMvcAutoConfiguration$DefaultErrorViewResolverConfiguration' via constructor to bean named 'spring.web-org.springframework.boot.autoconfigure.web.WebProperties'
[2022-11-30 23:04:06] DEBUG org.springframework.beans.factory.support.DefaultListableBeanFactory(DefaultSingletonBeanRegistry.java:225) - Creating shared instance of singleton bean 'conventionErrorViewResolver'
[2022-11-30 23:04:06] DEBUG org.springframework.beans.factory.support.DefaultListableBeanFactory(DefaultSingletonBeanRegistry.java:225) - Creating shared instance of singleton bean 'errorAttributes'
[2022-11-30 23:04:06] DEBUG org.springframework.beans.factory.support.DefaultListableBeanFactory(DefaultSingletonBeanRegistry.java:225) - Creating shared instance of singleton bean 'basicErrorController'
[2022-11-30 23:04:06] DEBUG org.springframework.beans.factory.support.DefaultListableBeanFactory(ConstructorResolver.java:808) - Autowiring by type from bean name 'basicErrorController' via factory method to bean named 'errorAttributes'
[2022-11-30 23:04:06] DEBUG org.springframework.beans.factory.support.DefaultListableBeanFactory(DefaultSingletonBeanRegistry.java:225) - Creating shared instance of singleton bean 'org.springframework.boot.autoconfigure.web.servlet.WebMvcAutoConfiguration$EnableWebMvcConfiguration'
[2022-11-30 23:04:06] DEBUG org.springframework.beans.factory.support.DefaultListableBeanFactory(ConstructorResolver.java:808) - Autowiring by type from bean name 'org.springframework.boot.autoconfigure.web.servlet.WebMvcAutoConfiguration$EnableWebMvcConfiguration' via constructor to bean named 'spring.mvc-org.springframework.boot.autoconfigure.web.servlet.WebMvcProperties'
[2022-11-30 23:04:06] DEBUG org.springframework.beans.factory.support.DefaultListableBeanFactory(ConstructorResolver.java:808) - Autowiring by type from bean name 'org.springframework.boot.autoconfigure.web.servlet.WebMvcAutoConfiguration$EnableWebMvcConfiguration' via constructor to bean named 'spring.web-org.springframework.boot.autoconfigure.web.WebProperties'
[2022-11-30 23:04:06] DEBUG org.springframework.beans.factory.support.DefaultListableBeanFactory(ConstructorResolver.java:808) - Autowiring by type from bean name 'org.springframework.boot.autoconfigure.web.servlet.WebMvcAutoConfiguration$EnableWebMvcConfiguration' via constructor to bean named 'org.springframework.beans.factory.support.DefaultListableBeanFactory@66cd621b'
[2022-11-30 23:04:06] DEBUG org.springframework.beans.factory.support.DefaultListableBeanFactory(DefaultSingletonBeanRegistry.java:225) - Creating shared instance of singleton bean 'org.springframework.boot.autoconfigure.web.servlet.WebMvcAutoConfiguration$WebMvcAutoConfigurationAdapter'
[2022-11-30 23:04:06] DEBUG org.springframework.beans.factory.support.DefaultListableBeanFactory(ConstructorResolver.java:808) - Autowiring by type from bean name 'org.springframework.boot.autoconfigure.web.servlet.WebMvcAutoConfiguration$WebMvcAutoConfigurationAdapter' via constructor to bean named 'spring.web-org.springframework.boot.autoconfigure.web.WebProperties'
[2022-11-30 23:04:06] DEBUG org.springframework.beans.factory.support.DefaultListableBeanFactory(ConstructorResolver.java:808) - Autowiring by type from bean name 'org.springframework.boot.autoconfigure.web.servlet.WebMvcAutoConfiguration$WebMvcAutoConfigurationAdapter' via constructor to bean named 'spring.mvc-org.springframework.boot.autoconfigure.web.servlet.WebMvcProperties'
[2022-11-30 23:04:06] DEBUG org.springframework.beans.factory.support.DefaultListableBeanFactory(ConstructorResolver.java:808) - Autowiring by type from bean name 'org.springframework.boot.autoconfigure.web.servlet.WebMvcAutoConfiguration$WebMvcAutoConfigurationAdapter' via constructor to bean named 'org.springframework.beans.factory.support.DefaultListableBeanFactory@66cd621b'
[2022-11-30 23:04:06] DEBUG org.springframework.beans.factory.support.DefaultListableBeanFactory(DefaultSingletonBeanRegistry.java:225) - Creating shared instance of singleton bean 'openEntityManagerInViewInterceptorConfigurer'
[2022-11-30 23:04:06] DEBUG org.springframework.beans.factory.support.DefaultListableBeanFactory(DefaultSingletonBeanRegistry.java:225) - Creating shared instance of singleton bean 'org.springframework.boot.autoconfigure.orm.jpa.JpaBaseConfiguration$JpaWebConfiguration'
[2022-11-30 23:04:06] DEBUG org.springframework.beans.factory.support.DefaultListableBeanFactory(ConstructorResolver.java:808) - Autowiring by type from bean name 'org.springframework.boot.autoconfigure.orm.jpa.JpaBaseConfiguration$JpaWebConfiguration' via constructor to bean named 'spring.jpa-org.springframework.boot.autoconfigure.orm.jpa.JpaProperties'
[2022-11-30 23:04:06] DEBUG org.springframework.beans.factory.support.DefaultListableBeanFactory(DefaultSingletonBeanRegistry.java:225) - Creating shared instance of singleton bean 'openEntityManagerInViewInterceptor'
[2022-11-30 23:04:06] WARN org.springframework.boot.autoconfigure.orm.jpa.JpaBaseConfiguration$JpaWebConfiguration(JpaBaseConfiguration.java:219) - spring.jpa.open-in-view is enabled by default. Therefore, database queries may be performed during view rendering. Explicitly configure spring.jpa.open-in-view to disable this warning
[2022-11-30 23:04:06] DEBUG org.springframework.beans.factory.support.DefaultListableBeanFactory(ConstructorResolver.java:808) - Autowiring by type from bean name 'openEntityManagerInViewInterceptorConfigurer' via factory method to bean named 'openEntityManagerInViewInterceptor'
[2022-11-30 23:04:06] DEBUG org.springframework.beans.factory.support.DefaultListableBeanFactory(DefaultSingletonBeanRegistry.java:225) - Creating shared instance of singleton bean 'org.springframework.data.web.config.SpringDataWebConfiguration'
[2022-11-30 23:04:07] DEBUG org.springframework.beans.factory.support.DefaultListableBeanFactory(ConstructorResolver.java:808) - Autowiring by type from bean name 'org.springframework.data.web.config.SpringDataWebConfiguration' via constructor to bean named 'org.springframework.web.context.support.GenericWebApplicationContext@4edef76c'
[2022-11-30 23:04:07] DEBUG org.springframework.beans.factory.support.DefaultListableBeanFactory(DefaultSingletonBeanRegistry.java:225) - Creating shared instance of singleton bean 'org.springframework.data.web.config.QuerydslWebConfiguration'
[2022-11-30 23:04:07] DEBUG org.springframework.beans.factory.support.DefaultListableBeanFactory(DefaultSingletonBeanRegistry.java:225) - Creating shared instance of singleton bean 'requestMappingHandlerAdapter'
[2022-11-30 23:04:07] DEBUG org.springframework.beans.factory.support.DefaultListableBeanFactory(DefaultSingletonBeanRegistry.java:225) - Creating shared instance of singleton bean 'mvcContentNegotiationManager'
[2022-11-30 23:04:07] DEBUG org.springframework.beans.factory.support.DefaultListableBeanFactory(DefaultSingletonBeanRegistry.java:225) - Creating shared instance of singleton bean 'mvcConversionService'
[2022-11-30 23:04:07] DEBUG org.springframework.beans.factory.support.DefaultListableBeanFactory(DefaultSingletonBeanRegistry.java:225) - Creating shared instance of singleton bean 'mvcValidator'
[2022-11-30 23:04:07] DEBUG org.springframework.beans.factory.support.DefaultListableBeanFactory(ConstructorResolver.java:808) - Autowiring by type from bean name 'requestMappingHandlerAdapter' via factory method to bean named 'mvcContentNegotiationManager'
[2022-11-30 23:04:07] DEBUG org.springframework.beans.factory.support.DefaultListableBeanFactory(ConstructorResolver.java:808) - Autowiring by type from bean name 'requestMappingHandlerAdapter' via factory method to bean named 'mvcConversionService'
[2022-11-30 23:04:07] DEBUG org.springframework.beans.factory.support.DefaultListableBeanFactory(ConstructorResolver.java:808) - Autowiring by type from bean name 'requestMappingHandlerAdapter' via factory method to bean named 'mvcValidator'
[2022-11-30 23:04:07] DEBUG org.springframework.beans.factory.support.DefaultListableBeanFactory(ConstructorResolver.java:808) - Autowiring by type from bean name 'requestMappingHandlerAdapter' via factory method to bean named 'mvcContentNegotiationManager'
[2022-11-30 23:04:07] DEBUG org.springframework.beans.factory.support.DefaultListableBeanFactory(ConstructorResolver.java:808) - Autowiring by type from bean name 'requestMappingHandlerAdapter' via factory method to bean named 'mvcConversionService'
[2022-11-30 23:04:07] DEBUG org.springframework.beans.factory.support.DefaultListableBeanFactory(ConstructorResolver.java:808) - Autowiring by type from bean name 'requestMappingHandlerAdapter' via factory method to bean named 'mvcValidator'
[2022-11-30 23:04:07] DEBUG org.springframework.beans.factory.support.DefaultListableBeanFactory(DefaultSingletonBeanRegistry.java:225) - Creating shared instance of singleton bean 'messageConverters'
[2022-11-30 23:04:07] DEBUG org.springframework.beans.factory.support.DefaultListableBeanFactory(DefaultSingletonBeanRegistry.java:225) - Creating shared instance of singleton bean 'org.springframework.boot.autoconfigure.http.HttpMessageConvertersAutoConfiguration'
[2022-11-30 23:04:07] DEBUG org.springframework.beans.factory.support.DefaultListableBeanFactory(DefaultSingletonBeanRegistry.java:225) - Creating shared instance of singleton bean 'stringHttpMessageConverter'
[2022-11-30 23:04:07] DEBUG org.springframework.beans.factory.support.DefaultListableBeanFactory(DefaultSingletonBeanRegistry.java:225) - Creating shared instance of singleton bean 'org.springframework.boot.autoconfigure.http.HttpMessageConvertersAutoConfiguration$StringHttpMessageConverterConfiguration'
[2022-11-30 23:04:07] DEBUG org.springframework.beans.factory.support.DefaultListableBeanFactory(ConstructorResolver.java:808) - Autowiring by type from bean name 'stringHttpMessageConverter' via factory method to bean named 'environment'
[2022-11-30 23:04:07] DEBUG org.springframework.beans.factory.support.DefaultListableBeanFactory(DefaultSingletonBeanRegistry.java:225) - Creating shared instance of singleton bean 'mappingJackson2HttpMessageConverter'
[2022-11-30 23:04:07] DEBUG org.springframework.beans.factory.support.DefaultListableBeanFactory(DefaultSingletonBeanRegistry.java:225) - Creating shared instance of singleton bean 'org.springframework.boot.autoconfigure.http.JacksonHttpMessageConvertersConfiguration$MappingJackson2HttpMessageConverterConfiguration'
[2022-11-30 23:04:07] DEBUG org.springframework.beans.factory.support.DefaultListableBeanFactory(DefaultSingletonBeanRegistry.java:225) - Creating shared instance of singleton bean 'jacksonObjectMapper'
[2022-11-30 23:04:07] DEBUG org.springframework.beans.factory.support.DefaultListableBeanFactory(DefaultSingletonBeanRegistry.java:225) - Creating shared instance of singleton bean 'org.springframework.boot.autoconfigure.jackson.JacksonAutoConfiguration$JacksonObjectMapperConfiguration'
[2022-11-30 23:04:07] DEBUG org.springframework.beans.factory.support.DefaultListableBeanFactory(DefaultSingletonBeanRegistry.java:225) - Creating shared instance of singleton bean 'org.springframework.boot.autoconfigure.jackson.JacksonAutoConfiguration$JacksonObjectMapperBuilderConfiguration'
[2022-11-30 23:04:07] DEBUG org.springframework.beans.factory.support.DefaultListableBeanFactory(DefaultSingletonBeanRegistry.java:225) - Creating shared instance of singleton bean 'standardJacksonObjectMapperBuilderCustomizer'
[2022-11-30 23:04:07] DEBUG org.springframework.beans.factory.support.DefaultListableBeanFactory(DefaultSingletonBeanRegistry.java:225) - Creating shared instance of singleton bean 'org.springframework.boot.autoconfigure.jackson.JacksonAutoConfiguration$Jackson2ObjectMapperBuilderCustomizerConfiguration'
[2022-11-30 23:04:07] DEBUG org.springframework.beans.factory.support.DefaultListableBeanFactory(DefaultSingletonBeanRegistry.java:225) - Creating shared instance of singleton bean 'spring.jackson-org.springframework.boot.autoconfigure.jackson.JacksonProperties'
[2022-11-30 23:04:07] DEBUG org.springframework.beans.factory.support.DefaultListableBeanFactory(ConstructorResolver.java:808) - Autowiring by type from bean name 'standardJacksonObjectMapperBuilderCustomizer' via factory method to bean named 'org.springframework.web.context.support.GenericWebApplicationContext@4edef76c'
[2022-11-30 23:04:07] DEBUG org.springframework.beans.factory.support.DefaultListableBeanFactory(ConstructorResolver.java:808) - Autowiring by type from bean name 'standardJacksonObjectMapperBuilderCustomizer' via factory method to bean named 'spring.jackson-org.springframework.boot.autoconfigure.jackson.JacksonProperties'
[2022-11-30 23:04:07] DEBUG org.springframework.beans.factory.support.DefaultListableBeanFactory(ConstructorResolver.java:808) - Autowiring by type from bean name 'jacksonObjectMapperBuilder' via factory method to bean named 'org.springframework.web.context.support.GenericWebApplicationContext@4edef76c'
[2022-11-30 23:04:07] DEBUG org.springframework.beans.factory.support.DefaultListableBeanFactory(ConstructorResolver.java:808) - Autowiring by type from bean name 'jacksonObjectMapperBuilder' via factory method to bean named 'standardJacksonObjectMapperBuilderCustomizer'
[2022-11-30 23:04:07] DEBUG org.springframework.beans.factory.support.DefaultListableBeanFactory(DefaultSingletonBeanRegistry.java:225) - Creating shared instance of singleton bean 'parameterNamesModule'
[2022-11-30 23:04:07] DEBUG org.springframework.beans.factory.support.DefaultListableBeanFactory(DefaultSingletonBeanRegistry.java:225) - Creating shared instance of singleton bean 'org.springframework.boot.autoconfigure.jackson.JacksonAutoConfiguration$ParameterNamesModuleConfiguration'
[2022-11-30 23:04:07] DEBUG org.springframework.beans.factory.support.DefaultListableBeanFactory(DefaultSingletonBeanRegistry.java:225) - Creating shared instance of singleton bean 'jsonComponentModule'
[2022-11-30 23:04:07] DEBUG org.springframework.beans.factory.support.DefaultListableBeanFactory(DefaultSingletonBeanRegistry.java:225) - Creating shared instance of singleton bean 'org.springframework.boot.autoconfigure.jackson.JacksonAutoConfiguration'
[2022-11-30 23:04:07] DEBUG org.springframework.beans.factory.support.DefaultListableBeanFactory(DefaultSingletonBeanRegistry.java:225) - Creating shared instance of singleton bean 'jsonMixinModule'
[2022-11-30 23:04:07] DEBUG org.springframework.beans.factory.support.DefaultListableBeanFactory(ConstructorResolver.java:808) - Autowiring by type from bean name 'jsonMixinModule' via factory method to bean named 'org.springframework.web.context.support.GenericWebApplicationContext@4edef76c'
[2022-11-30 23:04:07] DEBUG org.springframework.beans.factory.support.DefaultListableBeanFactory(DefaultSingletonBeanRegistry.java:225) - Creating shared instance of singleton bean 'jacksonGeoModule'
[2022-11-30 23:04:07] DEBUG org.springframework.beans.factory.support.DefaultListableBeanFactory(DefaultSingletonBeanRegistry.java:225) - Creating shared instance of singleton bean 'org.springframework.data.web.config.SpringDataJacksonConfiguration'
[2022-11-30 23:04:07] DEBUG org.springframework.beans.factory.support.DefaultListableBeanFactory(ConstructorResolver.java:808) - Autowiring by type from bean name 'jacksonObjectMapper' via factory method to bean named 'jacksonObjectMapperBuilder'
[2022-11-30 23:04:07] DEBUG org.springframework.beans.factory.support.DefaultListableBeanFactory(ConstructorResolver.java:808) - Autowiring by type from bean name 'mappingJackson2HttpMessageConverter' via factory method to bean named 'jacksonObjectMapper'
[2022-11-30 23:04:07] DEBUG org.springframework.beans.factory.support.DefaultListableBeanFactory(DefaultSingletonBeanRegistry.java:225) - Creating shared instance of singleton bean 'sortResolver'
[2022-11-30 23:04:07] DEBUG org.springframework.beans.factory.support.DefaultListableBeanFactory(DefaultSingletonBeanRegistry.java:225) - Creating shared instance of singleton bean 'sortCustomizer'
[2022-11-30 23:04:07] DEBUG org.springframework.beans.factory.support.DefaultListableBeanFactory(DefaultSingletonBeanRegistry.java:225) - Creating shared instance of singleton bean 'org.springframework.boot.autoconfigure.data.web.SpringDataWebAutoConfiguration'
[2022-11-30 23:04:07] DEBUG org.springframework.beans.factory.support.DefaultListableBeanFactory(DefaultSingletonBeanRegistry.java:225) - Creating shared instance of singleton bean 'spring.data.web-org.springframework.boot.autoconfigure.data.web.SpringDataWebProperties'
[2022-11-30 23:04:07] DEBUG org.springframework.beans.factory.support.DefaultListableBeanFactory(ConstructorResolver.java:808) - Autowiring by type from bean name 'org.springframework.boot.autoconfigure.data.web.SpringDataWebAutoConfiguration' via constructor to bean named 'spring.data.web-org.springframework.boot.autoconfigure.data.web.SpringDataWebProperties'
[2022-11-30 23:04:07] DEBUG org.springframework.beans.factory.support.DefaultListableBeanFactory(DefaultSingletonBeanRegistry.java:225) - Creating shared instance of singleton bean 'pageableResolver'
[2022-11-30 23:04:07] DEBUG org.springframework.beans.factory.support.DefaultListableBeanFactory(DefaultSingletonBeanRegistry.java:225) - Creating shared instance of singleton bean 'pageableCustomizer'
[2022-11-30 23:04:07] DEBUG org.springframework.beans.factory.support.DefaultListableBeanFactory(DefaultSingletonBeanRegistry.java:225) - Creating shared instance of singleton bean 'querydslPredicateArgumentResolver'
[2022-11-30 23:04:07] DEBUG org.springframework.beans.factory.support.DefaultListableBeanFactory(DefaultSingletonBeanRegistry.java:225) - Creating shared instance of singleton bean 'querydslBindingsFactory'
[2022-11-30 23:04:07] DEBUG org.springframework.orm.jpa.SharedEntityManagerCreator$SharedEntityManagerInvocationHandler(SharedEntityManagerCreator.java:302) - Creating new EntityManager for shared EntityManager invocation
[2022-11-30 23:04:07] DEBUG org.springframework.beans.factory.support.DefaultListableBeanFactory(DefaultSingletonBeanRegistry.java:225) - Creating shared instance of singleton bean 'applicationTaskExecutor'
[2022-11-30 23:04:07] DEBUG org.springframework.beans.factory.support.DefaultListableBeanFactory(ConstructorResolver.java:808) - Autowiring by type from bean name 'applicationTaskExecutor' via factory method to bean named 'taskExecutorBuilder'
[2022-11-30 23:04:07] DEBUG org.springframework.scheduling.concurrent.ThreadPoolTaskExecutor(ExecutorConfigurationSupport.java:181) - Initializing ExecutorService 'applicationTaskExecutor'
[2022-11-30 23:04:07] DEBUG org.springframework.web.servlet.mvc.method.annotation.RequestMappingHandlerAdapter(RequestMappingHandlerAdapter.java:625) - ControllerAdvice beans: 0 @ModelAttribute, 0 @InitBinder, 1 RequestBodyAdvice, 1 ResponseBodyAdvice
[2022-11-30 23:04:07] DEBUG org.springframework.beans.factory.support.DefaultListableBeanFactory(DefaultSingletonBeanRegistry.java:225) - Creating shared instance of singleton bean 'welcomePageHandlerMapping'
[2022-11-30 23:04:07] DEBUG org.springframework.beans.factory.support.DefaultListableBeanFactory(DefaultSingletonBeanRegistry.java:225) - Creating shared instance of singleton bean 'mvcResourceUrlProvider'
[2022-11-30 23:04:07] DEBUG org.springframework.beans.factory.support.DefaultListableBeanFactory(ConstructorResolver.java:808) - Autowiring by type from bean name 'welcomePageHandlerMapping' via factory method to bean named 'org.springframework.web.context.support.GenericWebApplicationContext@4edef76c'
[2022-11-30 23:04:07] DEBUG org.springframework.beans.factory.support.DefaultListableBeanFactory(ConstructorResolver.java:808) - Autowiring by type from bean name 'welcomePageHandlerMapping' via factory method to bean named 'mvcConversionService'
[2022-11-30 23:04:07] DEBUG org.springframework.beans.factory.support.DefaultListableBeanFactory(ConstructorResolver.java:808) - Autowiring by type from bean name 'welcomePageHandlerMapping' via factory method to bean named 'mvcResourceUrlProvider'
[2022-11-30 23:04:07] DEBUG org.springframework.beans.factory.support.DefaultListableBeanFactory(DefaultSingletonBeanRegistry.java:225) - Creating shared instance of singleton bean 'localeResolver'
[2022-11-30 23:04:07] DEBUG org.springframework.beans.factory.support.DefaultListableBeanFactory(DefaultSingletonBeanRegistry.java:225) - Creating shared instance of singleton bean 'themeResolver'
[2022-11-30 23:04:07] DEBUG org.springframework.beans.factory.support.DefaultListableBeanFactory(DefaultSingletonBeanRegistry.java:225) - Creating shared instance of singleton bean 'flashMapManager'
[2022-11-30 23:04:07] DEBUG org.springframework.beans.factory.support.DefaultListableBeanFactory(DefaultSingletonBeanRegistry.java:225) - Creating shared instance of singleton bean 'requestMappingHandlerMapping'
[2022-11-30 23:04:07] DEBUG org.springframework.beans.factory.support.DefaultListableBeanFactory(ConstructorResolver.java:808) - Autowiring by type from bean name 'requestMappingHandlerMapping' via factory method to bean named 'mvcContentNegotiationManager'
[2022-11-30 23:04:07] DEBUG org.springframework.beans.factory.support.DefaultListableBeanFactory(ConstructorResolver.java:808) - Autowiring by type from bean name 'requestMappingHandlerMapping' via factory method to bean named 'mvcConversionService'
[2022-11-30 23:04:07] DEBUG org.springframework.beans.factory.support.DefaultListableBeanFactory(ConstructorResolver.java:808) - Autowiring by type from bean name 'requestMappingHandlerMapping' via factory method to bean named 'mvcResourceUrlProvider'
[2022-11-30 23:04:08] DEBUG _org.springframework.web.servlet.HandlerMapping.Mappings(AbstractHandlerMethodMapping.java:295) - 
	c.n.h.b.c.IndexController:
	{GET [/]}: home()
[2022-11-30 23:04:08] DEBUG _org.springframework.web.servlet.HandlerMapping.Mappings(AbstractHandlerMethodMapping.java:295) - 
	c.n.h.b.c.PostController:
	{GET [/post/detail]}: selectOne(Model,Integer)
	{GET [/post/list]}: selectList(Model,Integer)
[2022-11-30 23:04:08] DEBUG _org.springframework.web.servlet.HandlerMapping.Mappings(AbstractHandlerMethodMapping.java:295) - 
	o.s.b.a.w.s.e.BasicErrorController:
	{ [/error]}: error(HttpServletRequest)
	{ [/error], produces [text/html]}: errorHtml(HttpServletRequest,HttpServletResponse)
[2022-11-30 23:04:08] DEBUG org.springframework.web.servlet.mvc.method.annotation.RequestMappingHandlerMapping(AbstractHandlerMethodMapping.java:367) - 5 mappings in 'requestMappingHandlerMapping'
[2022-11-30 23:04:08] DEBUG org.springframework.beans.factory.support.DefaultListableBeanFactory(DefaultSingletonBeanRegistry.java:225) - Creating shared instance of singleton bean 'mvcPatternParser'
[2022-11-30 23:04:08] DEBUG org.springframework.beans.factory.support.DefaultListableBeanFactory(DefaultSingletonBeanRegistry.java:225) - Creating shared instance of singleton bean 'mvcUrlPathHelper'
[2022-11-30 23:04:08] DEBUG org.springframework.beans.factory.support.DefaultListableBeanFactory(DefaultSingletonBeanRegistry.java:225) - Creating shared instance of singleton bean 'mvcPathMatcher'
[2022-11-30 23:04:08] DEBUG org.springframework.beans.factory.support.DefaultListableBeanFactory(DefaultSingletonBeanRegistry.java:225) - Creating shared instance of singleton bean 'viewControllerHandlerMapping'
[2022-11-30 23:04:08] DEBUG org.springframework.beans.factory.support.DefaultListableBeanFactory(ConstructorResolver.java:808) - Autowiring by type from bean name 'viewControllerHandlerMapping' via factory method to bean named 'mvcConversionService'
[2022-11-30 23:04:08] DEBUG org.springframework.beans.factory.support.DefaultListableBeanFactory(ConstructorResolver.java:808) - Autowiring by type from bean name 'viewControllerHandlerMapping' via factory method to bean named 'mvcResourceUrlProvider'
[2022-11-30 23:04:08] DEBUG org.springframework.beans.factory.support.DefaultListableBeanFactory(DefaultSingletonBeanRegistry.java:225) - Creating shared instance of singleton bean 'beanNameHandlerMapping'
[2022-11-30 23:04:08] DEBUG org.springframework.beans.factory.support.DefaultListableBeanFactory(ConstructorResolver.java:808) - Autowiring by type from bean name 'beanNameHandlerMapping' via factory method to bean named 'mvcConversionService'
[2022-11-30 23:04:08] DEBUG org.springframework.beans.factory.support.DefaultListableBeanFactory(ConstructorResolver.java:808) - Autowiring by type from bean name 'beanNameHandlerMapping' via factory method to bean named 'mvcResourceUrlProvider'
[2022-11-30 23:04:08] DEBUG _org.springframework.web.servlet.HandlerMapping.Mappings(AbstractDetectingUrlHandlerMapping.java:86) - 'beanNameHandlerMapping' {}
[2022-11-30 23:04:08] DEBUG org.springframework.beans.factory.support.DefaultListableBeanFactory(DefaultSingletonBeanRegistry.java:225) - Creating shared instance of singleton bean 'routerFunctionMapping'
[2022-11-30 23:04:08] DEBUG org.springframework.beans.factory.support.DefaultListableBeanFactory(ConstructorResolver.java:808) - Autowiring by type from bean name 'routerFunctionMapping' via factory method to bean named 'mvcConversionService'
[2022-11-30 23:04:08] DEBUG org.springframework.beans.factory.support.DefaultListableBeanFactory(ConstructorResolver.java:808) - Autowiring by type from bean name 'routerFunctionMapping' via factory method to bean named 'mvcResourceUrlProvider'
[2022-11-30 23:04:08] DEBUG org.springframework.beans.factory.support.DefaultListableBeanFactory(DefaultSingletonBeanRegistry.java:225) - Creating shared instance of singleton bean 'resourceHandlerMapping'
[2022-11-30 23:04:08] DEBUG org.springframework.beans.factory.support.DefaultListableBeanFactory(ConstructorResolver.java:808) - Autowiring by type from bean name 'resourceHandlerMapping' via factory method to bean named 'mvcContentNegotiationManager'
[2022-11-30 23:04:08] DEBUG org.springframework.beans.factory.support.DefaultListableBeanFactory(ConstructorResolver.java:808) - Autowiring by type from bean name 'resourceHandlerMapping' via factory method to bean named 'mvcConversionService'
[2022-11-30 23:04:08] DEBUG org.springframework.beans.factory.support.DefaultListableBeanFactory(ConstructorResolver.java:808) - Autowiring by type from bean name 'resourceHandlerMapping' via factory method to bean named 'mvcResourceUrlProvider'
[2022-11-30 23:04:08] DEBUG _org.springframework.web.servlet.HandlerMapping.Mappings(SimpleUrlHandlerMapping.java:177) - 'resourceHandlerMapping' {/webjars/**=ResourceHttpRequestHandler [classpath [META-INF/resources/webjars/]], /**=ResourceHttpRequestHandler [classpath [META-INF/resources/], classpath [resources/], classpath [static/], classpath [public/], ServletContext [/]]}
[2022-11-30 23:04:08] DEBUG org.springframework.beans.factory.support.DefaultListableBeanFactory(DefaultSingletonBeanRegistry.java:225) - Creating shared instance of singleton bean 'defaultServletHandlerMapping'
[2022-11-30 23:04:08] DEBUG org.springframework.beans.factory.support.DefaultListableBeanFactory(DefaultSingletonBeanRegistry.java:225) - Creating shared instance of singleton bean 'handlerFunctionAdapter'
[2022-11-30 23:04:08] DEBUG org.springframework.beans.factory.support.DefaultListableBeanFactory(DefaultSingletonBeanRegistry.java:225) - Creating shared instance of singleton bean 'mvcUriComponentsContributor'
[2022-11-30 23:04:08] DEBUG org.springframework.beans.factory.support.DefaultListableBeanFactory(ConstructorResolver.java:808) - Autowiring by type from bean name 'mvcUriComponentsContributor' via factory method to bean named 'mvcConversionService'
[2022-11-30 23:04:08] DEBUG org.springframework.beans.factory.support.DefaultListableBeanFactory(ConstructorResolver.java:808) - Autowiring by type from bean name 'mvcUriComponentsContributor' via factory method to bean named 'requestMappingHandlerAdapter'
[2022-11-30 23:04:08] DEBUG org.springframework.beans.factory.support.DefaultListableBeanFactory(DefaultSingletonBeanRegistry.java:225) - Creating shared instance of singleton bean 'httpRequestHandlerAdapter'
[2022-11-30 23:04:08] DEBUG org.springframework.beans.factory.support.DefaultListableBeanFactory(DefaultSingletonBeanRegistry.java:225) - Creating shared instance of singleton bean 'simpleControllerHandlerAdapter'
[2022-11-30 23:04:08] DEBUG org.springframework.beans.factory.support.DefaultListableBeanFactory(DefaultSingletonBeanRegistry.java:225) - Creating shared instance of singleton bean 'handlerExceptionResolver'
[2022-11-30 23:04:08] DEBUG org.springframework.beans.factory.support.DefaultListableBeanFactory(ConstructorResolver.java:808) - Autowiring by type from bean name 'handlerExceptionResolver' via factory method to bean named 'mvcContentNegotiationManager'
[2022-11-30 23:04:08] DEBUG org.springframework.web.servlet.mvc.method.annotation.ExceptionHandlerExceptionResolver(ExceptionHandlerExceptionResolver.java:307) - ControllerAdvice beans: 0 @ExceptionHandler, 1 ResponseBodyAdvice
[2022-11-30 23:04:08] DEBUG org.springframework.beans.factory.support.DefaultListableBeanFactory(DefaultSingletonBeanRegistry.java:225) - Creating shared instance of singleton bean 'mvcViewResolver'
[2022-11-30 23:04:08] DEBUG org.springframework.beans.factory.support.DefaultListableBeanFactory(ConstructorResolver.java:808) - Autowiring by type from bean name 'mvcViewResolver' via factory method to bean named 'mvcContentNegotiationManager'
[2022-11-30 23:04:08] DEBUG org.springframework.beans.factory.support.DefaultListableBeanFactory(DefaultSingletonBeanRegistry.java:225) - Creating shared instance of singleton bean 'viewNameTranslator'
[2022-11-30 23:04:08] DEBUG org.springframework.beans.factory.support.DefaultListableBeanFactory(DefaultSingletonBeanRegistry.java:225) - Creating shared instance of singleton bean 'defaultViewResolver'
[2022-11-30 23:04:08] DEBUG org.springframework.beans.factory.support.DefaultListableBeanFactory(DefaultSingletonBeanRegistry.java:225) - Creating shared instance of singleton bean 'viewResolver'
[2022-11-30 23:04:08] DEBUG org.springframework.beans.factory.support.DefaultListableBeanFactory(ConstructorResolver.java:808) - Autowiring by type from bean name 'viewResolver' via factory method to bean named 'org.springframework.beans.factory.support.DefaultListableBeanFactory@66cd621b'
[2022-11-30 23:04:08] DEBUG org.springframework.beans.factory.support.DefaultListableBeanFactory(DefaultSingletonBeanRegistry.java:225) - Creating shared instance of singleton bean 'viewResolver'
[2022-11-30 23:04:08] DEBUG org.springframework.beans.factory.support.DefaultListableBeanFactory(DefaultSingletonBeanRegistry.java:225) - Creating shared instance of singleton bean 'thymeleafViewResolver'
[2022-11-30 23:04:08] DEBUG org.springframework.beans.factory.support.DefaultListableBeanFactory(DefaultSingletonBeanRegistry.java:225) - Creating shared instance of singleton bean 'org.springframework.boot.autoconfigure.thymeleaf.ThymeleafAutoConfiguration$ThymeleafWebMvcConfiguration$ThymeleafViewResolverConfiguration'
[2022-11-30 23:04:08] DEBUG org.springframework.beans.factory.support.DefaultListableBeanFactory(DefaultSingletonBeanRegistry.java:225) - Creating shared instance of singleton bean 'spring.thymeleaf-org.springframework.boot.autoconfigure.thymeleaf.ThymeleafProperties'
[2022-11-30 23:04:08] DEBUG org.springframework.beans.factory.support.DefaultListableBeanFactory(DefaultSingletonBeanRegistry.java:225) - Creating shared instance of singleton bean 'templateEngine'
[2022-11-30 23:04:08] DEBUG org.springframework.beans.factory.support.DefaultListableBeanFactory(DefaultSingletonBeanRegistry.java:225) - Creating shared instance of singleton bean 'org.springframework.boot.autoconfigure.thymeleaf.TemplateEngineConfigurations$DefaultTemplateEngineConfiguration'
[2022-11-30 23:04:08] DEBUG org.springframework.beans.factory.support.DefaultListableBeanFactory(ConstructorResolver.java:808) - Autowiring by type from bean name 'templateEngine' via factory method to bean named 'spring.thymeleaf-org.springframework.boot.autoconfigure.thymeleaf.ThymeleafProperties'
[2022-11-30 23:04:08] DEBUG org.springframework.beans.factory.support.DefaultListableBeanFactory(DefaultSingletonBeanRegistry.java:225) - Creating shared instance of singleton bean 'defaultTemplateResolver'
[2022-11-30 23:04:08] DEBUG org.springframework.beans.factory.support.DefaultListableBeanFactory(DefaultSingletonBeanRegistry.java:225) - Creating shared instance of singleton bean 'org.springframework.boot.autoconfigure.thymeleaf.ThymeleafAutoConfiguration$DefaultTemplateResolverConfiguration'
[2022-11-30 23:04:08] DEBUG org.springframework.beans.factory.support.DefaultListableBeanFactory(ConstructorResolver.java:808) - Autowiring by type from bean name 'org.springframework.boot.autoconfigure.thymeleaf.ThymeleafAutoConfiguration$DefaultTemplateResolverConfiguration' via constructor to bean named 'spring.thymeleaf-org.springframework.boot.autoconfigure.thymeleaf.ThymeleafProperties'
[2022-11-30 23:04:08] DEBUG org.springframework.beans.factory.support.DefaultListableBeanFactory(ConstructorResolver.java:808) - Autowiring by type from bean name 'org.springframework.boot.autoconfigure.thymeleaf.ThymeleafAutoConfiguration$DefaultTemplateResolverConfiguration' via constructor to bean named 'org.springframework.web.context.support.GenericWebApplicationContext@4edef76c'
[2022-11-30 23:04:08] DEBUG org.springframework.beans.factory.support.DefaultListableBeanFactory(DefaultSingletonBeanRegistry.java:225) - Creating shared instance of singleton bean 'java8TimeDialect'
[2022-11-30 23:04:08] DEBUG org.springframework.beans.factory.support.DefaultListableBeanFactory(DefaultSingletonBeanRegistry.java:225) - Creating shared instance of singleton bean 'org.springframework.boot.autoconfigure.thymeleaf.ThymeleafAutoConfiguration$ThymeleafJava8TimeDialect'
[2022-11-30 23:04:08] DEBUG org.springframework.beans.factory.support.DefaultListableBeanFactory(DefaultSingletonBeanRegistry.java:225) - Creating shared instance of singleton bean 'layoutDialect'
[2022-11-30 23:04:08] DEBUG org.springframework.beans.factory.support.DefaultListableBeanFactory(DefaultSingletonBeanRegistry.java:225) - Creating shared instance of singleton bean 'org.springframework.boot.autoconfigure.thymeleaf.ThymeleafAutoConfiguration$ThymeleafWebLayoutConfiguration'
[2022-11-30 23:04:08] DEBUG org.springframework.beans.factory.support.DefaultListableBeanFactory(ConstructorResolver.java:808) - Autowiring by type from bean name 'thymeleafViewResolver' via factory method to bean named 'spring.thymeleaf-org.springframework.boot.autoconfigure.thymeleaf.ThymeleafProperties'
[2022-11-30 23:04:08] DEBUG org.springframework.beans.factory.support.DefaultListableBeanFactory(ConstructorResolver.java:808) - Autowiring by type from bean name 'thymeleafViewResolver' via factory method to bean named 'templateEngine'
[2022-11-30 23:04:08] DEBUG org.springframework.beans.factory.support.DefaultListableBeanFactory(DefaultSingletonBeanRegistry.java:225) - Creating shared instance of singleton bean 'requestContextFilter'
[2022-11-30 23:04:08] DEBUG org.springframework.beans.factory.support.DefaultListableBeanFactory(DefaultSingletonBeanRegistry.java:225) - Creating shared instance of singleton bean 'org.springframework.boot.autoconfigure.web.servlet.WebMvcAutoConfiguration'
[2022-11-30 23:04:08] DEBUG org.springframework.beans.factory.support.DefaultListableBeanFactory(DefaultSingletonBeanRegistry.java:225) - Creating shared instance of singleton bean 'formContentFilter'
[2022-11-30 23:04:08] DEBUG org.springframework.beans.factory.support.DefaultListableBeanFactory(DefaultSingletonBeanRegistry.java:225) - Creating shared instance of singleton bean 'org.springframework.boot.autoconfigure.aop.AopAutoConfiguration$AspectJAutoProxyingConfiguration$CglibAutoProxyConfiguration'
[2022-11-30 23:04:08] DEBUG org.springframework.beans.factory.support.DefaultListableBeanFactory(DefaultSingletonBeanRegistry.java:225) - Creating shared instance of singleton bean 'org.springframework.boot.autoconfigure.aop.AopAutoConfiguration$AspectJAutoProxyingConfiguration'
[2022-11-30 23:04:08] DEBUG org.springframework.beans.factory.support.DefaultListableBeanFactory(DefaultSingletonBeanRegistry.java:225) - Creating shared instance of singleton bean 'org.springframework.boot.autoconfigure.aop.AopAutoConfiguration'
[2022-11-30 23:04:08] DEBUG org.springframework.beans.factory.support.DefaultListableBeanFactory(DefaultSingletonBeanRegistry.java:225) - Creating shared instance of singleton bean 'org.springframework.boot.autoconfigure.availability.ApplicationAvailabilityAutoConfiguration'
[2022-11-30 23:04:08] DEBUG org.springframework.beans.factory.support.DefaultListableBeanFactory(DefaultSingletonBeanRegistry.java:225) - Creating shared instance of singleton bean 'applicationAvailability'
[2022-11-30 23:04:08] DEBUG org.springframework.beans.factory.support.DefaultListableBeanFactory(DefaultSingletonBeanRegistry.java:225) - Creating shared instance of singleton bean 'org.springframework.boot.autoconfigure.transaction.jta.JtaAutoConfiguration'
[2022-11-30 23:04:08] DEBUG org.springframework.beans.factory.support.DefaultListableBeanFactory(DefaultSingletonBeanRegistry.java:225) - Creating shared instance of singleton bean 'org.springframework.boot.autoconfigure.jdbc.DataSourceAutoConfiguration$PooledDataSourceConfiguration'
[2022-11-30 23:04:08] DEBUG org.springframework.beans.factory.support.DefaultListableBeanFactory(DefaultSingletonBeanRegistry.java:225) - Creating shared instance of singleton bean 'org.springframework.boot.autoconfigure.jdbc.metadata.DataSourcePoolMetadataProvidersConfiguration'
[2022-11-30 23:04:08] DEBUG org.springframework.beans.factory.support.DefaultListableBeanFactory(DefaultSingletonBeanRegistry.java:225) - Creating shared instance of singleton bean 'org.springframework.boot.autoconfigure.jdbc.DataSourceAutoConfiguration'
[2022-11-30 23:04:08] DEBUG org.springframework.beans.factory.support.DefaultListableBeanFactory(DefaultSingletonBeanRegistry.java:225) - Creating shared instance of singleton bean 'transactionManager'
[2022-11-30 23:04:08] DEBUG org.springframework.beans.factory.support.DefaultListableBeanFactory(DefaultSingletonBeanRegistry.java:225) - Creating shared instance of singleton bean 'platformTransactionManagerCustomizers'
[2022-11-30 23:04:08] DEBUG org.springframework.beans.factory.support.DefaultListableBeanFactory(DefaultSingletonBeanRegistry.java:225) - Creating shared instance of singleton bean 'org.springframework.boot.autoconfigure.transaction.TransactionAutoConfiguration'
[2022-11-30 23:04:08] DEBUG org.springframework.beans.factory.support.DefaultListableBeanFactory(DefaultSingletonBeanRegistry.java:225) - Creating shared instance of singleton bean 'spring.transaction-org.springframework.boot.autoconfigure.transaction.TransactionProperties'
[2022-11-30 23:04:08] DEBUG org.springframework.beans.factory.support.DefaultListableBeanFactory(DefaultSingletonBeanRegistry.java:225) - Creating shared instance of singleton bean 'org.springframework.boot.autoconfigure.orm.jpa.HibernateJpaAutoConfiguration'
[2022-11-30 23:04:08] DEBUG org.springframework.beans.factory.support.DefaultListableBeanFactory(DefaultSingletonBeanRegistry.java:225) - Creating shared instance of singleton bean 'org.springframework.boot.autoconfigure.context.ConfigurationPropertiesAutoConfiguration'
[2022-11-30 23:04:08] DEBUG org.springframework.beans.factory.support.DefaultListableBeanFactory(DefaultSingletonBeanRegistry.java:225) - Creating shared instance of singleton bean 'org.springframework.boot.autoconfigure.context.LifecycleAutoConfiguration'
[2022-11-30 23:04:08] DEBUG org.springframework.beans.factory.support.DefaultListableBeanFactory(DefaultSingletonBeanRegistry.java:225) - Creating shared instance of singleton bean 'lifecycleProcessor'
[2022-11-30 23:04:08] DEBUG org.springframework.beans.factory.support.DefaultListableBeanFactory(DefaultSingletonBeanRegistry.java:225) - Creating shared instance of singleton bean 'spring.lifecycle-org.springframework.boot.autoconfigure.context.LifecycleProperties'
[2022-11-30 23:04:08] DEBUG org.springframework.beans.factory.support.DefaultListableBeanFactory(ConstructorResolver.java:808) - Autowiring by type from bean name 'lifecycleProcessor' via factory method to bean named 'spring.lifecycle-org.springframework.boot.autoconfigure.context.LifecycleProperties'
[2022-11-30 23:04:08] DEBUG org.springframework.beans.factory.support.DefaultListableBeanFactory(DefaultSingletonBeanRegistry.java:225) - Creating shared instance of singleton bean 'org.springframework.boot.autoconfigure.dao.PersistenceExceptionTranslationAutoConfiguration'
[2022-11-30 23:04:08] DEBUG org.springframework.beans.factory.support.DefaultListableBeanFactory(DefaultSingletonBeanRegistry.java:225) - Creating shared instance of singleton bean 'org.springframework.boot.autoconfigure.data.jpa.JpaRepositoriesAutoConfiguration'
[2022-11-30 23:04:08] DEBUG org.springframework.beans.factory.support.DefaultListableBeanFactory(DefaultSingletonBeanRegistry.java:225) - Creating shared instance of singleton bean 'org.springframework.data.jpa.util.JpaMetamodelCacheCleanup'
[2022-11-30 23:04:08] DEBUG org.springframework.beans.factory.support.DefaultListableBeanFactory(DefaultSingletonBeanRegistry.java:225) - Creating shared instance of singleton bean 'org.springframework.data.jpa.repository.support.JpaEvaluationContextExtension'
[2022-11-30 23:04:08] DEBUG org.springframework.beans.factory.support.DefaultListableBeanFactory(DefaultSingletonBeanRegistry.java:225) - Creating shared instance of singleton bean 'org.springframework.boot.autoconfigure.http.JacksonHttpMessageConvertersConfiguration'
[2022-11-30 23:04:08] DEBUG org.springframework.beans.factory.support.DefaultListableBeanFactory(DefaultSingletonBeanRegistry.java:225) - Creating shared instance of singleton bean 'org.springframework.data.web.config.ProjectingArgumentResolverRegistrar'
[2022-11-30 23:04:08] DEBUG org.springframework.beans.factory.support.DefaultListableBeanFactory(DefaultSingletonBeanRegistry.java:225) - Creating shared instance of singleton bean 'org.springframework.boot.autoconfigure.info.ProjectInfoAutoConfiguration'
[2022-11-30 23:04:08] DEBUG org.springframework.beans.factory.support.DefaultListableBeanFactory(DefaultSingletonBeanRegistry.java:225) - Creating shared instance of singleton bean 'spring.info-org.springframework.boot.autoconfigure.info.ProjectInfoProperties'
[2022-11-30 23:04:08] DEBUG org.springframework.beans.factory.support.DefaultListableBeanFactory(ConstructorResolver.java:808) - Autowiring by type from bean name 'org.springframework.boot.autoconfigure.info.ProjectInfoAutoConfiguration' via constructor to bean named 'spring.info-org.springframework.boot.autoconfigure.info.ProjectInfoProperties'
[2022-11-30 23:04:08] DEBUG org.springframework.beans.factory.support.DefaultListableBeanFactory(DefaultSingletonBeanRegistry.java:225) - Creating shared instance of singleton bean 'org.springframework.boot.autoconfigure.jdbc.JdbcTemplateConfiguration'
[2022-11-30 23:04:08] DEBUG org.springframework.beans.factory.support.DefaultListableBeanFactory(DefaultSingletonBeanRegistry.java:225) - Creating shared instance of singleton bean 'jdbcTemplate'
[2022-11-30 23:04:08] DEBUG org.springframework.beans.factory.support.DefaultListableBeanFactory(DefaultSingletonBeanRegistry.java:225) - Creating shared instance of singleton bean 'spring.jdbc-org.springframework.boot.autoconfigure.jdbc.JdbcProperties'
[2022-11-30 23:04:08] DEBUG org.springframework.beans.factory.support.DefaultListableBeanFactory(ConstructorResolver.java:808) - Autowiring by type from bean name 'jdbcTemplate' via factory method to bean named 'dataSource'
[2022-11-30 23:04:08] DEBUG org.springframework.beans.factory.support.DefaultListableBeanFactory(ConstructorResolver.java:808) - Autowiring by type from bean name 'jdbcTemplate' via factory method to bean named 'spring.jdbc-org.springframework.boot.autoconfigure.jdbc.JdbcProperties'
[2022-11-30 23:04:08] DEBUG org.springframework.beans.factory.support.DefaultListableBeanFactory(DefaultSingletonBeanRegistry.java:225) - Creating shared instance of singleton bean 'org.springframework.boot.autoconfigure.jdbc.NamedParameterJdbcTemplateConfiguration'
[2022-11-30 23:04:08] DEBUG org.springframework.beans.factory.support.DefaultListableBeanFactory(DefaultSingletonBeanRegistry.java:225) - Creating shared instance of singleton bean 'namedParameterJdbcTemplate'
[2022-11-30 23:04:08] DEBUG org.springframework.beans.factory.support.DefaultListableBeanFactory(ConstructorResolver.java:808) - Autowiring by type from bean name 'namedParameterJdbcTemplate' via factory method to bean named 'jdbcTemplate'
[2022-11-30 23:04:09] DEBUG org.springframework.beans.factory.support.DefaultListableBeanFactory(DefaultSingletonBeanRegistry.java:225) - Creating shared instance of singleton bean 'org.springframework.boot.autoconfigure.jdbc.JdbcTemplateAutoConfiguration'
[2022-11-30 23:04:09] DEBUG org.springframework.beans.factory.support.DefaultListableBeanFactory(DefaultSingletonBeanRegistry.java:225) - Creating shared instance of singleton bean 'org.springframework.boot.autoconfigure.sql.init.SqlInitializationAutoConfiguration'
[2022-11-30 23:04:09] DEBUG org.springframework.beans.factory.support.DefaultListableBeanFactory(DefaultSingletonBeanRegistry.java:225) - Creating shared instance of singleton bean 'org.springframework.boot.autoconfigure.task.TaskSchedulingAutoConfiguration'
[2022-11-30 23:04:09] DEBUG org.springframework.beans.factory.support.DefaultListableBeanFactory(DefaultSingletonBeanRegistry.java:225) - Creating shared instance of singleton bean 'scheduledBeanLazyInitializationExcludeFilter'
[2022-11-30 23:04:09] DEBUG org.springframework.beans.factory.support.DefaultListableBeanFactory(DefaultSingletonBeanRegistry.java:225) - Creating shared instance of singleton bean 'taskSchedulerBuilder'
[2022-11-30 23:04:09] DEBUG org.springframework.beans.factory.support.DefaultListableBeanFactory(DefaultSingletonBeanRegistry.java:225) - Creating shared instance of singleton bean 'spring.task.scheduling-org.springframework.boot.autoconfigure.task.TaskSchedulingProperties'
[2022-11-30 23:04:09] DEBUG org.springframework.beans.factory.support.DefaultListableBeanFactory(ConstructorResolver.java:808) - Autowiring by type from bean name 'taskSchedulerBuilder' via factory method to bean named 'spring.task.scheduling-org.springframework.boot.autoconfigure.task.TaskSchedulingProperties'
[2022-11-30 23:04:09] DEBUG org.springframework.beans.factory.support.DefaultListableBeanFactory(DefaultSingletonBeanRegistry.java:225) - Creating shared instance of singleton bean 'org.springframework.boot.autoconfigure.thymeleaf.ThymeleafAutoConfiguration$ThymeleafWebMvcConfiguration'
[2022-11-30 23:04:09] DEBUG org.springframework.beans.factory.support.DefaultListableBeanFactory(DefaultSingletonBeanRegistry.java:225) - Creating shared instance of singleton bean 'org.springframework.boot.autoconfigure.thymeleaf.ThymeleafAutoConfiguration'
[2022-11-30 23:04:09] DEBUG org.springframework.beans.factory.support.DefaultListableBeanFactory(DefaultSingletonBeanRegistry.java:225) - Creating shared instance of singleton bean 'org.springframework.boot.autoconfigure.jdbc.DataSourceTransactionManagerAutoConfiguration$JdbcTransactionManagerConfiguration'
[2022-11-30 23:04:09] DEBUG org.springframework.beans.factory.support.DefaultListableBeanFactory(DefaultSingletonBeanRegistry.java:225) - Creating shared instance of singleton bean 'org.springframework.boot.autoconfigure.jdbc.DataSourceTransactionManagerAutoConfiguration'
[2022-11-30 23:04:09] DEBUG org.springframework.beans.factory.support.DefaultListableBeanFactory(DefaultSingletonBeanRegistry.java:225) - Creating shared instance of singleton bean 'org.springframework.boot.autoconfigure.transaction.TransactionAutoConfiguration$EnableTransactionManagementConfiguration$CglibAutoProxyConfiguration'
[2022-11-30 23:04:09] DEBUG org.springframework.beans.factory.support.DefaultListableBeanFactory(DefaultSingletonBeanRegistry.java:225) - Creating shared instance of singleton bean 'org.springframework.boot.autoconfigure.transaction.TransactionAutoConfiguration$EnableTransactionManagementConfiguration'
[2022-11-30 23:04:09] DEBUG org.springframework.beans.factory.support.DefaultListableBeanFactory(DefaultSingletonBeanRegistry.java:225) - Creating shared instance of singleton bean 'org.springframework.boot.autoconfigure.transaction.TransactionAutoConfiguration$TransactionTemplateConfiguration'
[2022-11-30 23:04:09] DEBUG org.springframework.beans.factory.support.DefaultListableBeanFactory(DefaultSingletonBeanRegistry.java:225) - Creating shared instance of singleton bean 'transactionTemplate'
[2022-11-30 23:04:09] DEBUG org.springframework.beans.factory.support.DefaultListableBeanFactory(ConstructorResolver.java:808) - Autowiring by type from bean name 'transactionTemplate' via factory method to bean named 'transactionManager'
[2022-11-30 23:04:09] DEBUG org.springframework.beans.factory.support.DefaultListableBeanFactory(DefaultSingletonBeanRegistry.java:225) - Creating shared instance of singleton bean 'org.springframework.boot.autoconfigure.web.client.RestTemplateAutoConfiguration'
[2022-11-30 23:04:09] DEBUG org.springframework.beans.factory.support.DefaultListableBeanFactory(DefaultSingletonBeanRegistry.java:225) - Creating shared instance of singleton bean 'org.springframework.boot.autoconfigure.web.embedded.EmbeddedWebServerFactoryCustomizerAutoConfiguration'
[2022-11-30 23:04:09] DEBUG org.springframework.beans.factory.support.DefaultListableBeanFactory(DefaultSingletonBeanRegistry.java:225) - Creating shared instance of singleton bean 'characterEncodingFilter'
[2022-11-30 23:04:09] DEBUG org.springframework.beans.factory.support.DefaultListableBeanFactory(DefaultSingletonBeanRegistry.java:225) - Creating shared instance of singleton bean 'multipartResolver'
[2022-11-30 23:04:09] DEBUG org.springframework.context.support.DefaultLifecycleProcessor(DefaultLifecycleProcessor.java:352) - Starting beans in phase -2147483647
[2022-11-30 23:04:09] DEBUG org.springframework.context.support.DefaultLifecycleProcessor(DefaultLifecycleProcessor.java:184) - Successfully started bean 'springBootLoggingLifecycle'
[2022-11-30 23:04:09] DEBUG org.springframework.boot.autoconfigure.logging.ConditionEvaluationReportLoggingListener(ConditionEvaluationReportLoggingListener.java:126) - 


============================
CONDITIONS EVALUATION REPORT
============================


Positive matches:
-----------------

   AopAutoConfiguration matched:
      - @ConditionalOnProperty (spring.aop.auto=true) matched (OnPropertyCondition)

   AopAutoConfiguration.AspectJAutoProxyingConfiguration matched:
      - @ConditionalOnClass found required class 'org.aspectj.weaver.Advice' (OnClassCondition)

   AopAutoConfiguration.AspectJAutoProxyingConfiguration.CglibAutoProxyConfiguration matched:
      - @ConditionalOnProperty (spring.aop.proxy-target-class=true) matched (OnPropertyCondition)

   DataSourceAutoConfiguration matched:
      - @ConditionalOnClass found required classes 'javax.sql.DataSource', 'org.springframework.jdbc.datasource.embedded.EmbeddedDatabaseType' (OnClassCondition)
      - @ConditionalOnMissingBean (types: io.r2dbc.spi.ConnectionFactory; SearchStrategy: all) did not find any beans (OnBeanCondition)

   DataSourceAutoConfiguration.PooledDataSourceConfiguration matched:
      - AnyNestedCondition 1 matched 1 did not; NestedCondition on DataSourceAutoConfiguration.PooledDataSourceCondition.PooledDataSourceAvailable PooledDataSource found supported DataSource; NestedCondition on DataSourceAutoConfiguration.PooledDataSourceCondition.ExplicitType @ConditionalOnProperty (spring.datasource.type) did not find property 'type' (DataSourceAutoConfiguration.PooledDataSourceCondition)
      - @ConditionalOnMissingBean (types: javax.sql.DataSource,javax.sql.XADataSource; SearchStrategy: all) did not find any beans (OnBeanCondition)

   DataSourceConfiguration.Hikari matched:
      - @ConditionalOnClass found required class 'com.zaxxer.hikari.HikariDataSource' (OnClassCondition)
      - @ConditionalOnProperty (spring.datasource.type=com.zaxxer.hikari.HikariDataSource) matched (OnPropertyCondition)
      - @ConditionalOnMissingBean (types: javax.sql.DataSource; SearchStrategy: all) did not find any beans (OnBeanCondition)

   DataSourceInitializationConfiguration matched:
      - @ConditionalOnClass found required class 'org.springframework.jdbc.datasource.init.DatabasePopulator' (OnClassCondition)
      - @ConditionalOnSingleCandidate (types: javax.sql.DataSource; SearchStrategy: all) found a single bean 'dataSource'; @ConditionalOnMissingBean (types: org.springframework.boot.autoconfigure.sql.init.SqlDataSourceScriptDatabaseInitializer,org.springframework.boot.autoconfigure.sql.init.SqlR2dbcScriptDatabaseInitializer; SearchStrategy: all) did not find any beans (OnBeanCondition)

   DataSourcePoolMetadataProvidersConfiguration.HikariPoolDataSourceMetadataProviderConfiguration matched:
      - @ConditionalOnClass found required class 'com.zaxxer.hikari.HikariDataSource' (OnClassCondition)

   DataSourceTransactionManagerAutoConfiguration matched:
      - @ConditionalOnClass found required classes 'org.springframework.jdbc.core.JdbcTemplate', 'org.springframework.transaction.TransactionManager' (OnClassCondition)

   DataSourceTransactionManagerAutoConfiguration.JdbcTransactionManagerConfiguration matched:
      - @ConditionalOnSingleCandidate (types: javax.sql.DataSource; SearchStrategy: all) found a single bean 'dataSource' (OnBeanCondition)

   DispatcherServletAutoConfiguration matched:
      - @ConditionalOnClass found required class 'org.springframework.web.servlet.DispatcherServlet' (OnClassCondition)
      - found 'session' scope (OnWebApplicationCondition)

   DispatcherServletAutoConfiguration.DispatcherServletConfiguration matched:
      - @ConditionalOnClass found required class 'javax.servlet.ServletRegistration' (OnClassCondition)
      - Default DispatcherServlet did not find dispatcher servlet beans (DispatcherServletAutoConfiguration.DefaultDispatcherServletCondition)

   DispatcherServletAutoConfiguration.DispatcherServletRegistrationConfiguration matched:
      - @ConditionalOnClass found required class 'javax.servlet.ServletRegistration' (OnClassCondition)
      - DispatcherServlet Registration did not find servlet registration bean (DispatcherServletAutoConfiguration.DispatcherServletRegistrationCondition)

   DispatcherServletAutoConfiguration.DispatcherServletRegistrationConfiguration#dispatcherServletRegistration matched:
      - @ConditionalOnBean (names: dispatcherServlet types: org.springframework.web.servlet.DispatcherServlet; SearchStrategy: all) found bean 'dispatcherServlet' (OnBeanCondition)

   EmbeddedWebServerFactoryCustomizerAutoConfiguration matched:
      - @ConditionalOnWebApplication (required) found 'session' scope (OnWebApplicationCondition)

   EmbeddedWebServerFactoryCustomizerAutoConfiguration.TomcatWebServerFactoryCustomizerConfiguration matched:
      - @ConditionalOnClass found required classes 'org.apache.catalina.startup.Tomcat', 'org.apache.coyote.UpgradeProtocol' (OnClassCondition)

   ErrorMvcAutoConfiguration matched:
      - @ConditionalOnClass found required classes 'javax.servlet.Servlet', 'org.springframework.web.servlet.DispatcherServlet' (OnClassCondition)
      - found 'session' scope (OnWebApplicationCondition)

   ErrorMvcAutoConfiguration#basicErrorController matched:
      - @ConditionalOnMissingBean (types: org.springframework.boot.web.servlet.error.ErrorController; SearchStrategy: current) did not find any beans (OnBeanCondition)

   ErrorMvcAutoConfiguration#errorAttributes matched:
      - @ConditionalOnMissingBean (types: org.springframework.boot.web.servlet.error.ErrorAttributes; SearchStrategy: current) did not find any beans (OnBeanCondition)

   ErrorMvcAutoConfiguration.DefaultErrorViewResolverConfiguration#conventionErrorViewResolver matched:
      - @ConditionalOnBean (types: org.springframework.web.servlet.DispatcherServlet; SearchStrategy: all) found bean 'dispatcherServlet'; @ConditionalOnMissingBean (types: org.springframework.boot.autoconfigure.web.servlet.error.ErrorViewResolver; SearchStrategy: all) did not find any beans (OnBeanCondition)

   ErrorMvcAutoConfiguration.WhitelabelErrorViewConfiguration matched:
      - @ConditionalOnProperty (server.error.whitelabel.enabled) matched (OnPropertyCondition)
      - ErrorTemplate Missing did not find error template view (ErrorMvcAutoConfiguration.ErrorTemplateMissingCondition)

   ErrorMvcAutoConfiguration.WhitelabelErrorViewConfiguration#beanNameViewResolver matched:
      - @ConditionalOnMissingBean (types: org.springframework.web.servlet.view.BeanNameViewResolver; SearchStrategy: all) did not find any beans (OnBeanCondition)

   ErrorMvcAutoConfiguration.WhitelabelErrorViewConfiguration#defaultErrorView matched:
      - @ConditionalOnMissingBean (names: error; SearchStrategy: all) did not find any beans (OnBeanCondition)

   GenericCacheConfiguration matched:
      - Cache org.springframework.boot.autoconfigure.cache.GenericCacheConfiguration automatic cache type (CacheCondition)

   HibernateJpaAutoConfiguration matched:
      - @ConditionalOnClass found required classes 'org.springframework.orm.jpa.LocalContainerEntityManagerFactoryBean', 'javax.persistence.EntityManager', 'org.hibernate.engine.spi.SessionImplementor' (OnClassCondition)

   HibernateJpaConfiguration matched:
      - @ConditionalOnSingleCandidate (types: javax.sql.DataSource; SearchStrategy: all) found a single bean 'dataSource' (OnBeanCondition)

   HttpEncodingAutoConfiguration matched:
      - @ConditionalOnClass found required class 'org.springframework.web.filter.CharacterEncodingFilter' (OnClassCondition)
      - found 'session' scope (OnWebApplicationCondition)
      - @ConditionalOnProperty (server.servlet.encoding.enabled) matched (OnPropertyCondition)

   HttpEncodingAutoConfiguration#characterEncodingFilter matched:
      - @ConditionalOnMissingBean (types: org.springframework.web.filter.CharacterEncodingFilter; SearchStrategy: all) did not find any beans (OnBeanCondition)

   HttpMessageConvertersAutoConfiguration matched:
      - @ConditionalOnClass found required class 'org.springframework.http.converter.HttpMessageConverter' (OnClassCondition)
      - NoneNestedConditions 0 matched 1 did not; NestedCondition on HttpMessageConvertersAutoConfiguration.NotReactiveWebApplicationCondition.ReactiveWebApplication did not find reactive web application classes (HttpMessageConvertersAutoConfiguration.NotReactiveWebApplicationCondition)

   HttpMessageConvertersAutoConfiguration#messageConverters matched:
      - @ConditionalOnMissingBean (types: org.springframework.boot.autoconfigure.http.HttpMessageConverters; SearchStrategy: all) did not find any beans (OnBeanCondition)

   HttpMessageConvertersAutoConfiguration.StringHttpMessageConverterConfiguration matched:
      - @ConditionalOnClass found required class 'org.springframework.http.converter.StringHttpMessageConverter' (OnClassCondition)

   HttpMessageConvertersAutoConfiguration.StringHttpMessageConverterConfiguration#stringHttpMessageConverter matched:
      - @ConditionalOnMissingBean (types: org.springframework.http.converter.StringHttpMessageConverter; SearchStrategy: all) did not find any beans (OnBeanCondition)

   JacksonAutoConfiguration matched:
      - @ConditionalOnClass found required class 'com.fasterxml.jackson.databind.ObjectMapper' (OnClassCondition)

   JacksonAutoConfiguration.Jackson2ObjectMapperBuilderCustomizerConfiguration matched:
      - @ConditionalOnClass found required class 'org.springframework.http.converter.json.Jackson2ObjectMapperBuilder' (OnClassCondition)

   JacksonAutoConfiguration.JacksonObjectMapperBuilderConfiguration matched:
      - @ConditionalOnClass found required class 'org.springframework.http.converter.json.Jackson2ObjectMapperBuilder' (OnClassCondition)

   JacksonAutoConfiguration.JacksonObjectMapperBuilderConfiguration#jacksonObjectMapperBuilder matched:
      - @ConditionalOnMissingBean (types: org.springframework.http.converter.json.Jackson2ObjectMapperBuilder; SearchStrategy: all) did not find any beans (OnBeanCondition)

   JacksonAutoConfiguration.JacksonObjectMapperConfiguration matched:
      - @ConditionalOnClass found required class 'org.springframework.http.converter.json.Jackson2ObjectMapperBuilder' (OnClassCondition)

   JacksonAutoConfiguration.JacksonObjectMapperConfiguration#jacksonObjectMapper matched:
      - @ConditionalOnMissingBean (types: com.fasterxml.jackson.databind.ObjectMapper; SearchStrategy: all) did not find any beans (OnBeanCondition)

   JacksonAutoConfiguration.ParameterNamesModuleConfiguration matched:
      - @ConditionalOnClass found required class 'com.fasterxml.jackson.module.paramnames.ParameterNamesModule' (OnClassCondition)

   JacksonAutoConfiguration.ParameterNamesModuleConfiguration#parameterNamesModule matched:
      - @ConditionalOnMissingBean (types: com.fasterxml.jackson.module.paramnames.ParameterNamesModule; SearchStrategy: all) did not find any beans (OnBeanCondition)

   JacksonHttpMessageConvertersConfiguration.MappingJackson2HttpMessageConverterConfiguration matched:
      - @ConditionalOnClass found required class 'com.fasterxml.jackson.databind.ObjectMapper' (OnClassCondition)
      - @ConditionalOnProperty (spring.mvc.converters.preferred-json-mapper=jackson) matched (OnPropertyCondition)
      - @ConditionalOnBean (types: com.fasterxml.jackson.databind.ObjectMapper; SearchStrategy: all) found bean 'jacksonObjectMapper' (OnBeanCondition)

   JacksonHttpMessageConvertersConfiguration.MappingJackson2HttpMessageConverterConfiguration#mappingJackson2HttpMessageConverter matched:
      - @ConditionalOnMissingBean (types: org.springframework.http.converter.json.MappingJackson2HttpMessageConverter ignored: org.springframework.hateoas.server.mvc.TypeConstrainedMappingJackson2HttpMessageConverter,org.springframework.data.rest.webmvc.alps.AlpsJsonHttpMessageConverter; SearchStrategy: all) did not find any beans (OnBeanCondition)

   JdbcTemplateAutoConfiguration matched:
      - @ConditionalOnClass found required classes 'javax.sql.DataSource', 'org.springframework.jdbc.core.JdbcTemplate' (OnClassCondition)
      - @ConditionalOnSingleCandidate (types: javax.sql.DataSource; SearchStrategy: all) found a single bean 'dataSource' (OnBeanCondition)

   JdbcTemplateConfiguration matched:
      - @ConditionalOnMissingBean (types: org.springframework.jdbc.core.JdbcOperations; SearchStrategy: all) did not find any beans (OnBeanCondition)

   JpaBaseConfiguration#entityManagerFactory matched:
      - @ConditionalOnMissingBean (types: org.springframework.orm.jpa.LocalContainerEntityManagerFactoryBean,javax.persistence.EntityManagerFactory; SearchStrategy: all) did not find any beans (OnBeanCondition)

   JpaBaseConfiguration#entityManagerFactoryBuilder matched:
      - @ConditionalOnMissingBean (types: org.springframework.boot.orm.jpa.EntityManagerFactoryBuilder; SearchStrategy: all) did not find any beans (OnBeanCondition)

   JpaBaseConfiguration#jpaVendorAdapter matched:
      - @ConditionalOnMissingBean (types: org.springframework.orm.jpa.JpaVendorAdapter; SearchStrategy: all) did not find any beans (OnBeanCondition)

   JpaBaseConfiguration#transactionManager matched:
      - @ConditionalOnMissingBean (types: org.springframework.transaction.TransactionManager; SearchStrategy: all) did not find any beans (OnBeanCondition)

   JpaBaseConfiguration.JpaWebConfiguration matched:
      - @ConditionalOnClass found required class 'org.springframework.web.servlet.config.annotation.WebMvcConfigurer' (OnClassCondition)
      - found 'session' scope (OnWebApplicationCondition)
      - @ConditionalOnProperty (spring.jpa.open-in-view=true) matched (OnPropertyCondition)
      - @ConditionalOnMissingBean (types: org.springframework.orm.jpa.support.OpenEntityManagerInViewInterceptor,org.springframework.orm.jpa.support.OpenEntityManagerInViewFilter; SearchStrategy: all) did not find any beans (OnBeanCondition)

   JpaRepositoriesAutoConfiguration matched:
      - @ConditionalOnClass found required class 'org.springframework.data.jpa.repository.JpaRepository' (OnClassCondition)
      - @ConditionalOnProperty (spring.data.jpa.repositories.enabled=true) matched (OnPropertyCondition)
      - @ConditionalOnBean (types: javax.sql.DataSource; SearchStrategy: all) found bean 'dataSource'; @ConditionalOnMissingBean (types: org.springframework.data.jpa.repository.support.JpaRepositoryFactoryBean,org.springframework.data.jpa.repository.config.JpaRepositoryConfigExtension; SearchStrategy: all) did not find any beans (OnBeanCondition)

   JtaAutoConfiguration matched:
      - @ConditionalOnClass found required class 'javax.transaction.Transaction' (OnClassCondition)
      - @ConditionalOnProperty (spring.jta.enabled) matched (OnPropertyCondition)

   LifecycleAutoConfiguration#defaultLifecycleProcessor matched:
      - @ConditionalOnMissingBean (names: lifecycleProcessor; SearchStrategy: current) did not find any beans (OnBeanCondition)

   MultipartAutoConfiguration matched:
      - @ConditionalOnClass found required classes 'javax.servlet.Servlet', 'org.springframework.web.multipart.support.StandardServletMultipartResolver', 'javax.servlet.MultipartConfigElement' (OnClassCondition)
      - found 'session' scope (OnWebApplicationCondition)
      - @ConditionalOnProperty (spring.servlet.multipart.enabled) matched (OnPropertyCondition)

   MultipartAutoConfiguration#multipartConfigElement matched:
      - @ConditionalOnMissingBean (types: javax.servlet.MultipartConfigElement,org.springframework.web.multipart.commons.CommonsMultipartResolver; SearchStrategy: all) did not find any beans (OnBeanCondition)

   MultipartAutoConfiguration#multipartResolver matched:
      - @ConditionalOnMissingBean (types: org.springframework.web.multipart.MultipartResolver; SearchStrategy: all) did not find any beans (OnBeanCondition)

   NamedParameterJdbcTemplateConfiguration matched:
      - @ConditionalOnSingleCandidate (types: org.springframework.jdbc.core.JdbcTemplate; SearchStrategy: all) found a single bean 'jdbcTemplate'; @ConditionalOnMissingBean (types: org.springframework.jdbc.core.namedparam.NamedParameterJdbcOperations; SearchStrategy: all) did not find any beans (OnBeanCondition)

   NoOpCacheConfiguration matched:
      - Cache org.springframework.boot.autoconfigure.cache.NoOpCacheConfiguration automatic cache type (CacheCondition)

   PersistenceExceptionTranslationAutoConfiguration matched:
      - @ConditionalOnClass found required class 'org.springframework.dao.annotation.PersistenceExceptionTranslationPostProcessor' (OnClassCondition)

   PersistenceExceptionTranslationAutoConfiguration#persistenceExceptionTranslationPostProcessor matched:
      - @ConditionalOnProperty (spring.dao.exceptiontranslation.enabled) matched (OnPropertyCondition)
      - @ConditionalOnMissingBean (types: org.springframework.dao.annotation.PersistenceExceptionTranslationPostProcessor; SearchStrategy: all) did not find any beans (OnBeanCondition)

   PropertyPlaceholderAutoConfiguration#propertySourcesPlaceholderConfigurer matched:
      - @ConditionalOnMissingBean (types: org.springframework.context.support.PropertySourcesPlaceholderConfigurer; SearchStrategy: current) did not find any beans (OnBeanCondition)

   RestTemplateAutoConfiguration matched:
      - @ConditionalOnClass found required class 'org.springframework.web.client.RestTemplate' (OnClassCondition)
      - NoneNestedConditions 0 matched 1 did not; NestedCondition on RestTemplateAutoConfiguration.NotReactiveWebApplicationCondition.ReactiveWebApplication did not find reactive web application classes (RestTemplateAutoConfiguration.NotReactiveWebApplicationCondition)

   RestTemplateAutoConfiguration#restTemplateBuilder matched:
      - @ConditionalOnMissingBean (types: org.springframework.boot.web.client.RestTemplateBuilder; SearchStrategy: all) did not find any beans (OnBeanCondition)

   RestTemplateAutoConfiguration#restTemplateBuilderConfigurer matched:
      - @ConditionalOnMissingBean (types: org.springframework.boot.autoconfigure.web.client.RestTemplateBuilderConfigurer; SearchStrategy: all) did not find any beans (OnBeanCondition)

   ServletWebServerFactoryAutoConfiguration matched:
      - @ConditionalOnClass found required class 'javax.servlet.ServletRequest' (OnClassCondition)
      - found 'session' scope (OnWebApplicationCondition)

   ServletWebServerFactoryAutoConfiguration#tomcatServletWebServerFactoryCustomizer matched:
      - @ConditionalOnClass found required class 'org.apache.catalina.startup.Tomcat' (OnClassCondition)

   ServletWebServerFactoryConfiguration.EmbeddedTomcat matched:
      - @ConditionalOnClass found required classes 'javax.servlet.Servlet', 'org.apache.catalina.startup.Tomcat', 'org.apache.coyote.UpgradeProtocol' (OnClassCondition)
      - @ConditionalOnMissingBean (types: org.springframework.boot.web.servlet.server.ServletWebServerFactory; SearchStrategy: current) did not find any beans (OnBeanCondition)

   SimpleCacheConfiguration matched:
      - Cache org.springframework.boot.autoconfigure.cache.SimpleCacheConfiguration automatic cache type (CacheCondition)

   SpringDataWebAutoConfiguration matched:
      - @ConditionalOnClass found required classes 'org.springframework.data.web.PageableHandlerMethodArgumentResolver', 'org.springframework.web.servlet.config.annotation.WebMvcConfigurer' (OnClassCondition)
      - found 'session' scope (OnWebApplicationCondition)
      - @ConditionalOnMissingBean (types: org.springframework.data.web.PageableHandlerMethodArgumentResolver; SearchStrategy: all) did not find any beans (OnBeanCondition)

   SpringDataWebAutoConfiguration#pageableCustomizer matched:
      - @ConditionalOnMissingBean (types: org.springframework.data.web.config.PageableHandlerMethodArgumentResolverCustomizer; SearchStrategy: all) did not find any beans (OnBeanCondition)

   SpringDataWebAutoConfiguration#sortCustomizer matched:
      - @ConditionalOnMissingBean (types: org.springframework.data.web.config.SortHandlerMethodArgumentResolverCustomizer; SearchStrategy: all) did not find any beans (OnBeanCondition)

   SqlInitializationAutoConfiguration matched:
      - @ConditionalOnProperty (spring.sql.init.enabled) matched (OnPropertyCondition)
      - NoneNestedConditions 0 matched 1 did not; NestedCondition on SqlInitializationAutoConfiguration.SqlInitializationModeCondition.ModeIsNever @ConditionalOnProperty (spring.sql.init.mode=never) did not find property 'mode' (SqlInitializationAutoConfiguration.SqlInitializationModeCondition)

   TaskExecutionAutoConfiguration matched:
      - @ConditionalOnClass found required class 'org.springframework.scheduling.concurrent.ThreadPoolTaskExecutor' (OnClassCondition)

   TaskExecutionAutoConfiguration#applicationTaskExecutor matched:
      - @ConditionalOnMissingBean (types: java.util.concurrent.Executor; SearchStrategy: all) did not find any beans (OnBeanCondition)

   TaskExecutionAutoConfiguration#taskExecutorBuilder matched:
      - @ConditionalOnMissingBean (types: org.springframework.boot.task.TaskExecutorBuilder; SearchStrategy: all) did not find any beans (OnBeanCondition)

   TaskSchedulingAutoConfiguration matched:
      - @ConditionalOnClass found required class 'org.springframework.scheduling.concurrent.ThreadPoolTaskScheduler' (OnClassCondition)

   TaskSchedulingAutoConfiguration#taskSchedulerBuilder matched:
      - @ConditionalOnMissingBean (types: org.springframework.boot.task.TaskSchedulerBuilder; SearchStrategy: all) did not find any beans (OnBeanCondition)

   TemplateEngineConfigurations.DefaultTemplateEngineConfiguration#templateEngine matched:
      - @ConditionalOnMissingBean (types: org.thymeleaf.spring5.ISpringTemplateEngine; SearchStrategy: all) did not find any beans (OnBeanCondition)

   ThymeleafAutoConfiguration matched:
      - @ConditionalOnClass found required classes 'org.thymeleaf.templatemode.TemplateMode', 'org.thymeleaf.spring5.SpringTemplateEngine' (OnClassCondition)

   ThymeleafAutoConfiguration.DefaultTemplateResolverConfiguration matched:
      - @ConditionalOnMissingBean (names: defaultTemplateResolver; SearchStrategy: all) did not find any beans (OnBeanCondition)

   ThymeleafAutoConfiguration.ThymeleafJava8TimeDialect matched:
      - @ConditionalOnClass found required class 'org.thymeleaf.extras.java8time.dialect.Java8TimeDialect' (OnClassCondition)

   ThymeleafAutoConfiguration.ThymeleafJava8TimeDialect#java8TimeDialect matched:
      - @ConditionalOnMissingBean (types: org.thymeleaf.extras.java8time.dialect.Java8TimeDialect; SearchStrategy: all) did not find any beans (OnBeanCondition)

   ThymeleafAutoConfiguration.ThymeleafWebLayoutConfiguration matched:
      - @ConditionalOnClass found required class 'nz.net.ultraq.thymeleaf.layoutdialect.LayoutDialect' (OnClassCondition)

   ThymeleafAutoConfiguration.ThymeleafWebLayoutConfiguration#layoutDialect matched:
      - @ConditionalOnMissingBean (types: nz.net.ultraq.thymeleaf.layoutdialect.LayoutDialect; SearchStrategy: all) did not find any beans (OnBeanCondition)

   ThymeleafAutoConfiguration.ThymeleafWebMvcConfiguration matched:
      - found 'session' scope (OnWebApplicationCondition)
      - @ConditionalOnProperty (spring.thymeleaf.enabled) matched (OnPropertyCondition)

   ThymeleafAutoConfiguration.ThymeleafWebMvcConfiguration.ThymeleafViewResolverConfiguration#thymeleafViewResolver matched:
      - @ConditionalOnMissingBean (names: thymeleafViewResolver; SearchStrategy: all) did not find any beans (OnBeanCondition)

   TransactionAutoConfiguration matched:
      - @ConditionalOnClass found required class 'org.springframework.transaction.PlatformTransactionManager' (OnClassCondition)

   TransactionAutoConfiguration#platformTransactionManagerCustomizers matched:
      - @ConditionalOnMissingBean (types: org.springframework.boot.autoconfigure.transaction.TransactionManagerCustomizers; SearchStrategy: all) did not find any beans (OnBeanCondition)

   TransactionAutoConfiguration.EnableTransactionManagementConfiguration matched:
      - @ConditionalOnBean (types: org.springframework.transaction.TransactionManager; SearchStrategy: all) found bean 'transactionManager'; @ConditionalOnMissingBean (types: org.springframework.transaction.annotation.AbstractTransactionManagementConfiguration; SearchStrategy: all) did not find any beans (OnBeanCondition)

   TransactionAutoConfiguration.EnableTransactionManagementConfiguration.CglibAutoProxyConfiguration matched:
      - @ConditionalOnProperty (spring.aop.proxy-target-class=true) matched (OnPropertyCondition)

   TransactionAutoConfiguration.TransactionTemplateConfiguration matched:
      - @ConditionalOnSingleCandidate (types: org.springframework.transaction.PlatformTransactionManager; SearchStrategy: all) found a single bean 'transactionManager' (OnBeanCondition)

   TransactionAutoConfiguration.TransactionTemplateConfiguration#transactionTemplate matched:
      - @ConditionalOnMissingBean (types: org.springframework.transaction.support.TransactionOperations; SearchStrategy: all) did not find any beans (OnBeanCondition)

   ValidationAutoConfiguration matched:
      - @ConditionalOnClass found required class 'javax.validation.executable.ExecutableValidator' (OnClassCondition)
      - @ConditionalOnResource found location classpath:META-INF/services/javax.validation.spi.ValidationProvider (OnResourceCondition)

   ValidationAutoConfiguration#defaultValidator matched:
      - @ConditionalOnMissingBean (types: javax.validation.Validator; SearchStrategy: all) did not find any beans (OnBeanCondition)

   ValidationAutoConfiguration#methodValidationPostProcessor matched:
      - @ConditionalOnMissingBean (types: org.springframework.validation.beanvalidation.MethodValidationPostProcessor; SearchStrategy: current) did not find any beans (OnBeanCondition)

   WebMvcAutoConfiguration matched:
      - @ConditionalOnClass found required classes 'javax.servlet.Servlet', 'org.springframework.web.servlet.DispatcherServlet', 'org.springframework.web.servlet.config.annotation.WebMvcConfigurer' (OnClassCondition)
      - found 'session' scope (OnWebApplicationCondition)
      - @ConditionalOnMissingBean (types: org.springframework.web.servlet.config.annotation.WebMvcConfigurationSupport; SearchStrategy: all) did not find any beans (OnBeanCondition)

   WebMvcAutoConfiguration#formContentFilter matched:
      - @ConditionalOnProperty (spring.mvc.formcontent.filter.enabled) matched (OnPropertyCondition)
      - @ConditionalOnMissingBean (types: org.springframework.web.filter.FormContentFilter; SearchStrategy: all) did not find any beans (OnBeanCondition)

   WebMvcAutoConfiguration.EnableWebMvcConfiguration#flashMapManager matched:
      - @ConditionalOnMissingBean (names: flashMapManager; SearchStrategy: all) did not find any beans (OnBeanCondition)

   WebMvcAutoConfiguration.EnableWebMvcConfiguration#localeResolver matched:
      - @ConditionalOnMissingBean (names: localeResolver; SearchStrategy: all) did not find any beans (OnBeanCondition)

   WebMvcAutoConfiguration.EnableWebMvcConfiguration#themeResolver matched:
      - @ConditionalOnMissingBean (names: themeResolver; SearchStrategy: all) did not find any beans (OnBeanCondition)

   WebMvcAutoConfiguration.WebMvcAutoConfigurationAdapter#defaultViewResolver matched:
      - @ConditionalOnMissingBean (types: org.springframework.web.servlet.view.InternalResourceViewResolver; SearchStrategy: all) did not find any beans (OnBeanCondition)

   WebMvcAutoConfiguration.WebMvcAutoConfigurationAdapter#requestContextFilter matched:
      - @ConditionalOnMissingBean (types: org.springframework.web.context.request.RequestContextListener,org.springframework.web.filter.RequestContextFilter; SearchStrategy: all) did not find any beans (OnBeanCondition)

   WebMvcAutoConfiguration.WebMvcAutoConfigurationAdapter#viewResolver matched:
      - @ConditionalOnBean (types: org.springframework.web.servlet.ViewResolver; SearchStrategy: all) found beans 'defaultViewResolver', 'beanNameViewResolver', 'mvcViewResolver'; @ConditionalOnMissingBean (names: viewResolver types: org.springframework.web.servlet.view.ContentNegotiatingViewResolver; SearchStrategy: all) did not find any beans (OnBeanCondition)

   WebSocketServletAutoConfiguration matched:
      - @ConditionalOnClass found required classes 'javax.servlet.Servlet', 'javax.websocket.server.ServerContainer' (OnClassCondition)
      - found 'session' scope (OnWebApplicationCondition)

   WebSocketServletAutoConfiguration.TomcatWebSocketConfiguration matched:
      - @ConditionalOnClass found required classes 'org.apache.catalina.startup.Tomcat', 'org.apache.tomcat.websocket.server.WsSci' (OnClassCondition)

   WebSocketServletAutoConfiguration.TomcatWebSocketConfiguration#websocketServletWebServerCustomizer matched:
      - @ConditionalOnMissingBean (names: websocketServletWebServerCustomizer; SearchStrategy: all) did not find any beans (OnBeanCondition)


Negative matches:
-----------------

   ActiveMQAutoConfiguration:
      Did not match:
         - @ConditionalOnClass did not find required class 'javax.jms.ConnectionFactory' (OnClassCondition)

   AopAutoConfiguration.AspectJAutoProxyingConfiguration.JdkDynamicAutoProxyConfiguration:
      Did not match:
         - @ConditionalOnProperty (spring.aop.proxy-target-class=false) did not find property 'proxy-target-class' (OnPropertyCondition)

   AopAutoConfiguration.ClassProxyingConfiguration:
      Did not match:
         - @ConditionalOnMissingClass found unwanted class 'org.aspectj.weaver.Advice' (OnClassCondition)

   ArtemisAutoConfiguration:
      Did not match:
         - @ConditionalOnClass did not find required class 'javax.jms.ConnectionFactory' (OnClassCondition)

   AtomikosJtaConfiguration:
      Did not match:
         - @ConditionalOnClass did not find required class 'com.atomikos.icatch.jta.UserTransactionManager' (OnClassCondition)

   BatchAutoConfiguration:
      Did not match:
         - @ConditionalOnClass did not find required class 'org.springframework.batch.core.launch.JobLauncher' (OnClassCondition)

   Cache2kCacheConfiguration:
      Did not match:
         - @ConditionalOnClass did not find required class 'org.cache2k.Cache2kBuilder' (OnClassCondition)

   CacheAutoConfiguration:
      Did not match:
         - @ConditionalOnBean (types: org.springframework.cache.interceptor.CacheAspectSupport; SearchStrategy: all) did not find any beans of type org.springframework.cache.interceptor.CacheAspectSupport (OnBeanCondition)
      Matched:
         - @ConditionalOnClass found required class 'org.springframework.cache.CacheManager' (OnClassCondition)

   CacheAutoConfiguration.CacheManagerEntityManagerFactoryDependsOnPostProcessor:
      Did not match:
         - Ancestor org.springframework.boot.autoconfigure.cache.CacheAutoConfiguration did not match (ConditionEvaluationReport.AncestorsMatchedCondition)
      Matched:
         - @ConditionalOnClass found required class 'org.springframework.orm.jpa.LocalContainerEntityManagerFactoryBean' (OnClassCondition)

   CaffeineCacheConfiguration:
      Did not match:
         - @ConditionalOnClass did not find required class 'com.github.benmanes.caffeine.cache.Caffeine' (OnClassCondition)

   CassandraAutoConfiguration:
      Did not match:
         - @ConditionalOnClass did not find required class 'com.datastax.oss.driver.api.core.CqlSession' (OnClassCondition)

   CassandraDataAutoConfiguration:
      Did not match:
         - @ConditionalOnClass did not find required class 'com.datastax.oss.driver.api.core.CqlSession' (OnClassCondition)

   CassandraReactiveDataAutoConfiguration:
      Did not match:
         - @ConditionalOnClass did not find required class 'com.datastax.oss.driver.api.core.CqlSession' (OnClassCondition)

   CassandraReactiveRepositoriesAutoConfiguration:
      Did not match:
         - @ConditionalOnClass did not find required class 'org.springframework.data.cassandra.ReactiveSession' (OnClassCondition)

   CassandraRepositoriesAutoConfiguration:
      Did not match:
         - @ConditionalOnClass did not find required class 'com.datastax.oss.driver.api.core.CqlSession' (OnClassCondition)

   ClientHttpConnectorAutoConfiguration:
      Did not match:
         - @ConditionalOnClass did not find required class 'org.springframework.web.reactive.function.client.WebClient' (OnClassCondition)

   CodecsAutoConfiguration:
      Did not match:
         - @ConditionalOnClass did not find required class 'org.springframework.web.reactive.function.client.WebClient' (OnClassCondition)

   CouchbaseAutoConfiguration:
      Did not match:
         - @ConditionalOnClass did not find required class 'com.couchbase.client.java.Cluster' (OnClassCondition)

   CouchbaseCacheConfiguration:
      Did not match:
         - @ConditionalOnClass did not find required class 'com.couchbase.client.java.Cluster' (OnClassCondition)

   CouchbaseDataAutoConfiguration:
      Did not match:
         - @ConditionalOnClass did not find required class 'com.couchbase.client.java.Bucket' (OnClassCondition)

   CouchbaseReactiveDataAutoConfiguration:
      Did not match:
         - @ConditionalOnClass did not find required class 'com.couchbase.client.java.Cluster' (OnClassCondition)

   CouchbaseReactiveRepositoriesAutoConfiguration:
      Did not match:
         - @ConditionalOnClass did not find required class 'com.couchbase.client.java.Cluster' (OnClassCondition)

   CouchbaseRepositoriesAutoConfiguration:
      Did not match:
         - @ConditionalOnClass did not find required class 'com.couchbase.client.java.Bucket' (OnClassCondition)

   DataSourceAutoConfiguration.EmbeddedDatabaseConfiguration:
      Did not match:
         - EmbeddedDataSource spring.datasource.url is set (DataSourceAutoConfiguration.EmbeddedDatabaseCondition)

   DataSourceConfiguration.Dbcp2:
      Did not match:
         - @ConditionalOnClass did not find required class 'org.apache.commons.dbcp2.BasicDataSource' (OnClassCondition)

   DataSourceConfiguration.Generic:
      Did not match:
         - @ConditionalOnProperty (spring.datasource.type) did not find property 'spring.datasource.type' (OnPropertyCondition)

   DataSourceConfiguration.OracleUcp:
      Did not match:
         - @ConditionalOnClass did not find required classes 'oracle.ucp.jdbc.PoolDataSourceImpl', 'oracle.jdbc.OracleConnection' (OnClassCondition)

   DataSourceConfiguration.Tomcat:
      Did not match:
         - @ConditionalOnClass did not find required class 'org.apache.tomcat.jdbc.pool.DataSource' (OnClassCondition)

   DataSourceJmxConfiguration:
      Did not match:
         - @ConditionalOnProperty (spring.jmx.enabled=true) found different value in property 'enabled' (OnPropertyCondition)

   DataSourcePoolMetadataProvidersConfiguration.CommonsDbcp2PoolDataSourceMetadataProviderConfiguration:
      Did not match:
         - @ConditionalOnClass did not find required class 'org.apache.commons.dbcp2.BasicDataSource' (OnClassCondition)

   DataSourcePoolMetadataProvidersConfiguration.OracleUcpPoolDataSourceMetadataProviderConfiguration:
      Did not match:
         - @ConditionalOnClass did not find required classes 'oracle.ucp.jdbc.PoolDataSource', 'oracle.jdbc.OracleConnection' (OnClassCondition)

   DataSourcePoolMetadataProvidersConfiguration.TomcatDataSourcePoolMetadataProviderConfiguration:
      Did not match:
         - @ConditionalOnClass did not find required class 'org.apache.tomcat.jdbc.pool.DataSource' (OnClassCondition)

   DataSourceTransactionManagerAutoConfiguration.JdbcTransactionManagerConfiguration#transactionManager:
      Did not match:
         - @ConditionalOnMissingBean (types: org.springframework.transaction.TransactionManager; SearchStrategy: all) found beans of type 'org.springframework.transaction.TransactionManager' transactionManager (OnBeanCondition)

   DispatcherServletAutoConfiguration.DispatcherServletConfiguration#multipartResolver:
      Did not match:
         - @ConditionalOnBean (types: org.springframework.web.multipart.MultipartResolver; SearchStrategy: all) did not find any beans of type org.springframework.web.multipart.MultipartResolver (OnBeanCondition)

   EhCacheCacheConfiguration:
      Did not match:
         - @ConditionalOnClass did not find required class 'net.sf.ehcache.Cache' (OnClassCondition)

   ElasticsearchDataAutoConfiguration:
      Did not match:
         - @ConditionalOnClass did not find required class 'org.springframework.data.elasticsearch.core.ElasticsearchRestTemplate' (OnClassCondition)

   ElasticsearchRepositoriesAutoConfiguration:
      Did not match:
         - @ConditionalOnClass did not find required class 'org.elasticsearch.client.Client' (OnClassCondition)

   ElasticsearchRestClientAutoConfiguration:
      Did not match:
         - @ConditionalOnClass did not find required class 'org.elasticsearch.client.RestClientBuilder' (OnClassCondition)

   EmbeddedLdapAutoConfiguration:
      Did not match:
         - @ConditionalOnClass did not find required class 'com.unboundid.ldap.listener.InMemoryDirectoryServer' (OnClassCondition)

   EmbeddedMongoAutoConfiguration:
      Did not match:
         - @ConditionalOnClass did not find required class 'com.mongodb.MongoClientSettings' (OnClassCondition)

   EmbeddedWebServerFactoryCustomizerAutoConfiguration.JettyWebServerFactoryCustomizerConfiguration:
      Did not match:
         - @ConditionalOnClass did not find required classes 'org.eclipse.jetty.server.Server', 'org.eclipse.jetty.util.Loader', 'org.eclipse.jetty.webapp.WebAppContext' (OnClassCondition)

   EmbeddedWebServerFactoryCustomizerAutoConfiguration.NettyWebServerFactoryCustomizerConfiguration:
      Did not match:
         - @ConditionalOnClass did not find required class 'reactor.netty.http.server.HttpServer' (OnClassCondition)

   EmbeddedWebServerFactoryCustomizerAutoConfiguration.UndertowWebServerFactoryCustomizerConfiguration:
      Did not match:
         - @ConditionalOnClass did not find required classes 'io.undertow.Undertow', 'org.xnio.SslClientAuthMode' (OnClassCondition)

   ErrorWebFluxAutoConfiguration:
      Did not match:
         - @ConditionalOnClass did not find required class 'org.springframework.web.reactive.config.WebFluxConfigurer' (OnClassCondition)

   FlywayAutoConfiguration:
      Did not match:
         - @ConditionalOnClass did not find required class 'org.flywaydb.core.Flyway' (OnClassCondition)

   FreeMarkerAutoConfiguration:
      Did not match:
         - @ConditionalOnClass did not find required class 'freemarker.template.Configuration' (OnClassCondition)

   GraphQlAutoConfiguration:
      Did not match:
         - @ConditionalOnClass did not find required class 'graphql.GraphQL' (OnClassCondition)

   GraphQlQueryByExampleAutoConfiguration:
      Did not match:
         - @ConditionalOnClass did not find required class 'graphql.GraphQL' (OnClassCondition)

   GraphQlQuerydslAutoConfiguration:
      Did not match:
         - @ConditionalOnClass did not find required class 'graphql.GraphQL' (OnClassCondition)

   GraphQlRSocketAutoConfiguration:
      Did not match:
         - @ConditionalOnClass did not find required class 'graphql.GraphQL' (OnClassCondition)

   GraphQlReactiveQueryByExampleAutoConfiguration:
      Did not match:
         - @ConditionalOnClass did not find required class 'graphql.GraphQL' (OnClassCondition)

   GraphQlReactiveQuerydslAutoConfiguration:
      Did not match:
         - @ConditionalOnClass did not find required class 'graphql.GraphQL' (OnClassCondition)

   GraphQlWebFluxAutoConfiguration:
      Did not match:
         - @ConditionalOnClass did not find required class 'graphql.GraphQL' (OnClassCondition)

   GraphQlWebFluxSecurityAutoConfiguration:
      Did not match:
         - @ConditionalOnClass did not find required class 'graphql.GraphQL' (OnClassCondition)

   GraphQlWebMvcAutoConfiguration:
      Did not match:
         - @ConditionalOnClass did not find required class 'graphql.GraphQL' (OnClassCondition)

   GraphQlWebMvcSecurityAutoConfiguration:
      Did not match:
         - @ConditionalOnClass did not find required class 'graphql.GraphQL' (OnClassCondition)

   GroovyTemplateAutoConfiguration:
      Did not match:
         - @ConditionalOnClass did not find required class 'groovy.text.markup.MarkupTemplateEngine' (OnClassCondition)

   GsonAutoConfiguration:
      Did not match:
         - @ConditionalOnClass did not find required class 'com.google.gson.Gson' (OnClassCondition)

   GsonHttpMessageConvertersConfiguration:
      Did not match:
         - @ConditionalOnClass did not find required class 'com.google.gson.Gson' (OnClassCondition)

   H2ConsoleAutoConfiguration:
      Did not match:
         - @ConditionalOnClass did not find required class 'org.h2.server.web.WebServlet' (OnClassCondition)

   HazelcastAutoConfiguration:
      Did not match:
         - @ConditionalOnClass did not find required class 'com.hazelcast.core.HazelcastInstance' (OnClassCondition)

   HazelcastCacheConfiguration:
      Did not match:
         - @ConditionalOnClass did not find required class 'com.hazelcast.core.HazelcastInstance' (OnClassCondition)

   HazelcastJpaDependencyAutoConfiguration:
      Did not match:
         - @ConditionalOnClass did not find required class 'com.hazelcast.core.HazelcastInstance' (OnClassCondition)

   HttpHandlerAutoConfiguration:
      Did not match:
         - @ConditionalOnClass did not find required class 'org.springframework.web.reactive.DispatcherHandler' (OnClassCondition)

   HypermediaAutoConfiguration:
      Did not match:
         - @ConditionalOnClass did not find required class 'org.springframework.hateoas.EntityModel' (OnClassCondition)

   InfinispanCacheConfiguration:
      Did not match:
         - @ConditionalOnClass did not find required class 'org.infinispan.spring.embedded.provider.SpringEmbeddedCacheManager' (OnClassCondition)

   InfluxDbAutoConfiguration:
      Did not match:
         - @ConditionalOnClass did not find required class 'org.influxdb.InfluxDB' (OnClassCondition)

   IntegrationAutoConfiguration:
      Did not match:
         - @ConditionalOnClass did not find required class 'org.springframework.integration.config.EnableIntegration' (OnClassCondition)

   JCacheCacheConfiguration:
      Did not match:
         - @ConditionalOnClass did not find required class 'javax.cache.Caching' (OnClassCondition)

   JacksonHttpMessageConvertersConfiguration.MappingJackson2XmlHttpMessageConverterConfiguration:
      Did not match:
         - @ConditionalOnClass did not find required class 'com.fasterxml.jackson.dataformat.xml.XmlMapper' (OnClassCondition)

   JdbcRepositoriesAutoConfiguration:
      Did not match:
         - @ConditionalOnClass did not find required class 'org.springframework.data.jdbc.repository.config.AbstractJdbcConfiguration' (OnClassCondition)

   JerseyAutoConfiguration:
      Did not match:
         - @ConditionalOnClass did not find required class 'org.glassfish.jersey.server.spring.SpringComponentProvider' (OnClassCondition)

   JmsAutoConfiguration:
      Did not match:
         - @ConditionalOnClass did not find required class 'javax.jms.Message' (OnClassCondition)

   JmxAutoConfiguration:
      Did not match:
         - @ConditionalOnProperty (spring.jmx.enabled=true) found different value in property 'enabled' (OnPropertyCondition)
      Matched:
         - @ConditionalOnClass found required class 'org.springframework.jmx.export.MBeanExporter' (OnClassCondition)

   JndiConnectionFactoryAutoConfiguration:
      Did not match:
         - @ConditionalOnClass did not find required class 'org.springframework.jms.core.JmsTemplate' (OnClassCondition)

   JndiDataSourceAutoConfiguration:
      Did not match:
         - @ConditionalOnProperty (spring.datasource.jndi-name) did not find property 'jndi-name' (OnPropertyCondition)
      Matched:
         - @ConditionalOnClass found required classes 'javax.sql.DataSource', 'org.springframework.jdbc.datasource.embedded.EmbeddedDatabaseType' (OnClassCondition)

   JndiJtaConfiguration:
      Did not match:
         - @ConditionalOnJndi JNDI environment is not available (OnJndiCondition)
      Matched:
         - @ConditionalOnClass found required class 'org.springframework.transaction.jta.JtaTransactionManager' (OnClassCondition)

   JooqAutoConfiguration:
      Did not match:
         - @ConditionalOnClass did not find required class 'org.jooq.DSLContext' (OnClassCondition)

   JpaRepositoriesAutoConfiguration#entityManagerFactoryBootstrapExecutorCustomizer:
      Did not match:
         - AnyNestedCondition 0 matched 2 did not; NestedCondition on JpaRepositoriesAutoConfiguration.BootstrapExecutorCondition.LazyBootstrapMode @ConditionalOnProperty (spring.data.jpa.repositories.bootstrap-mode=lazy) did not find property 'bootstrap-mode'; NestedCondition on JpaRepositoriesAutoConfiguration.BootstrapExecutorCondition.DeferredBootstrapMode @ConditionalOnProperty (spring.data.jpa.repositories.bootstrap-mode=deferred) did not find property 'bootstrap-mode' (JpaRepositoriesAutoConfiguration.BootstrapExecutorCondition)

   JsonbAutoConfiguration:
      Did not match:
         - @ConditionalOnClass did not find required class 'javax.json.bind.Jsonb' (OnClassCondition)

   JsonbHttpMessageConvertersConfiguration:
      Did not match:
         - @ConditionalOnClass did not find required class 'javax.json.bind.Jsonb' (OnClassCondition)

   KafkaAutoConfiguration:
      Did not match:
         - @ConditionalOnClass did not find required class 'org.springframework.kafka.core.KafkaTemplate' (OnClassCondition)

   LdapAutoConfiguration:
      Did not match:
         - @ConditionalOnClass did not find required class 'org.springframework.ldap.core.ContextSource' (OnClassCondition)

   LdapRepositoriesAutoConfiguration:
      Did not match:
         - @ConditionalOnClass did not find required class 'org.springframework.data.ldap.repository.LdapRepository' (OnClassCondition)

   LiquibaseAutoConfiguration:
      Did not match:
         - @ConditionalOnClass did not find required class 'liquibase.change.DatabaseChange' (OnClassCondition)

   MailSenderAutoConfiguration:
      Did not match:
         - @ConditionalOnClass did not find required class 'javax.mail.internet.MimeMessage' (OnClassCondition)

   MailSenderValidatorAutoConfiguration:
      Did not match:
         - @ConditionalOnSingleCandidate did not find required type 'org.springframework.mail.javamail.JavaMailSenderImpl' (OnBeanCondition)

   MessageSourceAutoConfiguration:
      Did not match:
         - ResourceBundle did not find bundle with basename messages (MessageSourceAutoConfiguration.ResourceBundleCondition)

   MongoAutoConfiguration:
      Did not match:
         - @ConditionalOnClass did not find required class 'com.mongodb.client.MongoClient' (OnClassCondition)

   MongoDataAutoConfiguration:
      Did not match:
         - @ConditionalOnClass did not find required class 'com.mongodb.client.MongoClient' (OnClassCondition)

   MongoReactiveAutoConfiguration:
      Did not match:
         - @ConditionalOnClass did not find required class 'com.mongodb.reactivestreams.client.MongoClient' (OnClassCondition)

   MongoReactiveDataAutoConfiguration:
      Did not match:
         - @ConditionalOnClass did not find required class 'com.mongodb.reactivestreams.client.MongoClient' (OnClassCondition)

   MongoReactiveRepositoriesAutoConfiguration:
      Did not match:
         - @ConditionalOnClass did not find required class 'com.mongodb.reactivestreams.client.MongoClient' (OnClassCondition)

   MongoRepositoriesAutoConfiguration:
      Did not match:
         - @ConditionalOnClass did not find required class 'com.mongodb.client.MongoClient' (OnClassCondition)

   MustacheAutoConfiguration:
      Did not match:
         - @ConditionalOnClass did not find required class 'com.samskivert.mustache.Mustache' (OnClassCondition)

   Neo4jAutoConfiguration:
      Did not match:
         - @ConditionalOnClass did not find required class 'org.neo4j.driver.Driver' (OnClassCondition)

   Neo4jDataAutoConfiguration:
      Did not match:
         - @ConditionalOnClass did not find required class 'org.neo4j.driver.Driver' (OnClassCondition)

   Neo4jReactiveDataAutoConfiguration:
      Did not match:
         - @ConditionalOnClass did not find required class 'org.neo4j.driver.Driver' (OnClassCondition)

   Neo4jReactiveRepositoriesAutoConfiguration:
      Did not match:
         - @ConditionalOnClass did not find required class 'org.neo4j.driver.Driver' (OnClassCondition)

   Neo4jRepositoriesAutoConfiguration:
      Did not match:
         - @ConditionalOnClass did not find required class 'org.neo4j.driver.Driver' (OnClassCondition)

   NettyAutoConfiguration:
      Did not match:
         - @ConditionalOnClass did not find required class 'io.netty.util.NettyRuntime' (OnClassCondition)

   OAuth2ClientAutoConfiguration:
      Did not match:
         - @ConditionalOnClass did not find required class 'org.springframework.security.config.annotation.web.configuration.EnableWebSecurity' (OnClassCondition)

   OAuth2ResourceServerAutoConfiguration:
      Did not match:
         - @ConditionalOnClass did not find required class 'org.springframework.security.oauth2.server.resource.BearerTokenAuthenticationToken' (OnClassCondition)

   ProjectInfoAutoConfiguration#buildProperties:
      Did not match:
         - @ConditionalOnResource did not find resource '${spring.info.build.location:classpath:META-INF/build-info.properties}' (OnResourceCondition)

   ProjectInfoAutoConfiguration#gitProperties:
      Did not match:
         - GitResource did not find git info at classpath:git.properties (ProjectInfoAutoConfiguration.GitResourceAvailableCondition)

   QuartzAutoConfiguration:
      Did not match:
         - @ConditionalOnClass did not find required class 'org.quartz.Scheduler' (OnClassCondition)

   R2dbcAutoConfiguration:
      Did not match:
         - @ConditionalOnClass did not find required class 'io.r2dbc.spi.ConnectionFactory' (OnClassCondition)

   R2dbcDataAutoConfiguration:
      Did not match:
         - @ConditionalOnClass did not find required class 'org.springframework.data.r2dbc.core.R2dbcEntityTemplate' (OnClassCondition)

   R2dbcInitializationConfiguration:
      Did not match:
         - @ConditionalOnClass did not find required classes 'io.r2dbc.spi.ConnectionFactory', 'org.springframework.r2dbc.connection.init.DatabasePopulator' (OnClassCondition)

   R2dbcRepositoriesAutoConfiguration:
      Did not match:
         - @ConditionalOnClass did not find required class 'io.r2dbc.spi.ConnectionFactory' (OnClassCondition)

   R2dbcTransactionManagerAutoConfiguration:
      Did not match:
         - @ConditionalOnClass did not find required class 'org.springframework.r2dbc.connection.R2dbcTransactionManager' (OnClassCondition)

   RSocketGraphQlClientAutoConfiguration:
      Did not match:
         - @ConditionalOnClass did not find required class 'graphql.GraphQL' (OnClassCondition)

   RSocketMessagingAutoConfiguration:
      Did not match:
         - @ConditionalOnClass did not find required class 'io.rsocket.RSocket' (OnClassCondition)

   RSocketRequesterAutoConfiguration:
      Did not match:
         - @ConditionalOnClass did not find required class 'io.rsocket.RSocket' (OnClassCondition)

   RSocketSecurityAutoConfiguration:
      Did not match:
         - @ConditionalOnClass did not find required class 'org.springframework.security.rsocket.core.SecuritySocketAcceptorInterceptor' (OnClassCondition)

   RSocketServerAutoConfiguration:
      Did not match:
         - @ConditionalOnClass did not find required class 'io.rsocket.core.RSocketServer' (OnClassCondition)

   RSocketStrategiesAutoConfiguration:
      Did not match:
         - @ConditionalOnClass did not find required class 'io.netty.buffer.PooledByteBufAllocator' (OnClassCondition)

   RabbitAutoConfiguration:
      Did not match:
         - @ConditionalOnClass did not find required class 'com.rabbitmq.client.Channel' (OnClassCondition)

   ReactiveElasticsearchRepositoriesAutoConfiguration:
      Did not match:
         - @ConditionalOnClass did not find required class 'org.springframework.data.elasticsearch.client.reactive.ReactiveElasticsearchClient' (OnClassCondition)

   ReactiveElasticsearchRestClientAutoConfiguration:
      Did not match:
         - @ConditionalOnClass did not find required class 'reactor.netty.http.client.HttpClient' (OnClassCondition)

   ReactiveMultipartAutoConfiguration:
      Did not match:
         - @ConditionalOnClass did not find required class 'org.springframework.web.reactive.config.WebFluxConfigurer' (OnClassCondition)

   ReactiveOAuth2ClientAutoConfiguration:
      Did not match:
         - @ConditionalOnClass did not find required class 'reactor.core.publisher.Flux' (OnClassCondition)

   ReactiveOAuth2ResourceServerAutoConfiguration:
      Did not match:
         - @ConditionalOnClass did not find required class 'org.springframework.security.config.annotation.web.reactive.EnableWebFluxSecurity' (OnClassCondition)

   ReactiveSecurityAutoConfiguration:
      Did not match:
         - @ConditionalOnClass did not find required class 'reactor.core.publisher.Flux' (OnClassCondition)

   ReactiveUserDetailsServiceAutoConfiguration:
      Did not match:
         - @ConditionalOnClass did not find required class 'org.springframework.security.authentication.ReactiveAuthenticationManager' (OnClassCondition)

   ReactiveWebServerFactoryAutoConfiguration:
      Did not match:
         - @ConditionalOnWebApplication did not find reactive web application classes (OnWebApplicationCondition)

   RedisAutoConfiguration:
      Did not match:
         - @ConditionalOnClass did not find required class 'org.springframework.data.redis.core.RedisOperations' (OnClassCondition)

   RedisCacheConfiguration:
      Did not match:
         - @ConditionalOnClass did not find required class 'org.springframework.data.redis.connection.RedisConnectionFactory' (OnClassCondition)

   RedisReactiveAutoConfiguration:
      Did not match:
         - @ConditionalOnClass did not find required class 'reactor.core.publisher.Flux' (OnClassCondition)

   RedisRepositoriesAutoConfiguration:
      Did not match:
         - @ConditionalOnClass did not find required class 'org.springframework.data.redis.repository.configuration.EnableRedisRepositories' (OnClassCondition)

   RepositoryRestMvcAutoConfiguration:
      Did not match:
         - @ConditionalOnClass did not find required class 'org.springframework.data.rest.webmvc.config.RepositoryRestMvcConfiguration' (OnClassCondition)

   Saml2RelyingPartyAutoConfiguration:
      Did not match:
         - @ConditionalOnClass did not find required class 'org.springframework.security.saml2.provider.service.registration.RelyingPartyRegistrationRepository' (OnClassCondition)

   SecurityAutoConfiguration:
      Did not match:
         - @ConditionalOnClass did not find required class 'org.springframework.security.authentication.DefaultAuthenticationEventPublisher' (OnClassCondition)

   SecurityFilterAutoConfiguration:
      Did not match:
         - @ConditionalOnClass did not find required class 'org.springframework.security.config.http.SessionCreationPolicy' (OnClassCondition)

   SendGridAutoConfiguration:
      Did not match:
         - @ConditionalOnClass did not find required class 'com.sendgrid.SendGrid' (OnClassCondition)

   ServletWebServerFactoryAutoConfiguration.ForwardedHeaderFilterConfiguration:
      Did not match:
         - @ConditionalOnProperty (server.forward-headers-strategy=framework) did not find property 'server.forward-headers-strategy' (OnPropertyCondition)

   ServletWebServerFactoryConfiguration.EmbeddedJetty:
      Did not match:
         - @ConditionalOnClass did not find required classes 'org.eclipse.jetty.server.Server', 'org.eclipse.jetty.util.Loader', 'org.eclipse.jetty.webapp.WebAppContext' (OnClassCondition)

   ServletWebServerFactoryConfiguration.EmbeddedUndertow:
      Did not match:
         - @ConditionalOnClass did not find required classes 'io.undertow.Undertow', 'org.xnio.SslClientAuthMode' (OnClassCondition)

   SessionAutoConfiguration:
      Did not match:
         - @ConditionalOnClass did not find required class 'org.springframework.session.Session' (OnClassCondition)

   SolrAutoConfiguration:
      Did not match:
         - @ConditionalOnClass did not find required class 'org.apache.solr.client.solrj.impl.CloudSolrClient' (OnClassCondition)

   SpringApplicationAdminJmxAutoConfiguration:
      Did not match:
         - @ConditionalOnProperty (spring.application.admin.enabled=true) did not find property 'enabled' (OnPropertyCondition)

   TaskSchedulingAutoConfiguration#taskScheduler:
      Did not match:
         - @ConditionalOnBean (names: org.springframework.context.annotation.internalScheduledAnnotationProcessor; SearchStrategy: all) did not find any beans named org.springframework.context.annotation.internalScheduledAnnotationProcessor (OnBeanCondition)

   TemplateEngineConfigurations.ReactiveTemplateEngineConfiguration:
      Did not match:
         - did not find reactive web application classes (OnWebApplicationCondition)

   ThymeleafAutoConfiguration.DataAttributeDialectConfiguration:
      Did not match:
         - @ConditionalOnClass did not find required class 'com.github.mxab.thymeleaf.extras.dataattribute.dialect.DataAttributeDialect' (OnClassCondition)

   ThymeleafAutoConfiguration.ThymeleafSecurityDialectConfiguration:
      Did not match:
         - @ConditionalOnClass did not find required classes 'org.thymeleaf.extras.springsecurity5.dialect.SpringSecurityDialect', 'org.springframework.security.web.server.csrf.CsrfToken' (OnClassCondition)

   ThymeleafAutoConfiguration.ThymeleafWebFluxConfiguration:
      Did not match:
         - did not find reactive web application classes (OnWebApplicationCondition)

   ThymeleafAutoConfiguration.ThymeleafWebMvcConfiguration#resourceUrlEncodingFilter:
      Did not match:
         - @ConditionalOnEnabledResourceChain did not find class org.webjars.WebJarAssetLocator (OnEnabledResourceChainCondition)

   TransactionAutoConfiguration#transactionalOperator:
      Did not match:
         - @ConditionalOnSingleCandidate (types: org.springframework.transaction.ReactiveTransactionManager; SearchStrategy: all) did not find any beans (OnBeanCondition)

   TransactionAutoConfiguration.EnableTransactionManagementConfiguration.JdkDynamicAutoProxyConfiguration:
      Did not match:
         - @ConditionalOnProperty (spring.aop.proxy-target-class=false) did not find property 'proxy-target-class' (OnPropertyCondition)

   UserDetailsServiceAutoConfiguration:
      Did not match:
         - @ConditionalOnClass did not find required class 'org.springframework.security.authentication.AuthenticationManager' (OnClassCondition)

   WebClientAutoConfiguration:
      Did not match:
         - @ConditionalOnClass did not find required class 'org.springframework.web.reactive.function.client.WebClient' (OnClassCondition)

   WebFluxAutoConfiguration:
      Did not match:
         - @ConditionalOnClass did not find required class 'org.springframework.web.reactive.config.WebFluxConfigurer' (OnClassCondition)

   WebMvcAutoConfiguration#hiddenHttpMethodFilter:
      Did not match:
         - @ConditionalOnProperty (spring.mvc.hiddenmethod.filter.enabled) did not find property 'enabled' (OnPropertyCondition)

   WebMvcAutoConfiguration.ResourceChainCustomizerConfiguration:
      Did not match:
         - @ConditionalOnEnabledResourceChain did not find class org.webjars.WebJarAssetLocator (OnEnabledResourceChainCondition)

   WebMvcAutoConfiguration.WebMvcAutoConfigurationAdapter#beanNameViewResolver:
      Did not match:
         - @ConditionalOnMissingBean (types: org.springframework.web.servlet.view.BeanNameViewResolver; SearchStrategy: all) found beans of type 'org.springframework.web.servlet.view.BeanNameViewResolver' beanNameViewResolver (OnBeanCondition)

   WebServiceTemplateAutoConfiguration:
      Did not match:
         - @ConditionalOnClass did not find required class 'org.springframework.oxm.Marshaller' (OnClassCondition)

   WebServicesAutoConfiguration:
      Did not match:
         - @ConditionalOnClass did not find required class 'org.springframework.ws.transport.http.MessageDispatcherServlet' (OnClassCondition)

   WebSessionIdResolverAutoConfiguration:
      Did not match:
         - @ConditionalOnClass did not find required class 'reactor.core.publisher.Mono' (OnClassCondition)

   WebSocketMessagingAutoConfiguration:
      Did not match:
         - @ConditionalOnClass did not find required class 'org.springframework.web.socket.config.annotation.WebSocketMessageBrokerConfigurer' (OnClassCondition)

   WebSocketReactiveAutoConfiguration:
      Did not match:
         - @ConditionalOnWebApplication did not find reactive web application classes (OnWebApplicationCondition)

   WebSocketServletAutoConfiguration.Jetty10WebSocketConfiguration:
      Did not match:
         - @ConditionalOnClass did not find required classes 'org.eclipse.jetty.websocket.javax.server.internal.JavaxWebSocketServerContainer', 'org.eclipse.jetty.websocket.server.JettyWebSocketServerContainer' (OnClassCondition)

   WebSocketServletAutoConfiguration.JettyWebSocketConfiguration:
      Did not match:
         - @ConditionalOnClass did not find required class 'org.eclipse.jetty.websocket.jsr356.server.deploy.WebSocketServerContainerInitializer' (OnClassCondition)

   WebSocketServletAutoConfiguration.UndertowWebSocketConfiguration:
      Did not match:
         - @ConditionalOnClass did not find required class 'io.undertow.websockets.jsr.Bootstrap' (OnClassCondition)

   XADataSourceAutoConfiguration:
      Did not match:
         - @ConditionalOnBean (types: org.springframework.boot.jdbc.XADataSourceWrapper; SearchStrategy: all) did not find any beans of type org.springframework.boot.jdbc.XADataSourceWrapper (OnBeanCondition)
      Matched:
         - @ConditionalOnClass found required classes 'javax.sql.DataSource', 'javax.transaction.TransactionManager', 'org.springframework.jdbc.datasource.embedded.EmbeddedDatabaseType' (OnClassCondition)


Exclusions:
-----------

    None


Unconditional classes:
----------------------

    org.springframework.boot.autoconfigure.context.ConfigurationPropertiesAutoConfiguration

    org.springframework.boot.autoconfigure.context.LifecycleAutoConfiguration

    org.springframework.boot.autoconfigure.context.PropertyPlaceholderAutoConfiguration

    org.springframework.boot.autoconfigure.availability.ApplicationAvailabilityAutoConfiguration

    org.springframework.boot.autoconfigure.info.ProjectInfoAutoConfiguration



[2022-11-30 23:04:09] INFO com.note.hyowon.blog.service.PostServiceTests(StartupInfoLogger.java:61) - Started PostServiceTests in 8.864 seconds (JVM running for 10.578)
[2022-11-30 23:04:09] DEBUG org.springframework.boot.availability.ApplicationAvailabilityBean(ApplicationAvailabilityBean.java:77) - Application availability state LivenessState changed to CORRECT
[2022-11-30 23:04:09] DEBUG org.springframework.boot.availability.ApplicationAvailabilityBean(ApplicationAvailabilityBean.java:77) - Application availability state ReadinessState changed to ACCEPTING_TRAFFIC
[2022-11-30 23:04:09] DEBUG org.springframework.test.context.cache.DefaultCacheAwareContextLoaderDelegate(DefaultCacheAwareContextLoaderDelegate.java:92) - Storing ApplicationContext [1323235180] in cache under key [[WebMergedContextConfiguration@31887330 testClass = PostServiceTests, locations = '{}', classes = '{class com.note.hyowon.blog.BlogApplication}', contextInitializerClasses = '[]', activeProfiles = '{}', propertySourceLocations = '{}', propertySourceProperties = '{org.springframework.boot.test.context.SpringBootTestContextBootstrapper=true}', contextCustomizers = set[org.springframework.boot.test.autoconfigure.actuate.metrics.MetricsExportContextCustomizerFactory$DisableMetricExportContextCustomizer@654b72c0, org.springframework.boot.test.autoconfigure.properties.PropertyMappingContextCustomizer@0, org.springframework.boot.test.autoconfigure.web.servlet.WebDriverContextCustomizerFactory$Customizer@1da6ee17, org.springframework.boot.test.context.filter.ExcludeFilterContextCustomizer@15f193b8, org.springframework.boot.test.json.DuplicateJsonObjectContextCustomizerFactory$DuplicateJsonObjectContextCustomizer@606fc505, org.springframework.boot.test.mock.mockito.MockitoContextCustomizer@0, org.springframework.boot.test.web.client.TestRestTemplateContextCustomizer@1654a892, org.springframework.boot.test.context.SpringBootTestArgs@1, org.springframework.boot.test.context.SpringBootTestWebEnvironment@cd1e646], resourceBasePath = 'src/main/webapp', contextLoader = 'org.springframework.boot.test.context.SpringBootContextLoader', parent = [null]]]
[2022-11-30 23:04:09] DEBUG org.springframework.test.context.cache(DefaultContextCache.java:290) - Spring test ApplicationContext cache statistics: [DefaultContextCache@65528bcf size = 1, maxSize = 32, parentContextCount = 0, hitCount = 0, missCount = 1]
[2022-11-30 23:04:09] DEBUG org.springframework.test.context.web.ServletTestExecutionListener(ServletTestExecutionListener.java:200) - Setting up MockHttpServletRequest, MockHttpServletResponse, ServletWebRequest, and RequestContextHolder for test context [DefaultTestContext@7c045627 testClass = PostServiceTests, testInstance = com.note.hyowon.blog.service.PostServiceTests@d79a69b, testMethod = [null], testException = [null], mergedContextConfiguration = [WebMergedContextConfiguration@31887330 testClass = PostServiceTests, locations = '{}', classes = '{class com.note.hyowon.blog.BlogApplication}', contextInitializerClasses = '[]', activeProfiles = '{}', propertySourceLocations = '{}', propertySourceProperties = '{org.springframework.boot.test.context.SpringBootTestContextBootstrapper=true}', contextCustomizers = set[org.springframework.boot.test.autoconfigure.actuate.metrics.MetricsExportContextCustomizerFactory$DisableMetricExportContextCustomizer@654b72c0, org.springframework.boot.test.autoconfigure.properties.PropertyMappingContextCustomizer@0, org.springframework.boot.test.autoconfigure.web.servlet.WebDriverContextCustomizerFactory$Customizer@1da6ee17, org.springframework.boot.test.context.filter.ExcludeFilterContextCustomizer@15f193b8, org.springframework.boot.test.json.DuplicateJsonObjectContextCustomizerFactory$DuplicateJsonObjectContextCustomizer@606fc505, org.springframework.boot.test.mock.mockito.MockitoContextCustomizer@0, org.springframework.boot.test.web.client.TestRestTemplateContextCustomizer@1654a892, org.springframework.boot.test.context.SpringBootTestArgs@1, org.springframework.boot.test.context.SpringBootTestWebEnvironment@cd1e646], resourceBasePath = 'src/main/webapp', contextLoader = 'org.springframework.boot.test.context.SpringBootContextLoader', parent = [null]], attributes = map['org.springframework.test.context.web.ServletTestExecutionListener.activateListener' -> true]].
[2022-11-30 23:04:09] DEBUG org.springframework.test.context.support.DependencyInjectionTestExecutionListener(DependencyInjectionTestExecutionListener.java:81) - Performing dependency injection for test context [[DefaultTestContext@7c045627 testClass = PostServiceTests, testInstance = com.note.hyowon.blog.service.PostServiceTests@d79a69b, testMethod = [null], testException = [null], mergedContextConfiguration = [WebMergedContextConfiguration@31887330 testClass = PostServiceTests, locations = '{}', classes = '{class com.note.hyowon.blog.BlogApplication}', contextInitializerClasses = '[]', activeProfiles = '{}', propertySourceLocations = '{}', propertySourceProperties = '{org.springframework.boot.test.context.SpringBootTestContextBootstrapper=true}', contextCustomizers = set[org.springframework.boot.test.autoconfigure.actuate.metrics.MetricsExportContextCustomizerFactory$DisableMetricExportContextCustomizer@654b72c0, org.springframework.boot.test.autoconfigure.properties.PropertyMappingContextCustomizer@0, org.springframework.boot.test.autoconfigure.web.servlet.WebDriverContextCustomizerFactory$Customizer@1da6ee17, org.springframework.boot.test.context.filter.ExcludeFilterContextCustomizer@15f193b8, org.springframework.boot.test.json.DuplicateJsonObjectContextCustomizerFactory$DuplicateJsonObjectContextCustomizer@606fc505, org.springframework.boot.test.mock.mockito.MockitoContextCustomizer@0, org.springframework.boot.test.web.client.TestRestTemplateContextCustomizer@1654a892, org.springframework.boot.test.context.SpringBootTestArgs@1, org.springframework.boot.test.context.SpringBootTestWebEnvironment@cd1e646], resourceBasePath = 'src/main/webapp', contextLoader = 'org.springframework.boot.test.context.SpringBootContextLoader', parent = [null]], attributes = map['org.springframework.test.context.web.ServletTestExecutionListener.activateListener' -> true, 'org.springframework.test.context.web.ServletTestExecutionListener.populatedRequestContextHolder' -> true, 'org.springframework.test.context.web.ServletTestExecutionListener.resetRequestContextHolder' -> true, 'org.springframework.test.context.event.ApplicationEventsTestExecutionListener.recordApplicationEvents' -> false]]].
[2022-11-30 23:04:09] DEBUG org.springframework.test.context.cache.DefaultCacheAwareContextLoaderDelegate(DefaultCacheAwareContextLoaderDelegate.java:103) - Retrieved ApplicationContext [1323235180] from cache with key [[WebMergedContextConfiguration@31887330 testClass = PostServiceTests, locations = '{}', classes = '{class com.note.hyowon.blog.BlogApplication}', contextInitializerClasses = '[]', activeProfiles = '{}', propertySourceLocations = '{}', propertySourceProperties = '{org.springframework.boot.test.context.SpringBootTestContextBootstrapper=true}', contextCustomizers = set[org.springframework.boot.test.autoconfigure.actuate.metrics.MetricsExportContextCustomizerFactory$DisableMetricExportContextCustomizer@654b72c0, org.springframework.boot.test.autoconfigure.properties.PropertyMappingContextCustomizer@0, org.springframework.boot.test.autoconfigure.web.servlet.WebDriverContextCustomizerFactory$Customizer@1da6ee17, org.springframework.boot.test.context.filter.ExcludeFilterContextCustomizer@15f193b8, org.springframework.boot.test.json.DuplicateJsonObjectContextCustomizerFactory$DuplicateJsonObjectContextCustomizer@606fc505, org.springframework.boot.test.mock.mockito.MockitoContextCustomizer@0, org.springframework.boot.test.web.client.TestRestTemplateContextCustomizer@1654a892, org.springframework.boot.test.context.SpringBootTestArgs@1, org.springframework.boot.test.context.SpringBootTestWebEnvironment@cd1e646], resourceBasePath = 'src/main/webapp', contextLoader = 'org.springframework.boot.test.context.SpringBootContextLoader', parent = [null]]]
[2022-11-30 23:04:09] DEBUG org.springframework.test.context.cache(DefaultContextCache.java:290) - Spring test ApplicationContext cache statistics: [DefaultContextCache@65528bcf size = 1, maxSize = 32, parentContextCount = 0, hitCount = 1, missCount = 1]
[2022-11-30 23:04:09] DEBUG org.springframework.test.context.cache.DefaultCacheAwareContextLoaderDelegate(DefaultCacheAwareContextLoaderDelegate.java:103) - Retrieved ApplicationContext [1323235180] from cache with key [[WebMergedContextConfiguration@31887330 testClass = PostServiceTests, locations = '{}', classes = '{class com.note.hyowon.blog.BlogApplication}', contextInitializerClasses = '[]', activeProfiles = '{}', propertySourceLocations = '{}', propertySourceProperties = '{org.springframework.boot.test.context.SpringBootTestContextBootstrapper=true}', contextCustomizers = set[org.springframework.boot.test.autoconfigure.actuate.metrics.MetricsExportContextCustomizerFactory$DisableMetricExportContextCustomizer@654b72c0, org.springframework.boot.test.autoconfigure.properties.PropertyMappingContextCustomizer@0, org.springframework.boot.test.autoconfigure.web.servlet.WebDriverContextCustomizerFactory$Customizer@1da6ee17, org.springframework.boot.test.context.filter.ExcludeFilterContextCustomizer@15f193b8, org.springframework.boot.test.json.DuplicateJsonObjectContextCustomizerFactory$DuplicateJsonObjectContextCustomizer@606fc505, org.springframework.boot.test.mock.mockito.MockitoContextCustomizer@0, org.springframework.boot.test.web.client.TestRestTemplateContextCustomizer@1654a892, org.springframework.boot.test.context.SpringBootTestArgs@1, org.springframework.boot.test.context.SpringBootTestWebEnvironment@cd1e646], resourceBasePath = 'src/main/webapp', contextLoader = 'org.springframework.boot.test.context.SpringBootContextLoader', parent = [null]]]
[2022-11-30 23:04:09] DEBUG org.springframework.test.context.cache(DefaultContextCache.java:290) - Spring test ApplicationContext cache statistics: [DefaultContextCache@65528bcf size = 1, maxSize = 32, parentContextCount = 0, hitCount = 2, missCount = 1]
[2022-11-30 23:04:09] DEBUG org.springframework.test.context.support.AbstractDirtiesContextTestExecutionListener(AbstractDirtiesContextTestExecutionListener.java:108) - Before test method: context [DefaultTestContext@7c045627 testClass = PostServiceTests, testInstance = com.note.hyowon.blog.service.PostServiceTests@d79a69b, testMethod = testSelectOne@PostServiceTests, testException = [null], mergedContextConfiguration = [WebMergedContextConfiguration@31887330 testClass = PostServiceTests, locations = '{}', classes = '{class com.note.hyowon.blog.BlogApplication}', contextInitializerClasses = '[]', activeProfiles = '{}', propertySourceLocations = '{}', propertySourceProperties = '{org.springframework.boot.test.context.SpringBootTestContextBootstrapper=true}', contextCustomizers = set[org.springframework.boot.test.autoconfigure.actuate.metrics.MetricsExportContextCustomizerFactory$DisableMetricExportContextCustomizer@654b72c0, org.springframework.boot.test.autoconfigure.properties.PropertyMappingContextCustomizer@0, org.springframework.boot.test.autoconfigure.web.servlet.WebDriverContextCustomizerFactory$Customizer@1da6ee17, org.springframework.boot.test.context.filter.ExcludeFilterContextCustomizer@15f193b8, org.springframework.boot.test.json.DuplicateJsonObjectContextCustomizerFactory$DuplicateJsonObjectContextCustomizer@606fc505, org.springframework.boot.test.mock.mockito.MockitoContextCustomizer@0, org.springframework.boot.test.web.client.TestRestTemplateContextCustomizer@1654a892, org.springframework.boot.test.context.SpringBootTestArgs@1, org.springframework.boot.test.context.SpringBootTestWebEnvironment@cd1e646], resourceBasePath = 'src/main/webapp', contextLoader = 'org.springframework.boot.test.context.SpringBootContextLoader', parent = [null]], attributes = map['org.springframework.test.context.web.ServletTestExecutionListener.activateListener' -> true, 'org.springframework.test.context.web.ServletTestExecutionListener.populatedRequestContextHolder' -> true, 'org.springframework.test.context.web.ServletTestExecutionListener.resetRequestContextHolder' -> true, 'org.springframework.test.context.event.ApplicationEventsTestExecutionListener.recordApplicationEvents' -> false]], class annotated with @DirtiesContext [false] with mode [null], method annotated with @DirtiesContext [false] with mode [null].
[2022-11-30 23:04:09] DEBUG org.springframework.test.context.cache.DefaultCacheAwareContextLoaderDelegate(DefaultCacheAwareContextLoaderDelegate.java:103) - Retrieved ApplicationContext [1323235180] from cache with key [[WebMergedContextConfiguration@31887330 testClass = PostServiceTests, locations = '{}', classes = '{class com.note.hyowon.blog.BlogApplication}', contextInitializerClasses = '[]', activeProfiles = '{}', propertySourceLocations = '{}', propertySourceProperties = '{org.springframework.boot.test.context.SpringBootTestContextBootstrapper=true}', contextCustomizers = set[org.springframework.boot.test.autoconfigure.actuate.metrics.MetricsExportContextCustomizerFactory$DisableMetricExportContextCustomizer@654b72c0, org.springframework.boot.test.autoconfigure.properties.PropertyMappingContextCustomizer@0, org.springframework.boot.test.autoconfigure.web.servlet.WebDriverContextCustomizerFactory$Customizer@1da6ee17, org.springframework.boot.test.context.filter.ExcludeFilterContextCustomizer@15f193b8, org.springframework.boot.test.json.DuplicateJsonObjectContextCustomizerFactory$DuplicateJsonObjectContextCustomizer@606fc505, org.springframework.boot.test.mock.mockito.MockitoContextCustomizer@0, org.springframework.boot.test.web.client.TestRestTemplateContextCustomizer@1654a892, org.springframework.boot.test.context.SpringBootTestArgs@1, org.springframework.boot.test.context.SpringBootTestWebEnvironment@cd1e646], resourceBasePath = 'src/main/webapp', contextLoader = 'org.springframework.boot.test.context.SpringBootContextLoader', parent = [null]]]
[2022-11-30 23:04:09] DEBUG org.springframework.test.context.cache(DefaultContextCache.java:290) - Spring test ApplicationContext cache statistics: [DefaultContextCache@65528bcf size = 1, maxSize = 32, parentContextCount = 0, hitCount = 3, missCount = 1]
[2022-11-30 23:04:09] DEBUG org.springframework.test.context.cache.DefaultCacheAwareContextLoaderDelegate(DefaultCacheAwareContextLoaderDelegate.java:103) - Retrieved ApplicationContext [1323235180] from cache with key [[WebMergedContextConfiguration@31887330 testClass = PostServiceTests, locations = '{}', classes = '{class com.note.hyowon.blog.BlogApplication}', contextInitializerClasses = '[]', activeProfiles = '{}', propertySourceLocations = '{}', propertySourceProperties = '{org.springframework.boot.test.context.SpringBootTestContextBootstrapper=true}', contextCustomizers = set[org.springframework.boot.test.autoconfigure.actuate.metrics.MetricsExportContextCustomizerFactory$DisableMetricExportContextCustomizer@654b72c0, org.springframework.boot.test.autoconfigure.properties.PropertyMappingContextCustomizer@0, org.springframework.boot.test.autoconfigure.web.servlet.WebDriverContextCustomizerFactory$Customizer@1da6ee17, org.springframework.boot.test.context.filter.ExcludeFilterContextCustomizer@15f193b8, org.springframework.boot.test.json.DuplicateJsonObjectContextCustomizerFactory$DuplicateJsonObjectContextCustomizer@606fc505, org.springframework.boot.test.mock.mockito.MockitoContextCustomizer@0, org.springframework.boot.test.web.client.TestRestTemplateContextCustomizer@1654a892, org.springframework.boot.test.context.SpringBootTestArgs@1, org.springframework.boot.test.context.SpringBootTestWebEnvironment@cd1e646], resourceBasePath = 'src/main/webapp', contextLoader = 'org.springframework.boot.test.context.SpringBootContextLoader', parent = [null]]]
[2022-11-30 23:04:09] DEBUG org.springframework.test.context.cache(DefaultContextCache.java:290) - Spring test ApplicationContext cache statistics: [DefaultContextCache@65528bcf size = 1, maxSize = 32, parentContextCount = 0, hitCount = 4, missCount = 1]
[2022-11-30 23:04:09] DEBUG org.springframework.test.context.cache.DefaultCacheAwareContextLoaderDelegate(DefaultCacheAwareContextLoaderDelegate.java:103) - Retrieved ApplicationContext [1323235180] from cache with key [[WebMergedContextConfiguration@31887330 testClass = PostServiceTests, locations = '{}', classes = '{class com.note.hyowon.blog.BlogApplication}', contextInitializerClasses = '[]', activeProfiles = '{}', propertySourceLocations = '{}', propertySourceProperties = '{org.springframework.boot.test.context.SpringBootTestContextBootstrapper=true}', contextCustomizers = set[org.springframework.boot.test.autoconfigure.actuate.metrics.MetricsExportContextCustomizerFactory$DisableMetricExportContextCustomizer@654b72c0, org.springframework.boot.test.autoconfigure.properties.PropertyMappingContextCustomizer@0, org.springframework.boot.test.autoconfigure.web.servlet.WebDriverContextCustomizerFactory$Customizer@1da6ee17, org.springframework.boot.test.context.filter.ExcludeFilterContextCustomizer@15f193b8, org.springframework.boot.test.json.DuplicateJsonObjectContextCustomizerFactory$DuplicateJsonObjectContextCustomizer@606fc505, org.springframework.boot.test.mock.mockito.MockitoContextCustomizer@0, org.springframework.boot.test.web.client.TestRestTemplateContextCustomizer@1654a892, org.springframework.boot.test.context.SpringBootTestArgs@1, org.springframework.boot.test.context.SpringBootTestWebEnvironment@cd1e646], resourceBasePath = 'src/main/webapp', contextLoader = 'org.springframework.boot.test.context.SpringBootContextLoader', parent = [null]]]
[2022-11-30 23:04:09] DEBUG org.springframework.test.context.cache(DefaultContextCache.java:290) - Spring test ApplicationContext cache statistics: [DefaultContextCache@65528bcf size = 1, maxSize = 32, parentContextCount = 0, hitCount = 5, missCount = 1]
[2022-11-30 23:04:09] DEBUG org.springframework.orm.jpa.JpaTransactionManager(AbstractPlatformTransactionManager.java:370) - Creating new transaction with name [org.springframework.data.jpa.repository.support.SimpleJpaRepository.findById]: PROPAGATION_REQUIRED,ISOLATION_DEFAULT,readOnly
[2022-11-30 23:04:09] DEBUG org.springframework.orm.jpa.JpaTransactionManager(JpaTransactionManager.java:412) - Opened new EntityManager [SessionImpl(1768580358<open>)] for JPA transaction
[2022-11-30 23:04:09] DEBUG org.springframework.jdbc.datasource.DataSourceUtils(DataSourceUtils.java:187) - Setting JDBC Connection [HikariProxyConnection@177229412 wrapping org.mariadb.jdbc.Connection@15a484a9] read-only
[2022-11-30 23:04:09] DEBUG org.hibernate.engine.transaction.internal.TransactionImpl(TransactionImpl.java:53) - On TransactionImpl creation, JpaCompliance#isJpaTransactionComplianceEnabled == false
[2022-11-30 23:04:09] DEBUG org.hibernate.engine.transaction.internal.TransactionImpl(TransactionImpl.java:81) - begin
[2022-11-30 23:04:09] DEBUG org.mariadb.jdbc.client.impl.StandardClient(Slf4JLogger.java:60) - execute query: set autocommit=0
[2022-11-30 23:04:09] DEBUG org.mariadb.jdbc.message.server.OkPacket(Slf4JLogger.java:60) - System variable change:  autocommit = OFF
[2022-11-30 23:04:09] DEBUG org.springframework.orm.jpa.JpaTransactionManager(JpaTransactionManager.java:440) - Exposing JPA transaction as JDBC [org.springframework.orm.jpa.vendor.HibernateJpaDialect$HibernateConnectionHandle@285b63eb]
[2022-11-30 23:04:09] DEBUG org.hibernate.SQL(SqlStatementLogger.java:144) - 
    select
        postentity0_.post_no as post_no1_0_0_,
        postentity0_.last_chg_datetime as last_chg2_0_0_,
        postentity0_.content_as_html as content_3_0_0_,
        postentity0_.content_as_markdown as content_4_0_0_,
        postentity0_.reg_date as reg_date5_0_0_,
        postentity0_.title as title6_0_0_,
        postentity0_.upd_date as upd_date7_0_0_,
        postentity0_.view_count as view_cou8_0_0_,
        postentity0_.visible_yn as visible_9_0_0_,
        postentity0_.writer as writer10_0_0_ 
    from
        post postentity0_ 
    where
        postentity0_.post_no=?
Hibernate: 
    select
        postentity0_.post_no as post_no1_0_0_,
        postentity0_.last_chg_datetime as last_chg2_0_0_,
        postentity0_.content_as_html as content_3_0_0_,
        postentity0_.content_as_markdown as content_4_0_0_,
        postentity0_.reg_date as reg_date5_0_0_,
        postentity0_.title as title6_0_0_,
        postentity0_.upd_date as upd_date7_0_0_,
        postentity0_.view_count as view_cou8_0_0_,
        postentity0_.visible_yn as visible_9_0_0_,
        postentity0_.writer as writer10_0_0_ 
    from
        post postentity0_ 
    where
        postentity0_.post_no=?
[2022-11-30 23:04:09] DEBUG org.mariadb.jdbc.client.impl.StandardClient(Slf4JLogger.java:60) - execute query: select postentity0_.post_no as post_no1_0_0_, postentity0_.last_chg_datetime as last_chg2_0_0_, postentity0_.content_as_html as content_3_0_0_, postentity0_.content_as_markdown as content_4_0_0_, postentity0_.reg_date as reg_date5_0_0_, postentity0_.title as title6_0_0_, postentity0_.upd_date as upd_date7_0_0_, postentity0_.view_count as view_cou8_0_0_, postentity0_.visible_yn as visible_9_0_0_, postentity0_.writer as writer10_0_0_ from post postentity0_ where postentity0_.post_no=?
[2022-11-30 23:04:09] DEBUG org.hibernate.loader.plan.exec.process.internal.EntityReferenceInitializerImpl(EntityReferenceInitializerImpl.java:131) - On call to EntityIdentifierReaderImpl#resolve, EntityKey was already known; should only happen on root returns with an optional identifier specified
[2022-11-30 23:04:09] DEBUG org.hibernate.engine.internal.TwoPhaseLoad(TwoPhaseLoad.java:171) - Resolving attributes for [com.note.hyowon.blog.entity.PostEntity#1]
[2022-11-30 23:04:09] DEBUG org.hibernate.engine.internal.TwoPhaseLoad(TwoPhaseLoad.java:184) - Processing attribute `lastChgDateTime` : value = 2022-11-26T20:43:13
[2022-11-30 23:04:09] DEBUG org.hibernate.engine.internal.TwoPhaseLoad(TwoPhaseLoad.java:215) - Attribute (`lastChgDateTime`)  - enhanced for lazy-loading? - false
[2022-11-30 23:04:09] DEBUG org.hibernate.engine.internal.TwoPhaseLoad(TwoPhaseLoad.java:184) - Processing attribute `contentAsHtml` : value = <h1>1. 제목입니다.</h1>
<h2>2. TITLE is TITLE</h2>
<h3>3. TITLE is TITLE</h3>
[2022-11-30 23:04:09] DEBUG org.hibernate.engine.internal.TwoPhaseLoad(TwoPhaseLoad.java:215) - Attribute (`contentAsHtml`)  - enhanced for lazy-loading? - false
[2022-11-30 23:04:09] DEBUG org.hibernate.engine.internal.TwoPhaseLoad(TwoPhaseLoad.java:184) - Processing attribute `contentAsMarkdown` : value = # 1. 제목입니다.
## 2. TITLE is TITLE
### 3. TITLE is TITLE
[2022-11-30 23:04:09] DEBUG org.hibernate.engine.internal.TwoPhaseLoad(TwoPhaseLoad.java:215) - Attribute (`contentAsMarkdown`)  - enhanced for lazy-loading? - false
[2022-11-30 23:04:09] DEBUG org.hibernate.engine.internal.TwoPhaseLoad(TwoPhaseLoad.java:184) - Processing attribute `regDate` : value = 2022-11-26
[2022-11-30 23:04:09] DEBUG org.hibernate.engine.internal.TwoPhaseLoad(TwoPhaseLoad.java:215) - Attribute (`regDate`)  - enhanced for lazy-loading? - false
[2022-11-30 23:04:09] DEBUG org.hibernate.engine.internal.TwoPhaseLoad(TwoPhaseLoad.java:184) - Processing attribute `title` : value = title is 1
[2022-11-30 23:04:09] DEBUG org.hibernate.engine.internal.TwoPhaseLoad(TwoPhaseLoad.java:215) - Attribute (`title`)  - enhanced for lazy-loading? - false
[2022-11-30 23:04:09] DEBUG org.hibernate.engine.internal.TwoPhaseLoad(TwoPhaseLoad.java:184) - Processing attribute `updDate` : value = 2022-11-26
[2022-11-30 23:04:09] DEBUG org.hibernate.engine.internal.TwoPhaseLoad(TwoPhaseLoad.java:215) - Attribute (`updDate`)  - enhanced for lazy-loading? - false
[2022-11-30 23:04:09] DEBUG org.hibernate.engine.internal.TwoPhaseLoad(TwoPhaseLoad.java:184) - Processing attribute `viewCount` : value = 0
[2022-11-30 23:04:09] DEBUG org.hibernate.engine.internal.TwoPhaseLoad(TwoPhaseLoad.java:215) - Attribute (`viewCount`)  - enhanced for lazy-loading? - false
[2022-11-30 23:04:09] DEBUG org.hibernate.engine.internal.TwoPhaseLoad(TwoPhaseLoad.java:184) - Processing attribute `visibleYn` : value = Y
[2022-11-30 23:04:09] DEBUG org.hibernate.engine.internal.TwoPhaseLoad(TwoPhaseLoad.java:215) - Attribute (`visibleYn`)  - enhanced for lazy-loading? - false
[2022-11-30 23:04:09] DEBUG org.hibernate.engine.internal.TwoPhaseLoad(TwoPhaseLoad.java:184) - Processing attribute `writer` : value = TestWriter1
[2022-11-30 23:04:09] DEBUG org.hibernate.engine.internal.TwoPhaseLoad(TwoPhaseLoad.java:215) - Attribute (`writer`)  - enhanced for lazy-loading? - false
[2022-11-30 23:04:09] DEBUG org.hibernate.engine.internal.TwoPhaseLoad(TwoPhaseLoad.java:352) - Done materializing entity [com.note.hyowon.blog.entity.PostEntity#1]
[2022-11-30 23:04:09] DEBUG org.hibernate.loader.entity.plan.AbstractLoadPlanBasedEntityLoader(AbstractLoadPlanBasedEntityLoader.java:307) - Done entity load : com.note.hyowon.blog.entity.PostEntity#1
[2022-11-30 23:04:09] DEBUG org.springframework.orm.jpa.JpaTransactionManager(AbstractPlatformTransactionManager.java:740) - Initiating transaction commit
[2022-11-30 23:04:09] DEBUG org.springframework.orm.jpa.JpaTransactionManager(JpaTransactionManager.java:557) - Committing JPA transaction on EntityManager [SessionImpl(1768580358<open>)]
[2022-11-30 23:04:09] DEBUG org.hibernate.engine.transaction.internal.TransactionImpl(TransactionImpl.java:98) - committing
[2022-11-30 23:04:09] DEBUG org.mariadb.jdbc.client.impl.StandardClient(Slf4JLogger.java:60) - execute query: COMMIT
[2022-11-30 23:04:09] DEBUG org.mariadb.jdbc.client.impl.StandardClient(Slf4JLogger.java:60) - execute query: set autocommit=1
[2022-11-30 23:04:09] DEBUG org.mariadb.jdbc.message.server.OkPacket(Slf4JLogger.java:60) - System variable change:  autocommit = ON
[2022-11-30 23:04:09] DEBUG org.springframework.jdbc.datasource.DataSourceUtils(DataSourceUtils.java:251) - Resetting read-only flag of JDBC Connection [HikariProxyConnection@177229412 wrapping org.mariadb.jdbc.Connection@15a484a9]
[2022-11-30 23:04:09] DEBUG org.springframework.orm.jpa.JpaTransactionManager(JpaTransactionManager.java:648) - Closing JPA EntityManager [SessionImpl(1768580358<open>)] after transaction
-------------- testSelectOne ------------------
ContentAsMarkdown : # 1. 제목입니다.
## 2. TITLE is TITLE
### 3. TITLE is TITLE
ContentAsHtml     : <h1>1. 제목입니다.</h1>
<h2>2. TITLE is TITLE</h2>
<h3>3. TITLE is TITLE</h3>
PostNo            : 1
Title             : title is 1
-----------------------------------------------
[2022-11-30 23:04:09] DEBUG org.springframework.test.context.cache.DefaultCacheAwareContextLoaderDelegate(DefaultCacheAwareContextLoaderDelegate.java:103) - Retrieved ApplicationContext [1323235180] from cache with key [[WebMergedContextConfiguration@31887330 testClass = PostServiceTests, locations = '{}', classes = '{class com.note.hyowon.blog.BlogApplication}', contextInitializerClasses = '[]', activeProfiles = '{}', propertySourceLocations = '{}', propertySourceProperties = '{org.springframework.boot.test.context.SpringBootTestContextBootstrapper=true}', contextCustomizers = set[org.springframework.boot.test.autoconfigure.actuate.metrics.MetricsExportContextCustomizerFactory$DisableMetricExportContextCustomizer@654b72c0, org.springframework.boot.test.autoconfigure.properties.PropertyMappingContextCustomizer@0, org.springframework.boot.test.autoconfigure.web.servlet.WebDriverContextCustomizerFactory$Customizer@1da6ee17, org.springframework.boot.test.context.filter.ExcludeFilterContextCustomizer@15f193b8, org.springframework.boot.test.json.DuplicateJsonObjectContextCustomizerFactory$DuplicateJsonObjectContextCustomizer@606fc505, org.springframework.boot.test.mock.mockito.MockitoContextCustomizer@0, org.springframework.boot.test.web.client.TestRestTemplateContextCustomizer@1654a892, org.springframework.boot.test.context.SpringBootTestArgs@1, org.springframework.boot.test.context.SpringBootTestWebEnvironment@cd1e646], resourceBasePath = 'src/main/webapp', contextLoader = 'org.springframework.boot.test.context.SpringBootContextLoader', parent = [null]]]
[2022-11-30 23:04:09] DEBUG org.springframework.test.context.cache(DefaultContextCache.java:290) - Spring test ApplicationContext cache statistics: [DefaultContextCache@65528bcf size = 1, maxSize = 32, parentContextCount = 0, hitCount = 6, missCount = 1]
[2022-11-30 23:04:09] DEBUG org.springframework.test.context.cache.DefaultCacheAwareContextLoaderDelegate(DefaultCacheAwareContextLoaderDelegate.java:103) - Retrieved ApplicationContext [1323235180] from cache with key [[WebMergedContextConfiguration@31887330 testClass = PostServiceTests, locations = '{}', classes = '{class com.note.hyowon.blog.BlogApplication}', contextInitializerClasses = '[]', activeProfiles = '{}', propertySourceLocations = '{}', propertySourceProperties = '{org.springframework.boot.test.context.SpringBootTestContextBootstrapper=true}', contextCustomizers = set[org.springframework.boot.test.autoconfigure.actuate.metrics.MetricsExportContextCustomizerFactory$DisableMetricExportContextCustomizer@654b72c0, org.springframework.boot.test.autoconfigure.properties.PropertyMappingContextCustomizer@0, org.springframework.boot.test.autoconfigure.web.servlet.WebDriverContextCustomizerFactory$Customizer@1da6ee17, org.springframework.boot.test.context.filter.ExcludeFilterContextCustomizer@15f193b8, org.springframework.boot.test.json.DuplicateJsonObjectContextCustomizerFactory$DuplicateJsonObjectContextCustomizer@606fc505, org.springframework.boot.test.mock.mockito.MockitoContextCustomizer@0, org.springframework.boot.test.web.client.TestRestTemplateContextCustomizer@1654a892, org.springframework.boot.test.context.SpringBootTestArgs@1, org.springframework.boot.test.context.SpringBootTestWebEnvironment@cd1e646], resourceBasePath = 'src/main/webapp', contextLoader = 'org.springframework.boot.test.context.SpringBootContextLoader', parent = [null]]]
[2022-11-30 23:04:09] DEBUG org.springframework.test.context.cache(DefaultContextCache.java:290) - Spring test ApplicationContext cache statistics: [DefaultContextCache@65528bcf size = 1, maxSize = 32, parentContextCount = 0, hitCount = 7, missCount = 1]
[2022-11-30 23:04:09] DEBUG org.springframework.test.context.cache.DefaultCacheAwareContextLoaderDelegate(DefaultCacheAwareContextLoaderDelegate.java:103) - Retrieved ApplicationContext [1323235180] from cache with key [[WebMergedContextConfiguration@31887330 testClass = PostServiceTests, locations = '{}', classes = '{class com.note.hyowon.blog.BlogApplication}', contextInitializerClasses = '[]', activeProfiles = '{}', propertySourceLocations = '{}', propertySourceProperties = '{org.springframework.boot.test.context.SpringBootTestContextBootstrapper=true}', contextCustomizers = set[org.springframework.boot.test.autoconfigure.actuate.metrics.MetricsExportContextCustomizerFactory$DisableMetricExportContextCustomizer@654b72c0, org.springframework.boot.test.autoconfigure.properties.PropertyMappingContextCustomizer@0, org.springframework.boot.test.autoconfigure.web.servlet.WebDriverContextCustomizerFactory$Customizer@1da6ee17, org.springframework.boot.test.context.filter.ExcludeFilterContextCustomizer@15f193b8, org.springframework.boot.test.json.DuplicateJsonObjectContextCustomizerFactory$DuplicateJsonObjectContextCustomizer@606fc505, org.springframework.boot.test.mock.mockito.MockitoContextCustomizer@0, org.springframework.boot.test.web.client.TestRestTemplateContextCustomizer@1654a892, org.springframework.boot.test.context.SpringBootTestArgs@1, org.springframework.boot.test.context.SpringBootTestWebEnvironment@cd1e646], resourceBasePath = 'src/main/webapp', contextLoader = 'org.springframework.boot.test.context.SpringBootContextLoader', parent = [null]]]
[2022-11-30 23:04:09] DEBUG org.springframework.test.context.cache(DefaultContextCache.java:290) - Spring test ApplicationContext cache statistics: [DefaultContextCache@65528bcf size = 1, maxSize = 32, parentContextCount = 0, hitCount = 8, missCount = 1]
[2022-11-30 23:04:09] DEBUG org.springframework.test.context.cache.DefaultCacheAwareContextLoaderDelegate(DefaultCacheAwareContextLoaderDelegate.java:103) - Retrieved ApplicationContext [1323235180] from cache with key [[WebMergedContextConfiguration@31887330 testClass = PostServiceTests, locations = '{}', classes = '{class com.note.hyowon.blog.BlogApplication}', contextInitializerClasses = '[]', activeProfiles = '{}', propertySourceLocations = '{}', propertySourceProperties = '{org.springframework.boot.test.context.SpringBootTestContextBootstrapper=true}', contextCustomizers = set[org.springframework.boot.test.autoconfigure.actuate.metrics.MetricsExportContextCustomizerFactory$DisableMetricExportContextCustomizer@654b72c0, org.springframework.boot.test.autoconfigure.properties.PropertyMappingContextCustomizer@0, org.springframework.boot.test.autoconfigure.web.servlet.WebDriverContextCustomizerFactory$Customizer@1da6ee17, org.springframework.boot.test.context.filter.ExcludeFilterContextCustomizer@15f193b8, org.springframework.boot.test.json.DuplicateJsonObjectContextCustomizerFactory$DuplicateJsonObjectContextCustomizer@606fc505, org.springframework.boot.test.mock.mockito.MockitoContextCustomizer@0, org.springframework.boot.test.web.client.TestRestTemplateContextCustomizer@1654a892, org.springframework.boot.test.context.SpringBootTestArgs@1, org.springframework.boot.test.context.SpringBootTestWebEnvironment@cd1e646], resourceBasePath = 'src/main/webapp', contextLoader = 'org.springframework.boot.test.context.SpringBootContextLoader', parent = [null]]]
[2022-11-30 23:04:09] DEBUG org.springframework.test.context.cache(DefaultContextCache.java:290) - Spring test ApplicationContext cache statistics: [DefaultContextCache@65528bcf size = 1, maxSize = 32, parentContextCount = 0, hitCount = 9, missCount = 1]
[2022-11-30 23:04:09] DEBUG org.springframework.test.context.cache.DefaultCacheAwareContextLoaderDelegate(DefaultCacheAwareContextLoaderDelegate.java:103) - Retrieved ApplicationContext [1323235180] from cache with key [[WebMergedContextConfiguration@31887330 testClass = PostServiceTests, locations = '{}', classes = '{class com.note.hyowon.blog.BlogApplication}', contextInitializerClasses = '[]', activeProfiles = '{}', propertySourceLocations = '{}', propertySourceProperties = '{org.springframework.boot.test.context.SpringBootTestContextBootstrapper=true}', contextCustomizers = set[org.springframework.boot.test.autoconfigure.actuate.metrics.MetricsExportContextCustomizerFactory$DisableMetricExportContextCustomizer@654b72c0, org.springframework.boot.test.autoconfigure.properties.PropertyMappingContextCustomizer@0, org.springframework.boot.test.autoconfigure.web.servlet.WebDriverContextCustomizerFactory$Customizer@1da6ee17, org.springframework.boot.test.context.filter.ExcludeFilterContextCustomizer@15f193b8, org.springframework.boot.test.json.DuplicateJsonObjectContextCustomizerFactory$DuplicateJsonObjectContextCustomizer@606fc505, org.springframework.boot.test.mock.mockito.MockitoContextCustomizer@0, org.springframework.boot.test.web.client.TestRestTemplateContextCustomizer@1654a892, org.springframework.boot.test.context.SpringBootTestArgs@1, org.springframework.boot.test.context.SpringBootTestWebEnvironment@cd1e646], resourceBasePath = 'src/main/webapp', contextLoader = 'org.springframework.boot.test.context.SpringBootContextLoader', parent = [null]]]
[2022-11-30 23:04:09] DEBUG org.springframework.test.context.cache(DefaultContextCache.java:290) - Spring test ApplicationContext cache statistics: [DefaultContextCache@65528bcf size = 1, maxSize = 32, parentContextCount = 0, hitCount = 10, missCount = 1]
[2022-11-30 23:04:09] DEBUG org.springframework.test.context.cache.DefaultCacheAwareContextLoaderDelegate(DefaultCacheAwareContextLoaderDelegate.java:103) - Retrieved ApplicationContext [1323235180] from cache with key [[WebMergedContextConfiguration@31887330 testClass = PostServiceTests, locations = '{}', classes = '{class com.note.hyowon.blog.BlogApplication}', contextInitializerClasses = '[]', activeProfiles = '{}', propertySourceLocations = '{}', propertySourceProperties = '{org.springframework.boot.test.context.SpringBootTestContextBootstrapper=true}', contextCustomizers = set[org.springframework.boot.test.autoconfigure.actuate.metrics.MetricsExportContextCustomizerFactory$DisableMetricExportContextCustomizer@654b72c0, org.springframework.boot.test.autoconfigure.properties.PropertyMappingContextCustomizer@0, org.springframework.boot.test.autoconfigure.web.servlet.WebDriverContextCustomizerFactory$Customizer@1da6ee17, org.springframework.boot.test.context.filter.ExcludeFilterContextCustomizer@15f193b8, org.springframework.boot.test.json.DuplicateJsonObjectContextCustomizerFactory$DuplicateJsonObjectContextCustomizer@606fc505, org.springframework.boot.test.mock.mockito.MockitoContextCustomizer@0, org.springframework.boot.test.web.client.TestRestTemplateContextCustomizer@1654a892, org.springframework.boot.test.context.SpringBootTestArgs@1, org.springframework.boot.test.context.SpringBootTestWebEnvironment@cd1e646], resourceBasePath = 'src/main/webapp', contextLoader = 'org.springframework.boot.test.context.SpringBootContextLoader', parent = [null]]]
[2022-11-30 23:04:09] DEBUG org.springframework.test.context.cache(DefaultContextCache.java:290) - Spring test ApplicationContext cache statistics: [DefaultContextCache@65528bcf size = 1, maxSize = 32, parentContextCount = 0, hitCount = 11, missCount = 1]
[2022-11-30 23:04:09] DEBUG org.springframework.test.context.support.AbstractDirtiesContextTestExecutionListener(AbstractDirtiesContextTestExecutionListener.java:108) - After test method: context [DefaultTestContext@7c045627 testClass = PostServiceTests, testInstance = com.note.hyowon.blog.service.PostServiceTests@d79a69b, testMethod = testSelectOne@PostServiceTests, testException = [null], mergedContextConfiguration = [WebMergedContextConfiguration@31887330 testClass = PostServiceTests, locations = '{}', classes = '{class com.note.hyowon.blog.BlogApplication}', contextInitializerClasses = '[]', activeProfiles = '{}', propertySourceLocations = '{}', propertySourceProperties = '{org.springframework.boot.test.context.SpringBootTestContextBootstrapper=true}', contextCustomizers = set[org.springframework.boot.test.autoconfigure.actuate.metrics.MetricsExportContextCustomizerFactory$DisableMetricExportContextCustomizer@654b72c0, org.springframework.boot.test.autoconfigure.properties.PropertyMappingContextCustomizer@0, org.springframework.boot.test.autoconfigure.web.servlet.WebDriverContextCustomizerFactory$Customizer@1da6ee17, org.springframework.boot.test.context.filter.ExcludeFilterContextCustomizer@15f193b8, org.springframework.boot.test.json.DuplicateJsonObjectContextCustomizerFactory$DuplicateJsonObjectContextCustomizer@606fc505, org.springframework.boot.test.mock.mockito.MockitoContextCustomizer@0, org.springframework.boot.test.web.client.TestRestTemplateContextCustomizer@1654a892, org.springframework.boot.test.context.SpringBootTestArgs@1, org.springframework.boot.test.context.SpringBootTestWebEnvironment@cd1e646], resourceBasePath = 'src/main/webapp', contextLoader = 'org.springframework.boot.test.context.SpringBootContextLoader', parent = [null]], attributes = map['org.springframework.test.context.web.ServletTestExecutionListener.activateListener' -> true, 'org.springframework.test.context.web.ServletTestExecutionListener.populatedRequestContextHolder' -> true, 'org.springframework.test.context.web.ServletTestExecutionListener.resetRequestContextHolder' -> true, 'org.springframework.test.context.event.ApplicationEventsTestExecutionListener.recordApplicationEvents' -> false]], class annotated with @DirtiesContext [false] with mode [null], method annotated with @DirtiesContext [false] with mode [null].
[2022-11-30 23:04:09] DEBUG org.springframework.test.context.web.ServletTestExecutionListener(ServletTestExecutionListener.java:166) - Resetting RequestContextHolder for test context [DefaultTestContext@7c045627 testClass = PostServiceTests, testInstance = com.note.hyowon.blog.service.PostServiceTests@d79a69b, testMethod = testSelectOne@PostServiceTests, testException = [null], mergedContextConfiguration = [WebMergedContextConfiguration@31887330 testClass = PostServiceTests, locations = '{}', classes = '{class com.note.hyowon.blog.BlogApplication}', contextInitializerClasses = '[]', activeProfiles = '{}', propertySourceLocations = '{}', propertySourceProperties = '{org.springframework.boot.test.context.SpringBootTestContextBootstrapper=true}', contextCustomizers = set[org.springframework.boot.test.autoconfigure.actuate.metrics.MetricsExportContextCustomizerFactory$DisableMetricExportContextCustomizer@654b72c0, org.springframework.boot.test.autoconfigure.properties.PropertyMappingContextCustomizer@0, org.springframework.boot.test.autoconfigure.web.servlet.WebDriverContextCustomizerFactory$Customizer@1da6ee17, org.springframework.boot.test.context.filter.ExcludeFilterContextCustomizer@15f193b8, org.springframework.boot.test.json.DuplicateJsonObjectContextCustomizerFactory$DuplicateJsonObjectContextCustomizer@606fc505, org.springframework.boot.test.mock.mockito.MockitoContextCustomizer@0, org.springframework.boot.test.web.client.TestRestTemplateContextCustomizer@1654a892, org.springframework.boot.test.context.SpringBootTestArgs@1, org.springframework.boot.test.context.SpringBootTestWebEnvironment@cd1e646], resourceBasePath = 'src/main/webapp', contextLoader = 'org.springframework.boot.test.context.SpringBootContextLoader', parent = [null]], attributes = map['org.springframework.test.context.web.ServletTestExecutionListener.activateListener' -> true, 'org.springframework.test.context.web.ServletTestExecutionListener.populatedRequestContextHolder' -> true, 'org.springframework.test.context.web.ServletTestExecutionListener.resetRequestContextHolder' -> true, 'org.springframework.test.context.event.ApplicationEventsTestExecutionListener.recordApplicationEvents' -> false]].
[2022-11-30 23:04:09] DEBUG org.springframework.test.context.cache.DefaultCacheAwareContextLoaderDelegate(DefaultCacheAwareContextLoaderDelegate.java:103) - Retrieved ApplicationContext [1323235180] from cache with key [[WebMergedContextConfiguration@31887330 testClass = PostServiceTests, locations = '{}', classes = '{class com.note.hyowon.blog.BlogApplication}', contextInitializerClasses = '[]', activeProfiles = '{}', propertySourceLocations = '{}', propertySourceProperties = '{org.springframework.boot.test.context.SpringBootTestContextBootstrapper=true}', contextCustomizers = set[org.springframework.boot.test.autoconfigure.actuate.metrics.MetricsExportContextCustomizerFactory$DisableMetricExportContextCustomizer@654b72c0, org.springframework.boot.test.autoconfigure.properties.PropertyMappingContextCustomizer@0, org.springframework.boot.test.autoconfigure.web.servlet.WebDriverContextCustomizerFactory$Customizer@1da6ee17, org.springframework.boot.test.context.filter.ExcludeFilterContextCustomizer@15f193b8, org.springframework.boot.test.json.DuplicateJsonObjectContextCustomizerFactory$DuplicateJsonObjectContextCustomizer@606fc505, org.springframework.boot.test.mock.mockito.MockitoContextCustomizer@0, org.springframework.boot.test.web.client.TestRestTemplateContextCustomizer@1654a892, org.springframework.boot.test.context.SpringBootTestArgs@1, org.springframework.boot.test.context.SpringBootTestWebEnvironment@cd1e646], resourceBasePath = 'src/main/webapp', contextLoader = 'org.springframework.boot.test.context.SpringBootContextLoader', parent = [null]]]
[2022-11-30 23:04:09] DEBUG org.springframework.test.context.cache(DefaultContextCache.java:290) - Spring test ApplicationContext cache statistics: [DefaultContextCache@65528bcf size = 1, maxSize = 32, parentContextCount = 0, hitCount = 12, missCount = 1]
[2022-11-30 23:04:09] DEBUG org.springframework.test.context.support.AbstractDirtiesContextTestExecutionListener(AbstractDirtiesContextTestExecutionListener.java:143) - After test class: context [DefaultTestContext@7c045627 testClass = PostServiceTests, testInstance = [null], testMethod = [null], testException = [null], mergedContextConfiguration = [WebMergedContextConfiguration@31887330 testClass = PostServiceTests, locations = '{}', classes = '{class com.note.hyowon.blog.BlogApplication}', contextInitializerClasses = '[]', activeProfiles = '{}', propertySourceLocations = '{}', propertySourceProperties = '{org.springframework.boot.test.context.SpringBootTestContextBootstrapper=true}', contextCustomizers = set[org.springframework.boot.test.autoconfigure.actuate.metrics.MetricsExportContextCustomizerFactory$DisableMetricExportContextCustomizer@654b72c0, org.springframework.boot.test.autoconfigure.properties.PropertyMappingContextCustomizer@0, org.springframework.boot.test.autoconfigure.web.servlet.WebDriverContextCustomizerFactory$Customizer@1da6ee17, org.springframework.boot.test.context.filter.ExcludeFilterContextCustomizer@15f193b8, org.springframework.boot.test.json.DuplicateJsonObjectContextCustomizerFactory$DuplicateJsonObjectContextCustomizer@606fc505, org.springframework.boot.test.mock.mockito.MockitoContextCustomizer@0, org.springframework.boot.test.web.client.TestRestTemplateContextCustomizer@1654a892, org.springframework.boot.test.context.SpringBootTestArgs@1, org.springframework.boot.test.context.SpringBootTestWebEnvironment@cd1e646], resourceBasePath = 'src/main/webapp', contextLoader = 'org.springframework.boot.test.context.SpringBootContextLoader', parent = [null]], attributes = map['org.springframework.test.context.web.ServletTestExecutionListener.activateListener' -> true, 'org.springframework.test.context.event.ApplicationEventsTestExecutionListener.recordApplicationEvents' -> false, 'org.springframework.test.context.support.DependencyInjectionTestExecutionListener.reinjectDependencies' -> true]], class annotated with @DirtiesContext [false] with mode [null].
]]></system-out>
  <system-err><![CDATA[]]></system-err>
</testsuite>
